                      :-) GROMACS - gmx mdrun, 2024.3 (-:

Copyright 1991-2024 The GROMACS Authors.
GROMACS is free software; you can redistribute it and/or modify it
under the terms of the GNU Lesser General Public License
as published by the Free Software Foundation; either version 2.1
of the License, or (at your option) any later version.

                         Current GROMACS contributors:
       Mark Abraham           Andrey Alekseenko           Vladimir Basov      
      Cathrine Bergh            Eliane Briand               Ania Brown        
      Mahesh Doijade            Giacomo Fiorin          Stefan Fleischmann    
      Sergey Gorelov         Gilles Gouaillardet            Alan Gray         
     M. Eric Irrgang         Farzaneh Jalalypour            Joe Jordan        
     Carsten Kutzner           Justin A. Lemkul          Magnus Lundborg      
       Pascal Merz              Vedran Miletic            Dmitry Morozov      
       Julien Nabet              Szilard Pall        Andrea Pasquadibisceglie 
    Michele Pellegrino          Hubert Santuz             Roland Schulz       
     Tatiana Shugaeva          Alexey Shvetsov            Philip Turner       
     Alessandra Villa      Sebastian Wingbermuehle  

                         Previous GROMACS contributors:
        Emile Apol             Rossen Apostolov           James Barnett       
        Paul Bauer          Herman J.C. Berendsen          Par Bjelkmar       
      Christian Blau          Viacheslav Bolnykh            Kevin Boyd        
    Aldert van Buuren          Carlo Camilloni           Rudi van Drunen      
      Anton Feenstra           Oliver Fleetwood            Vytas Gapsys       
       Gaurav Garg             Gerrit Groenhof            Bert de Groot       
      Anca Hamuraru           Vincent Hindriksen          Victor Holanda      
     Aleksei Iupinov          Christoph Junghans        Prashanth Kanduri     
   Dimitrios Karkoulis           Peter Kasson             Sebastian Kehl      
     Sebastian Keller             Jiri Kraus               Per Larsson        
      Viveca Lindahl            Erik Marklund           Pieter Meulenhoff     
      Teemu Murtola              Sander Pronk             Michael Shirts      
      Alfons Sijbers            Balint Soproni         David van der Spoel    
      Peter Tieleman            Carsten Uphoff             Jon Vincent        
     Teemu Virolainen         Christian Wennberg           Maarten Wolf       
      Artem Zhmurov       

                  Coordinated by the GROMACS project leaders:
                           Berk Hess and Erik Lindahl

GROMACS:      gmx mdrun, version 2024.3
Executable:   /usr/local/gromacs/bin/gmx
Data prefix:  /usr/local/gromacs
Working dir:  /home/vagrant
Process ID:   4456
Command line:
  gmx mdrun -deffnm md_0_1

GROMACS version:     2024.3
Precision:           mixed
Memory model:        64 bit
MPI library:         thread_mpi
OpenMP support:      enabled (GMX_OPENMP_MAX_THREADS = 128)
GPU support:         disabled
SIMD instructions:   AVX2_256
CPU FFT library:     fftw-3.3.8-sse2-avx-avx2-avx2_128
GPU FFT library:     none
Multi-GPU FFT:       none
RDTSCP usage:        enabled
TNG support:         enabled
Hwloc support:       disabled
Tracing support:     disabled
C compiler:          /usr/bin/cc GNU 13.2.0
C compiler flags:    -fexcess-precision=fast -funroll-all-loops -mavx2 -mfma -Wno-missing-field-initializers -O3 -DNDEBUG
C++ compiler:        /usr/bin/c++ GNU 13.2.0
C++ compiler flags:  -fexcess-precision=fast -funroll-all-loops -mavx2 -mfma -Wno-missing-field-initializers -Wno-cast-function-type-strict SHELL:-fopenmp -O3 -DNDEBUG
BLAS library:        Internal
LAPACK library:      Internal


Running on 1 node with total 2 cores, 2 processing units
Hardware detected on host vagrant:
  CPU info:
    Vendor: Intel
    Brand:  Intel(R) Core(TM) i5-7500 CPU @ 3.40GHz
    Family: 6   Model: 158   Stepping: 9
    Features: aes apic avx avx2 clfsh cmov cx8 cx16 intel lahf mmx msr nonstop_tsc pcid pclmuldq popcnt pse rdrnd rdtscp sse2 sse3 sse4.1 sse4.2 ssse3 x2apic
  Hardware topology: Basic
    Packages, cores, and logical processors:
    [indices refer to OS logical processors]
      Package  0: [   0] [   1]
    CPU limit set by OS: -1   Recommended max number of threads: 2


++++ PLEASE READ AND CITE THE FOLLOWING REFERENCE ++++
M. J. Abraham, T. Murtola, R. Schulz, S. Páll, J. C. Smith, B. Hess, E.
Lindahl
GROMACS: High performance molecular simulations through multi-level
parallelism from laptops to supercomputers
SoftwareX 1 (2015) pp. 19-25
-------- -------- --- Thank You --- -------- --------


++++ PLEASE READ AND CITE THE FOLLOWING REFERENCE ++++
S. Páll, M. J. Abraham, C. Kutzner, B. Hess, E. Lindahl
Tackling Exascale Software Challenges in Molecular Dynamics Simulations with
GROMACS
In S. Markidis & E. Laure (Eds.), Solving Software Challenges for Exascale 8759 (2015) pp. 3-27
-------- -------- --- Thank You --- -------- --------


++++ PLEASE READ AND CITE THE FOLLOWING REFERENCE ++++
S. Pronk, S. Páll, R. Schulz, P. Larsson, P. Bjelkmar, R. Apostolov, M. R.
Shirts, J. C. Smith, P. M. Kasson, D. van der Spoel, B. Hess, and E. Lindahl
GROMACS 4.5: a high-throughput and highly parallel open source molecular
simulation toolkit
Bioinformatics 29 (2013) pp. 845-54
-------- -------- --- Thank You --- -------- --------


++++ PLEASE READ AND CITE THE FOLLOWING REFERENCE ++++
B. Hess and C. Kutzner and D. van der Spoel and E. Lindahl
GROMACS 4: Algorithms for highly efficient, load-balanced, and scalable
molecular simulation
J. Chem. Theory Comput. 4 (2008) pp. 435-447
-------- -------- --- Thank You --- -------- --------


++++ PLEASE READ AND CITE THE FOLLOWING REFERENCE ++++
D. van der Spoel, E. Lindahl, B. Hess, G. Groenhof, A. E. Mark and H. J. C.
Berendsen
GROMACS: Fast, Flexible and Free
J. Comp. Chem. 26 (2005) pp. 1701-1719
-------- -------- --- Thank You --- -------- --------


++++ PLEASE READ AND CITE THE FOLLOWING REFERENCE ++++
E. Lindahl and B. Hess and D. van der Spoel
GROMACS 3.0: A package for molecular simulation and trajectory analysis
J. Mol. Mod. 7 (2001) pp. 306-317
-------- -------- --- Thank You --- -------- --------


++++ PLEASE READ AND CITE THE FOLLOWING REFERENCE ++++
H. J. C. Berendsen, D. van der Spoel and R. van Drunen
GROMACS: A message-passing parallel molecular dynamics implementation
Comp. Phys. Comm. 91 (1995) pp. 43-56
-------- -------- --- Thank You --- -------- --------


++++ PLEASE CITE THE DOI FOR THIS VERSION OF GROMACS ++++
https://doi.org/10.5281/zenodo.13456374
-------- -------- --- Thank You --- -------- --------

Input Parameters:
   integrator                     = md
   tinit                          = 0
   dt                             = 0.002
   nsteps                         = 500000
   init-step                      = 0
   simulation-part                = 1
   mts                            = false
   mass-repartition-factor        = 1
   comm-mode                      = Linear
   nstcomm                        = 100
   bd-fric                        = 0
   ld-seed                        = -134702233
   emtol                          = 10
   emstep                         = 0.01
   niter                          = 20
   fcstep                         = 0
   nstcgsteep                     = 1000
   nbfgscorr                      = 10
   rtpi                           = 0.05
   nstxout                        = 0
   nstvout                        = 0
   nstfout                        = 0
   nstlog                         = 5000
   nstcalcenergy                  = 100
   nstenergy                      = 5000
   nstxout-compressed             = 5000
   compressed-x-precision         = 1000
   cutoff-scheme                  = Verlet
   nstlist                        = 10
   pbc                            = xyz
   periodic-molecules             = false
   verlet-buffer-tolerance        = 0.005
   verlet-buffer-pressure-tolerance = 0.5
   rlist                          = 1
   coulombtype                    = PME
   coulomb-modifier               = Potential-shift
   rcoulomb-switch                = 0
   rcoulomb                       = 1
   epsilon-r                      = 1
   epsilon-rf                     = inf
   vdw-type                       = Cut-off
   vdw-modifier                   = Potential-shift
   rvdw-switch                    = 0
   rvdw                           = 1
   DispCorr                       = EnerPres
   table-extension                = 1
   fourierspacing                 = 0.16
   fourier-nx                     = 44
   fourier-ny                     = 44
   fourier-nz                     = 44
   pme-order                      = 4
   ewald-rtol                     = 1e-05
   ewald-rtol-lj                  = 0.001
   lj-pme-comb-rule               = Geometric
   ewald-geometry                 = 3d
   epsilon-surface                = 0
   ensemble-temperature-setting   = constant
   ensemble-temperature           = 300
   tcoupl                         = V-rescale
   nsttcouple                     = 10
   nh-chain-length                = 0
   print-nose-hoover-chain-variables = false
   pcoupl                         = Parrinello-Rahman
   pcoupltype                     = Isotropic
   nstpcouple                     = 50
   tau-p                          = 2
   compressibility (3x3):
      compressibility[    0]={ 4.50000e-05,  0.00000e+00,  0.00000e+00}
      compressibility[    1]={ 0.00000e+00,  4.50000e-05,  0.00000e+00}
      compressibility[    2]={ 0.00000e+00,  0.00000e+00,  4.50000e-05}
   ref-p (3x3):
      ref-p[    0]={ 1.00000e+00,  0.00000e+00,  0.00000e+00}
      ref-p[    1]={ 0.00000e+00,  1.00000e+00,  0.00000e+00}
      ref-p[    2]={ 0.00000e+00,  0.00000e+00,  1.00000e+00}
   refcoord-scaling               = No
   posres-com (3):
      posres-com[0]= 0.00000e+00
      posres-com[1]= 0.00000e+00
      posres-com[2]= 0.00000e+00
   posres-comB (3):
      posres-comB[0]= 0.00000e+00
      posres-comB[1]= 0.00000e+00
      posres-comB[2]= 0.00000e+00
   QMMM                           = false
qm-opts:
   ngQM                           = 0
   constraint-algorithm           = Lincs
   continuation                   = true
   Shake-SOR                      = false
   shake-tol                      = 0.0001
   lincs-order                    = 4
   lincs-iter                     = 1
   lincs-warnangle                = 30
   nwall                          = 0
   wall-type                      = 9-3
   wall-r-linpot                  = -1
   wall-atomtype[0]               = -1
   wall-atomtype[1]               = -1
   wall-density[0]                = 0
   wall-density[1]                = 0
   wall-ewald-zfac                = 3
   pull                           = false
   awh                            = false
   rotation                       = false
   interactiveMD                  = false
   disre                          = No
   disre-weighting                = Conservative
   disre-mixed                    = false
   dr-fc                          = 1000
   dr-tau                         = 0
   nstdisreout                    = 100
   orire-fc                       = 0
   orire-tau                      = 0
   nstorireout                    = 100
   free-energy                    = no
   cos-acceleration               = 0
   deform (3x3):
      deform[    0]={ 0.00000e+00,  0.00000e+00,  0.00000e+00}
      deform[    1]={ 0.00000e+00,  0.00000e+00,  0.00000e+00}
      deform[    2]={ 0.00000e+00,  0.00000e+00,  0.00000e+00}
   simulated-tempering            = false
   swapcoords                     = no
   userint1                       = 0
   userint2                       = 0
   userint3                       = 0
   userint4                       = 0
   userreal1                      = 0
   userreal2                      = 0
   userreal3                      = 0
   userreal4                      = 0
   applied-forces:
     electric-field:
       x:
         E0                       = 0
         omega                    = 0
         t0                       = 0
         sigma                    = 0
       y:
         E0                       = 0
         omega                    = 0
         t0                       = 0
         sigma                    = 0
       z:
         E0                       = 0
         omega                    = 0
         t0                       = 0
         sigma                    = 0
     density-guided-simulation:
       active                     = false
       group                      = protein
       similarity-measure         = inner-product
       atom-spreading-weight      = unity
       force-constant             = 1e+09
       gaussian-transform-spreading-width = 0.2
       gaussian-transform-spreading-range-in-multiples-of-width = 4
       reference-density-filename = reference.mrc
       nst                        = 1
       normalize-densities        = true
       adaptive-force-scaling     = false
       adaptive-force-scaling-time-constant = 4
       shift-vector               = 
       transformation-matrix      = 
     qmmm-cp2k:
       active                     = false
       qmgroup                    = System
       qmmethod                   = PBE
       qmfilenames                = 
       qmcharge                   = 0
       qmmultiplicity             = 1
     colvars:
       active                     = false
       configfile                 = 
       seed                       = -1
grpopts:
   nrdf:     4920.79     63837.2
   ref-t:         300         300
   tau-t:         0.1         0.1
annealing:          No          No
annealing-npoints:           0           0
   acc:	           0           0           0
   nfreeze:           N           N           N
   energygrp-flags[  0]: 0

Changing nstlist from 10 to 50, rlist from 1 to 1.117


Initializing Domain Decomposition on 1 ranks
Dynamic load balancing: auto
Using update groups, nr 11645, average size 2.9 atoms, max. radius 0.103 nm
Minimum cell size due to atom displacement: 0.397 nm
Initial maximum distances in bonded interactions:
    two-body bonded interactions: 0.452 nm, LJ-14, atoms 1156 1405
  multi-body bonded interactions: 0.452 nm, Ryckaert-Bell., atoms 1156 1405
Minimum cell size due to bonded interactions: 0.498 nm
Using 0 separate PME ranks because: there are too few total ranks for efficient splitting
Optimizing the DD grid for 1 cells with a minimum initial size of 0.498 nm
The maximum allowed number of cells is: X 13 Y 13 Z 13
Domain decomposition grid 1 x 1 x 1, separate PME ranks 0
PME domain decomposition: 1 x 1 x 1

The initial number of communication pulses is:
The initial domain decomposition cell size is:

The maximum allowed distance for atom groups involved in interactions is:
                 non-bonded interactions           1.324 nm
(the following are initial values, they could change due to box deformation)
            two-body bonded interactions  (-rdd)   1.324 nm
          multi-body bonded interactions  (-rdd)   1.324 nm

When dynamic load balancing gets turned on, these settings will change to:
The maximum number of communication pulses is:
The minimum size for domain decomposition cells is 1.324 nm
The requested allowed shrink of DD cells (option -dds) is: 0.80
The allowed shrink of domain decomposition cells is:
The maximum allowed distance for atom groups involved in interactions is:
                 non-bonded interactions           1.324 nm
            two-body bonded interactions  (-rdd)   1.324 nm
          multi-body bonded interactions  (-rdd)   1.324 nm

Using 1 MPI thread
Using 2 OpenMP threads 

System total charge: -0.000
Will do PME sum in reciprocal space for electrostatic interactions.

++++ PLEASE READ AND CITE THE FOLLOWING REFERENCE ++++
U. Essmann, L. Perera, M. L. Berkowitz, T. Darden, H. Lee and L. G. Pedersen 
A smooth particle mesh Ewald method
J. Chem. Phys. 103 (1995) pp. 8577-8592
-------- -------- --- Thank You --- -------- --------

Using a Gaussian width (1/beta) of 0.320163 nm for Ewald
Potential shift: LJ r^-12: -1.000e+00 r^-6: -1.000e+00, Ewald -1.000e-05
Initialized non-bonded Coulomb Ewald tables, spacing: 9.33e-04 size: 1073

Generated table with 1058 data points for 1-4 COUL.
Tabscale = 500 points/nm
Generated table with 1058 data points for 1-4 LJ6.
Tabscale = 500 points/nm
Generated table with 1058 data points for 1-4 LJ12.
Tabscale = 500 points/nm
Long Range LJ corr.: <C6> 3.1923e-04


Using SIMD4xM 4x8 nonbonded short-range kernels

Using a dual 4x8 pair-list setup updated with dynamic pruning:
  outer list: updated every 50 steps, buffer 0.117 nm, rlist 1.117 nm
  inner list: updated every 10 steps, buffer 0.000 nm, rlist 1.000 nm
At tolerance 0.005 kJ/mol/ps per atom, equivalent classical 1x1 list would be:
  outer list: updated every 50 steps, buffer 0.246 nm, rlist 1.246 nm
  inner list: updated every 10 steps, buffer 0.035 nm, rlist 1.035 nm

The average pressure is off by at most 0.44 bar due to missing LJ interactions

Using Geometric Lennard-Jones combination rule

Linking all bonded interactions to atoms


Pinning threads with an auto-selected logical cpu stride of 1

Initializing LINear Constraint Solver

++++ PLEASE READ AND CITE THE FOLLOWING REFERENCE ++++
B. Hess and H. Bekker and H. J. C. Berendsen and J. G. E. M. Fraaije
LINCS: A Linear Constraint Solver for molecular simulations
J. Comp. Chem. 18 (1997) pp. 1463-1472
-------- -------- --- Thank You --- -------- --------

The number of constraints is 959

++++ PLEASE READ AND CITE THE FOLLOWING REFERENCE ++++
S. Miyamoto and P. A. Kollman
SETTLE: An Analytical Version of the SHAKE and RATTLE Algorithms for Rigid
Water Models
J. Comp. Chem. 13 (1992) pp. 952-962
-------- -------- --- Thank You --- -------- --------


++++ PLEASE READ AND CITE THE FOLLOWING REFERENCE ++++
G. Bussi, D. Donadio and M. Parrinello
Canonical sampling through velocity rescaling
J. Chem. Phys. 126 (2007) pp. 014101
-------- -------- --- Thank You --- -------- --------

There are: 33876 Atoms
Atom distribution over 1 domains: av 33876 stddev 0 min 33876 max 33876
Center of mass motion removal mode is Linear
We have the following groups for center of mass motion removal:
  0:  rest

Started mdrun on rank 0 Thu Oct  3 15:22:51 2024

           Step           Time
              0        0.00000

   Energies (kJ/mol)
           Bond          Angle    Proper Dih. Ryckaert-Bell.          LJ-14
    1.32075e+03    3.67794e+03    2.61436e+02    1.86066e+03    2.76301e+03
     Coulomb-14        LJ (SR)  Disper. corr.   Coulomb (SR)   Coul. recip.
    7.77425e+03    9.38642e+04   -4.55330e+03   -6.35358e+05    2.93411e+03
      Potential    Kinetic En.   Total Energy  Conserved En.    Temperature
   -5.25455e+05    8.58459e+04   -4.39609e+05   -4.39589e+05    3.00325e+02
 Pres. DC (bar) Pressure (bar)   Constr. rmsd
   -2.24881e+02    2.00398e+02    2.81289e-06

           Step           Time
           5000       10.00000

   Energies (kJ/mol)
           Bond          Angle    Proper Dih. Ryckaert-Bell.          LJ-14
    1.57858e+03    3.66530e+03    2.56508e+02    1.86371e+03    2.59685e+03
     Coulomb-14        LJ (SR)  Disper. corr.   Coulomb (SR)   Coul. recip.
    7.65553e+03    9.39890e+04   -4.57080e+03   -6.35246e+05    2.98625e+03
      Potential    Kinetic En.   Total Energy  Conserved En.    Temperature
   -5.25225e+05    8.62951e+04   -4.38930e+05   -4.39335e+05    3.01897e+02
 Pres. DC (bar) Pressure (bar)   Constr. rmsd
   -2.26612e+02    6.20017e+01    3.34056e-06

           Step           Time
          10000       20.00000

   Energies (kJ/mol)
           Bond          Angle    Proper Dih. Ryckaert-Bell.          LJ-14
    1.38011e+03    3.80722e+03    2.62643e+02    1.80163e+03    2.62820e+03
     Coulomb-14        LJ (SR)  Disper. corr.   Coulomb (SR)   Coul. recip.
    7.74401e+03    9.31285e+04   -4.54933e+03   -6.34116e+05    2.92942e+03
      Potential    Kinetic En.   Total Energy  Conserved En.    Temperature
   -5.24983e+05    8.57258e+04   -4.39258e+05   -4.39142e+05    2.99905e+02
 Pres. DC (bar) Pressure (bar)   Constr. rmsd
   -2.24490e+02   -1.82214e+02    2.92296e-06

           Step           Time
          15000       30.00000

   Energies (kJ/mol)
           Bond          Angle    Proper Dih. Ryckaert-Bell.          LJ-14
    1.47485e+03    3.68452e+03    2.44829e+02    1.81439e+03    2.66460e+03
     Coulomb-14        LJ (SR)  Disper. corr.   Coulomb (SR)   Coul. recip.
    7.74769e+03    9.21642e+04   -4.53095e+03   -6.32170e+05    2.87392e+03
      Potential    Kinetic En.   Total Energy  Conserved En.    Temperature
   -5.24032e+05    8.56310e+04   -4.38401e+05   -4.38690e+05    2.99574e+02
 Pres. DC (bar) Pressure (bar)   Constr. rmsd
   -2.22682e+02   -3.27295e+02    2.76348e-06

           Step           Time
          20000       40.00000

   Energies (kJ/mol)
           Bond          Angle    Proper Dih. Ryckaert-Bell.          LJ-14
    1.52100e+03    3.65646e+03    2.54830e+02    1.77332e+03    2.66700e+03
     Coulomb-14        LJ (SR)  Disper. corr.   Coulomb (SR)   Coul. recip.
    7.81212e+03    9.19711e+04   -4.54427e+03   -6.32909e+05    2.95338e+03
      Potential    Kinetic En.   Total Energy  Conserved En.    Temperature
   -5.24844e+05    8.55428e+04   -4.39301e+05   -4.38585e+05    2.99265e+02
 Pres. DC (bar) Pressure (bar)   Constr. rmsd
   -2.23991e+02   -3.80203e+02    3.00262e-06

           Step           Time
          25000       50.00000

   Energies (kJ/mol)
           Bond          Angle    Proper Dih. Ryckaert-Bell.          LJ-14
    1.49138e+03    3.64037e+03    2.66620e+02    1.78674e+03    2.68008e+03
     Coulomb-14        LJ (SR)  Disper. corr.   Coulomb (SR)   Coul. recip.
    7.70035e+03    9.63669e+04   -4.58001e+03   -6.37307e+05    2.90489e+03
      Potential    Kinetic En.   Total Energy  Conserved En.    Temperature
   -5.25050e+05    8.62992e+04   -4.38751e+05   -4.38242e+05    3.01911e+02
 Pres. DC (bar) Pressure (bar)   Constr. rmsd
   -2.27524e+02    5.56837e+02    3.03179e-06

           Step           Time
          30000       60.00000

   Energies (kJ/mol)
           Bond          Angle    Proper Dih. Ryckaert-Bell.          LJ-14
    1.42898e+03    3.74654e+03    2.47043e+02    1.76254e+03    2.60625e+03
     Coulomb-14        LJ (SR)  Disper. corr.   Coulomb (SR)   Coul. recip.
    7.73371e+03    9.18231e+04   -4.55201e+03   -6.32053e+05    3.04099e+03
      Potential    Kinetic En.   Total Energy  Conserved En.    Temperature
   -5.24216e+05    8.54167e+04   -4.38799e+05   -4.38039e+05    2.98824e+02
 Pres. DC (bar) Pressure (bar)   Constr. rmsd
   -2.24754e+02   -2.76061e+02    2.91869e-06

           Step           Time
          35000       70.00000

   Energies (kJ/mol)
           Bond          Angle    Proper Dih. Ryckaert-Bell.          LJ-14
    1.51552e+03    3.81318e+03    2.54731e+02    1.84068e+03    2.68305e+03
     Coulomb-14        LJ (SR)  Disper. corr.   Coulomb (SR)   Coul. recip.
    7.90904e+03    9.49659e+04   -4.57031e+03   -6.35778e+05    2.90850e+03
      Potential    Kinetic En.   Total Energy  Conserved En.    Temperature
   -5.24457e+05    8.58397e+04   -4.38618e+05   -4.37771e+05    3.00304e+02
 Pres. DC (bar) Pressure (bar)   Constr. rmsd
   -2.26563e+02    2.58652e+02    2.74716e-06

           Step           Time
          40000       80.00000

   Energies (kJ/mol)
           Bond          Angle    Proper Dih. Ryckaert-Bell.          LJ-14
    1.47767e+03    3.79925e+03    2.51191e+02    1.84242e+03    2.68159e+03
     Coulomb-14        LJ (SR)  Disper. corr.   Coulomb (SR)   Coul. recip.
    7.84052e+03    9.28939e+04   -4.56688e+03   -6.33959e+05    2.85382e+03
      Potential    Kinetic En.   Total Energy  Conserved En.    Temperature
   -5.24885e+05    8.54163e+04   -4.39469e+05   -4.37447e+05    2.98823e+02
 Pres. DC (bar) Pressure (bar)   Constr. rmsd
   -2.26224e+02   -4.62718e+01    2.77454e-06

           Step           Time
          45000       90.00000

   Energies (kJ/mol)
           Bond          Angle    Proper Dih. Ryckaert-Bell.          LJ-14
    1.47591e+03    3.83822e+03    2.28525e+02    1.75451e+03    2.68684e+03
     Coulomb-14        LJ (SR)  Disper. corr.   Coulomb (SR)   Coul. recip.
    7.79637e+03    9.46826e+04   -4.57947e+03   -6.35159e+05    2.94213e+03
      Potential    Kinetic En.   Total Energy  Conserved En.    Temperature
   -5.24333e+05    8.62140e+04   -4.38119e+05   -4.36673e+05    3.01613e+02
 Pres. DC (bar) Pressure (bar)   Constr. rmsd
   -2.27471e+02    2.14951e+02    3.07624e-06

           Step           Time
          50000      100.00000

   Energies (kJ/mol)
           Bond          Angle    Proper Dih. Ryckaert-Bell.          LJ-14
    1.50692e+03    3.74400e+03    2.52197e+02    1.79137e+03    2.59617e+03
     Coulomb-14        LJ (SR)  Disper. corr.   Coulomb (SR)   Coul. recip.
    7.79542e+03    9.40552e+04   -4.53765e+03   -6.35022e+05    2.90567e+03
      Potential    Kinetic En.   Total Energy  Conserved En.    Temperature
   -5.24912e+05    8.56832e+04   -4.39229e+05   -4.36502e+05    2.99756e+02
 Pres. DC (bar) Pressure (bar)   Constr. rmsd
   -2.23340e+02   -6.80717e+01    3.39405e-06

           Step           Time
          55000      110.00000

   Energies (kJ/mol)
           Bond          Angle    Proper Dih. Ryckaert-Bell.          LJ-14
    1.52506e+03    3.77024e+03    2.38447e+02    1.80419e+03    2.61874e+03
     Coulomb-14        LJ (SR)  Disper. corr.   Coulomb (SR)   Coul. recip.
    7.78529e+03    9.40713e+04   -4.55498e+03   -6.34795e+05    3.01139e+03
      Potential    Kinetic En.   Total Energy  Conserved En.    Temperature
   -5.24525e+05    8.60833e+04   -4.38442e+05   -4.36001e+05    3.01156e+02
 Pres. DC (bar) Pressure (bar)   Constr. rmsd
   -2.25047e+02   -1.50678e+02    2.82337e-06

           Step           Time
          60000      120.00000

   Energies (kJ/mol)
           Bond          Angle    Proper Dih. Ryckaert-Bell.          LJ-14
    1.43205e+03    3.75976e+03    2.83721e+02    1.87879e+03    2.74813e+03
     Coulomb-14        LJ (SR)  Disper. corr.   Coulomb (SR)   Coul. recip.
    7.82033e+03    9.30356e+04   -4.53862e+03   -6.33901e+05    3.04093e+03
      Potential    Kinetic En.   Total Energy  Conserved En.    Temperature
   -5.24440e+05    8.66551e+04   -4.37785e+05   -4.35596e+05    3.03156e+02
 Pres. DC (bar) Pressure (bar)   Constr. rmsd
   -2.23436e+02   -3.48094e+01    3.12744e-06

           Step           Time
          65000      130.00000

   Energies (kJ/mol)
           Bond          Angle    Proper Dih. Ryckaert-Bell.          LJ-14
    1.34121e+03    3.77417e+03    2.77197e+02    1.88566e+03    2.76593e+03
     Coulomb-14        LJ (SR)  Disper. corr.   Coulomb (SR)   Coul. recip.
    7.85321e+03    9.49103e+04   -4.58441e+03   -6.35931e+05    2.95026e+03
      Potential    Kinetic En.   Total Energy  Conserved En.    Temperature
   -5.24758e+05    8.57532e+04   -4.39005e+05   -4.35352e+05    3.00001e+02
 Pres. DC (bar) Pressure (bar)   Constr. rmsd
   -2.27961e+02    4.23088e+02    3.04094e-06

Writing checkpoint, step 65200 at Thu Oct  3 15:37:52 2024


           Step           Time
          70000      140.00000

   Energies (kJ/mol)
           Bond          Angle    Proper Dih. Ryckaert-Bell.          LJ-14
    1.47220e+03    3.98865e+03    2.32354e+02    1.81199e+03    2.62197e+03
     Coulomb-14        LJ (SR)  Disper. corr.   Coulomb (SR)   Coul. recip.
    7.78772e+03    9.33288e+04   -4.54386e+03   -6.34045e+05    2.92959e+03
      Potential    Kinetic En.   Total Energy  Conserved En.    Temperature
   -5.24415e+05    8.54415e+04   -4.38974e+05   -4.35004e+05    2.98911e+02
 Pres. DC (bar) Pressure (bar)   Constr. rmsd
   -2.23951e+02   -1.15005e+02    2.54124e-06

           Step           Time
          75000      150.00000

   Energies (kJ/mol)
           Bond          Angle    Proper Dih. Ryckaert-Bell.          LJ-14
    1.50118e+03    3.74411e+03    2.36277e+02    1.83884e+03    2.59824e+03
     Coulomb-14        LJ (SR)  Disper. corr.   Coulomb (SR)   Coul. recip.
    7.68889e+03    9.49089e+04   -4.58790e+03   -6.36178e+05    2.89858e+03
      Potential    Kinetic En.   Total Energy  Conserved En.    Temperature
   -5.25351e+05    8.60266e+04   -4.39324e+05   -4.34635e+05    3.00958e+02
 Pres. DC (bar) Pressure (bar)   Constr. rmsd
   -2.28308e+02    2.83357e+02    3.10515e-06

           Step           Time
          80000      160.00000

   Energies (kJ/mol)
           Bond          Angle    Proper Dih. Ryckaert-Bell.          LJ-14
    1.47708e+03    3.85556e+03    2.32646e+02    1.80876e+03    2.72719e+03
     Coulomb-14        LJ (SR)  Disper. corr.   Coulomb (SR)   Coul. recip.
    7.91665e+03    9.17450e+04   -4.52965e+03   -6.32649e+05    2.97926e+03
      Potential    Kinetic En.   Total Energy  Conserved En.    Temperature
   -5.24436e+05    8.56388e+04   -4.38798e+05   -4.34075e+05    2.99601e+02
 Pres. DC (bar) Pressure (bar)   Constr. rmsd
   -2.22555e+02   -3.76031e+02    3.20112e-06

           Step           Time
          85000      170.00000

   Energies (kJ/mol)
           Bond          Angle    Proper Dih. Ryckaert-Bell.          LJ-14
    1.52697e+03    3.79623e+03    2.42379e+02    1.82124e+03    2.70214e+03
     Coulomb-14        LJ (SR)  Disper. corr.   Coulomb (SR)   Coul. recip.
    7.79766e+03    9.10893e+04   -4.53689e+03   -6.30564e+05    2.88564e+03
      Potential    Kinetic En.   Total Energy  Conserved En.    Temperature
   -5.23240e+05    8.58002e+04   -4.37440e+05   -4.33550e+05    3.00166e+02
 Pres. DC (bar) Pressure (bar)   Constr. rmsd
   -2.23265e+02   -3.72849e+02    2.71736e-06

           Step           Time
          90000      180.00000

   Energies (kJ/mol)
           Bond          Angle    Proper Dih. Ryckaert-Bell.          LJ-14
    1.55490e+03    3.91988e+03    2.24297e+02    1.76349e+03    2.58063e+03
     Coulomb-14        LJ (SR)  Disper. corr.   Coulomb (SR)   Coul. recip.
    7.72447e+03    9.36391e+04   -4.54470e+03   -6.34028e+05    2.94379e+03
      Potential    Kinetic En.   Total Energy  Conserved En.    Temperature
   -5.24222e+05    8.68380e+04   -4.37384e+05   -4.33337e+05    3.03796e+02
 Pres. DC (bar) Pressure (bar)   Constr. rmsd
   -2.24034e+02   -3.35267e+01    3.00222e-06

           Step           Time
          95000      190.00000

   Energies (kJ/mol)
           Bond          Angle    Proper Dih. Ryckaert-Bell.          LJ-14
    1.33267e+03    3.79884e+03    2.56026e+02    1.77651e+03    2.60303e+03
     Coulomb-14        LJ (SR)  Disper. corr.   Coulomb (SR)   Coul. recip.
    7.78108e+03    9.27731e+04   -4.59361e+03   -6.35018e+05    2.97151e+03
      Potential    Kinetic En.   Total Energy  Conserved En.    Temperature
   -5.26318e+05    8.60506e+04   -4.40268e+05   -4.33049e+05    3.01042e+02
 Pres. DC (bar) Pressure (bar)   Constr. rmsd
   -2.28877e+02   -9.79231e+01    2.72158e-06

           Step           Time
         100000      200.00000

   Energies (kJ/mol)
           Bond          Angle    Proper Dih. Ryckaert-Bell.          LJ-14
    1.50920e+03    3.81891e+03    2.80302e+02    1.86219e+03    2.61551e+03
     Coulomb-14        LJ (SR)  Disper. corr.   Coulomb (SR)   Coul. recip.
    7.87776e+03    9.23120e+04   -4.55055e+03   -6.32581e+05    2.89931e+03
      Potential    Kinetic En.   Total Energy  Conserved En.    Temperature
   -5.23956e+05    8.62381e+04   -4.37718e+05   -4.32810e+05    3.01698e+02
 Pres. DC (bar) Pressure (bar)   Constr. rmsd
   -2.24610e+02   -2.86397e+02    2.64725e-06

           Step           Time
         105000      210.00000

   Energies (kJ/mol)
           Bond          Angle    Proper Dih. Ryckaert-Bell.          LJ-14
    1.43813e+03    3.88005e+03    2.23034e+02    1.76040e+03    2.68642e+03
     Coulomb-14        LJ (SR)  Disper. corr.   Coulomb (SR)   Coul. recip.
    7.75635e+03    9.39299e+04   -4.57899e+03   -6.33595e+05    3.02439e+03
      Potential    Kinetic En.   Total Energy  Conserved En.    Temperature
   -5.23475e+05    8.60915e+04   -4.37384e+05   -4.32614e+05    3.01185e+02
 Pres. DC (bar) Pressure (bar)   Constr. rmsd
   -2.27423e+02    2.91977e+02    3.22566e-06

           Step           Time
         110000      220.00000

   Energies (kJ/mol)
           Bond          Angle    Proper Dih. Ryckaert-Bell.          LJ-14
    1.44714e+03    3.99536e+03    2.27595e+02    1.87432e+03    2.57365e+03
     Coulomb-14        LJ (SR)  Disper. corr.   Coulomb (SR)   Coul. recip.
    7.87012e+03    9.36932e+04   -4.59353e+03   -6.35298e+05    2.89521e+03
      Potential    Kinetic En.   Total Energy  Conserved En.    Temperature
   -5.25315e+05    8.58136e+04   -4.39501e+05   -4.32454e+05    3.00212e+02
 Pres. DC (bar) Pressure (bar)   Constr. rmsd
   -2.28868e+02    3.43554e+01    2.74461e-06

           Step           Time
         115000      230.00000

   Energies (kJ/mol)
           Bond          Angle    Proper Dih. Ryckaert-Bell.          LJ-14
    1.45527e+03    3.88503e+03    2.59583e+02    1.73466e+03    2.70511e+03
     Coulomb-14        LJ (SR)  Disper. corr.   Coulomb (SR)   Coul. recip.
    7.81858e+03    9.08555e+04   -4.55106e+03   -6.30705e+05    2.97958e+03
      Potential    Kinetic En.   Total Energy  Conserved En.    Temperature
   -5.23563e+05    8.55039e+04   -4.38059e+05   -4.32013e+05    2.99129e+02
 Pres. DC (bar) Pressure (bar)   Constr. rmsd
   -2.24661e+02   -4.59738e+02    2.70720e-06

           Step           Time
         120000      240.00000

   Energies (kJ/mol)
           Bond          Angle    Proper Dih. Ryckaert-Bell.          LJ-14
    1.49884e+03    3.48417e+03    2.68187e+02    1.78461e+03    2.67506e+03
     Coulomb-14        LJ (SR)  Disper. corr.   Coulomb (SR)   Coul. recip.
    7.77980e+03    9.33798e+04   -4.57303e+03   -6.34688e+05    2.87712e+03
      Potential    Kinetic En.   Total Energy  Conserved En.    Temperature
   -5.25514e+05    8.55227e+04   -4.39991e+05   -4.30852e+05    2.99195e+02
 Pres. DC (bar) Pressure (bar)   Constr. rmsd
   -2.26833e+02   -1.25712e+01    2.67928e-06

           Step           Time
         125000      250.00000

   Energies (kJ/mol)
           Bond          Angle    Proper Dih. Ryckaert-Bell.          LJ-14
    1.47721e+03    3.87339e+03    2.79098e+02    1.75530e+03    2.61721e+03
     Coulomb-14        LJ (SR)  Disper. corr.   Coulomb (SR)   Coul. recip.
    7.72541e+03    9.37052e+04   -4.55272e+03   -6.35241e+05    2.91721e+03
      Potential    Kinetic En.   Total Energy  Conserved En.    Temperature
   -5.25443e+05    8.52445e+04   -4.40199e+05   -4.30704e+05    2.98222e+02
 Pres. DC (bar) Pressure (bar)   Constr. rmsd
   -2.24824e+02   -2.05176e+02    2.90758e-06

           Step           Time
         130000      260.00000

   Energies (kJ/mol)
           Bond          Angle    Proper Dih. Ryckaert-Bell.          LJ-14
    1.42144e+03    3.68067e+03    2.52422e+02    1.81833e+03    2.69377e+03
     Coulomb-14        LJ (SR)  Disper. corr.   Coulomb (SR)   Coul. recip.
    7.87765e+03    9.14117e+04   -4.54605e+03   -6.31901e+05    2.97624e+03
      Potential    Kinetic En.   Total Energy  Conserved En.    Temperature
   -5.24314e+05    8.56833e+04   -4.38631e+05   -4.30294e+05    2.99757e+02
 Pres. DC (bar) Pressure (bar)   Constr. rmsd
   -2.24167e+02   -3.15814e+02    2.92819e-06

Writing checkpoint, step 133050 at Thu Oct  3 15:52:52 2024


           Step           Time
         135000      270.00000

   Energies (kJ/mol)
           Bond          Angle    Proper Dih. Ryckaert-Bell.          LJ-14
    1.44108e+03    3.73823e+03    2.67424e+02    1.83782e+03    2.61982e+03
     Coulomb-14        LJ (SR)  Disper. corr.   Coulomb (SR)   Coul. recip.
    7.85985e+03    9.18169e+04   -4.51025e+03   -6.31254e+05    2.95630e+03
      Potential    Kinetic En.   Total Energy  Conserved En.    Temperature
   -5.23227e+05    8.55275e+04   -4.37699e+05   -4.29996e+05    2.99212e+02
 Pres. DC (bar) Pressure (bar)   Constr. rmsd
   -2.20654e+02   -4.07871e+02    3.22847e-06

           Step           Time
         140000      280.00000

   Energies (kJ/mol)
           Bond          Angle    Proper Dih. Ryckaert-Bell.          LJ-14
    1.43299e+03    3.91325e+03    2.47749e+02    1.88499e+03    2.69974e+03
     Coulomb-14        LJ (SR)  Disper. corr.   Coulomb (SR)   Coul. recip.
    7.87007e+03    9.48599e+04   -4.56042e+03   -6.35298e+05    2.97869e+03
      Potential    Kinetic En.   Total Energy  Conserved En.    Temperature
   -5.23971e+05    8.66790e+04   -4.37292e+05   -4.29715e+05    3.03240e+02
 Pres. DC (bar) Pressure (bar)   Constr. rmsd
   -2.25585e+02    3.17981e+02    2.85749e-06

           Step           Time
         145000      290.00000

   Energies (kJ/mol)
           Bond          Angle    Proper Dih. Ryckaert-Bell.          LJ-14
    1.54728e+03    3.71336e+03    2.28265e+02    1.76048e+03    2.73329e+03
     Coulomb-14        LJ (SR)  Disper. corr.   Coulomb (SR)   Coul. recip.
    7.84284e+03    9.29703e+04   -4.55552e+03   -6.34058e+05    2.94796e+03
      Potential    Kinetic En.   Total Energy  Conserved En.    Temperature
   -5.24870e+05    8.63148e+04   -4.38555e+05   -4.29448e+05    3.01966e+02
 Pres. DC (bar) Pressure (bar)   Constr. rmsd
   -2.25101e+02   -1.43366e+02    2.86567e-06

           Step           Time
         150000      300.00000

   Energies (kJ/mol)
           Bond          Angle    Proper Dih. Ryckaert-Bell.          LJ-14
    1.60742e+03    3.67670e+03    2.54516e+02    1.80870e+03    2.64202e+03
     Coulomb-14        LJ (SR)  Disper. corr.   Coulomb (SR)   Coul. recip.
    7.80815e+03    9.35481e+04   -4.55567e+03   -6.34538e+05    3.02870e+03
      Potential    Kinetic En.   Total Energy  Conserved En.    Temperature
   -5.24719e+05    8.55917e+04   -4.39128e+05   -4.28975e+05    2.99436e+02
 Pres. DC (bar) Pressure (bar)   Constr. rmsd
   -2.25115e+02   -7.77205e+01    2.98873e-06

           Step           Time
         155000      310.00000

   Energies (kJ/mol)
           Bond          Angle    Proper Dih. Ryckaert-Bell.          LJ-14
    1.39427e+03    3.84863e+03    2.40971e+02    1.83394e+03    2.66577e+03
     Coulomb-14        LJ (SR)  Disper. corr.   Coulomb (SR)   Coul. recip.
    7.95750e+03    9.25852e+04   -4.54506e+03   -6.34095e+05    2.95320e+03
      Potential    Kinetic En.   Total Energy  Conserved En.    Temperature
   -5.25161e+05    8.53271e+04   -4.39834e+05   -4.28805e+05    2.98511e+02
 Pres. DC (bar) Pressure (bar)   Constr. rmsd
   -2.24069e+02   -2.12467e+02    2.59230e-06

           Step           Time
         160000      320.00000

   Energies (kJ/mol)
           Bond          Angle    Proper Dih. Ryckaert-Bell.          LJ-14
    1.50148e+03    3.79549e+03    2.32024e+02    1.91841e+03    2.65664e+03
     Coulomb-14        LJ (SR)  Disper. corr.   Coulomb (SR)   Coul. recip.
    7.91211e+03    9.29039e+04   -4.51978e+03   -6.32941e+05    3.02926e+03
      Potential    Kinetic En.   Total Energy  Conserved En.    Temperature
   -5.23511e+05    8.61729e+04   -4.37338e+05   -4.28566e+05    3.01469e+02
 Pres. DC (bar) Pressure (bar)   Constr. rmsd
   -2.21587e+02   -1.75157e+02    3.03883e-06

           Step           Time
         165000      330.00000

   Energies (kJ/mol)
           Bond          Angle    Proper Dih. Ryckaert-Bell.          LJ-14
    1.51195e+03    3.76893e+03    2.37708e+02    1.81438e+03    2.61863e+03
     Coulomb-14        LJ (SR)  Disper. corr.   Coulomb (SR)   Coul. recip.
    7.81618e+03    9.29804e+04   -4.56904e+03   -6.34461e+05    2.86893e+03
      Potential    Kinetic En.   Total Energy  Conserved En.    Temperature
   -5.25413e+05    8.55878e+04   -4.39825e+05   -4.28283e+05    2.99423e+02
 Pres. DC (bar) Pressure (bar)   Constr. rmsd
   -2.26437e+02   -7.42709e+01    2.51439e-06

           Step           Time
         170000      340.00000

   Energies (kJ/mol)
           Bond          Angle    Proper Dih. Ryckaert-Bell.          LJ-14
    1.58082e+03    3.70745e+03    2.85926e+02    1.91375e+03    2.67367e+03
     Coulomb-14        LJ (SR)  Disper. corr.   Coulomb (SR)   Coul. recip.
    7.92849e+03    9.43759e+04   -4.56270e+03   -6.35800e+05    2.89215e+03
      Potential    Kinetic En.   Total Energy  Conserved En.    Temperature
   -5.25004e+05    8.57571e+04   -4.39247e+05   -4.27747e+05    3.00015e+02
 Pres. DC (bar) Pressure (bar)   Constr. rmsd
   -2.25810e+02    6.33219e+01    2.80777e-06

           Step           Time
         175000      350.00000

   Energies (kJ/mol)
           Bond          Angle    Proper Dih. Ryckaert-Bell.          LJ-14
    1.47408e+03    3.70838e+03    2.34419e+02    1.79485e+03    2.68210e+03
     Coulomb-14        LJ (SR)  Disper. corr.   Coulomb (SR)   Coul. recip.
    7.97239e+03    9.40746e+04   -4.52820e+03   -6.35648e+05    3.01534e+03
      Potential    Kinetic En.   Total Energy  Conserved En.    Temperature
   -5.25220e+05    8.58097e+04   -4.39411e+05   -4.27488e+05    3.00199e+02
 Pres. DC (bar) Pressure (bar)   Constr. rmsd
   -2.22412e+02   -8.30066e+00    2.94856e-06

           Step           Time
         180000      360.00000

   Energies (kJ/mol)
           Bond          Angle    Proper Dih. Ryckaert-Bell.          LJ-14
    1.46778e+03    3.71867e+03    2.83407e+02    1.76271e+03    2.65010e+03
     Coulomb-14        LJ (SR)  Disper. corr.   Coulomb (SR)   Coul. recip.
    7.84966e+03    9.33437e+04   -4.58193e+03   -6.35341e+05    2.90097e+03
      Potential    Kinetic En.   Total Energy  Conserved En.    Temperature
   -5.25946e+05    8.69983e+04   -4.38948e+05   -4.27217e+05    3.04357e+02
 Pres. DC (bar) Pressure (bar)   Constr. rmsd
   -2.27715e+02    3.43082e+01    3.06139e-06

           Step           Time
         185000      370.00000

   Energies (kJ/mol)
           Bond          Angle    Proper Dih. Ryckaert-Bell.          LJ-14
    1.47451e+03    3.79471e+03    2.10769e+02    1.61275e+03    2.64160e+03
     Coulomb-14        LJ (SR)  Disper. corr.   Coulomb (SR)   Coul. recip.
    7.76754e+03    9.43763e+04   -4.53733e+03   -6.35765e+05    2.93081e+03
      Potential    Kinetic En.   Total Energy  Conserved En.    Temperature
   -5.25493e+05    8.59390e+04   -4.39554e+05   -4.26604e+05    3.00651e+02
 Pres. DC (bar) Pressure (bar)   Constr. rmsd
   -2.23309e+02   -2.44660e+01    2.78480e-06

           Step           Time
         190000      380.00000

   Energies (kJ/mol)
           Bond          Angle    Proper Dih. Ryckaert-Bell.          LJ-14
    1.41075e+03    3.81129e+03    2.24204e+02    1.68897e+03    2.71853e+03
     Coulomb-14        LJ (SR)  Disper. corr.   Coulomb (SR)   Coul. recip.
    7.88584e+03    9.35887e+04   -4.53896e+03   -6.34400e+05    3.01841e+03
      Potential    Kinetic En.   Total Energy  Conserved En.    Temperature
   -5.24592e+05    8.54223e+04   -4.39170e+05   -4.26430e+05    2.98843e+02
 Pres. DC (bar) Pressure (bar)   Constr. rmsd
   -2.23469e+02   -1.54412e+01    2.89613e-06

           Step           Time
         195000      390.00000

   Energies (kJ/mol)
           Bond          Angle    Proper Dih. Ryckaert-Bell.          LJ-14
    1.60833e+03    3.78773e+03    2.32016e+02    1.74785e+03    2.66089e+03
     Coulomb-14        LJ (SR)  Disper. corr.   Coulomb (SR)   Coul. recip.
    7.90373e+03    9.34332e+04   -4.59411e+03   -6.34448e+05    2.88202e+03
      Potential    Kinetic En.   Total Energy  Conserved En.    Temperature
   -5.24786e+05    8.61857e+04   -4.38600e+05   -4.26185e+05    3.01514e+02
 Pres. DC (bar) Pressure (bar)   Constr. rmsd
   -2.28925e+02   -1.21349e+02    3.25193e-06

Writing checkpoint, step 199600 at Thu Oct  3 16:07:52 2024


           Step           Time
         200000      400.00000

   Energies (kJ/mol)
           Bond          Angle    Proper Dih. Ryckaert-Bell.          LJ-14
    1.41546e+03    3.83788e+03    2.46934e+02    1.77857e+03    2.69397e+03
     Coulomb-14        LJ (SR)  Disper. corr.   Coulomb (SR)   Coul. recip.
    7.92504e+03    9.46785e+04   -4.55868e+03   -6.35970e+05    2.92072e+03
      Potential    Kinetic En.   Total Energy  Conserved En.    Temperature
   -5.25032e+05    8.69054e+04   -4.38126e+05   -4.26007e+05    3.04032e+02
 Pres. DC (bar) Pressure (bar)   Constr. rmsd
   -2.25412e+02    2.14880e+02    3.02776e-06

           Step           Time
         205000      410.00000

   Energies (kJ/mol)
           Bond          Angle    Proper Dih. Ryckaert-Bell.          LJ-14
    1.50895e+03    3.71028e+03    2.65559e+02    1.76873e+03    2.61205e+03
     Coulomb-14        LJ (SR)  Disper. corr.   Coulomb (SR)   Coul. recip.
    7.76144e+03    9.34925e+04   -4.54695e+03   -6.34996e+05    3.01924e+03
      Potential    Kinetic En.   Total Energy  Conserved En.    Temperature
   -5.25404e+05    8.58352e+04   -4.39569e+05   -4.25401e+05    3.00288e+02
 Pres. DC (bar) Pressure (bar)   Constr. rmsd
   -2.24255e+02   -1.27580e+02    2.94011e-06

           Step           Time
         210000      420.00000

   Energies (kJ/mol)
           Bond          Angle    Proper Dih. Ryckaert-Bell.          LJ-14
    1.50401e+03    3.82561e+03    3.09127e+02    1.79161e+03    2.77522e+03
     Coulomb-14        LJ (SR)  Disper. corr.   Coulomb (SR)   Coul. recip.
    7.89731e+03    9.39232e+04   -4.54898e+03   -6.35612e+05    2.93810e+03
      Potential    Kinetic En.   Total Energy  Conserved En.    Temperature
   -5.25197e+05    8.59544e+04   -4.39242e+05   -4.24843e+05    3.00705e+02
 Pres. DC (bar) Pressure (bar)   Constr. rmsd
   -2.24455e+02    5.59910e+01    3.04064e-06

           Step           Time
         215000      430.00000

   Energies (kJ/mol)
           Bond          Angle    Proper Dih. Ryckaert-Bell.          LJ-14
    1.43154e+03    3.75727e+03    2.42942e+02    1.79429e+03    2.65109e+03
     Coulomb-14        LJ (SR)  Disper. corr.   Coulomb (SR)   Coul. recip.
    7.87732e+03    9.40693e+04   -4.55291e+03   -6.34838e+05    2.96372e+03
      Potential    Kinetic En.   Total Energy  Conserved En.    Temperature
   -5.24603e+05    8.54078e+04   -4.39195e+05   -4.24568e+05    2.98793e+02
 Pres. DC (bar) Pressure (bar)   Constr. rmsd
   -2.24843e+02    7.77399e+01    2.74265e-06

           Step           Time
         220000      440.00000

   Energies (kJ/mol)
           Bond          Angle    Proper Dih. Ryckaert-Bell.          LJ-14
    1.34154e+03    3.73062e+03    1.91489e+02    1.70492e+03    2.67644e+03
     Coulomb-14        LJ (SR)  Disper. corr.   Coulomb (SR)   Coul. recip.
    7.84107e+03    9.50569e+04   -4.58627e+03   -6.37385e+05    2.89685e+03
      Potential    Kinetic En.   Total Energy  Conserved En.    Temperature
   -5.26531e+05    8.56203e+04   -4.40911e+05   -4.24317e+05    2.99536e+02
 Pres. DC (bar) Pressure (bar)   Constr. rmsd
   -2.28146e+02    2.93712e+02    3.63823e-06

           Step           Time
         225000      450.00000

   Energies (kJ/mol)
           Bond          Angle    Proper Dih. Ryckaert-Bell.          LJ-14
    1.39055e+03    3.80946e+03    2.80204e+02    1.83950e+03    2.71955e+03
     Coulomb-14        LJ (SR)  Disper. corr.   Coulomb (SR)   Coul. recip.
    7.85358e+03    9.33389e+04   -4.54953e+03   -6.35100e+05    3.00535e+03
      Potential    Kinetic En.   Total Energy  Conserved En.    Temperature
   -5.25413e+05    8.51351e+04   -4.40278e+05   -4.24027e+05    2.97839e+02
 Pres. DC (bar) Pressure (bar)   Constr. rmsd
   -2.24509e+02    1.12982e+02    2.57250e-06

           Step           Time
         230000      460.00000

   Energies (kJ/mol)
           Bond          Angle    Proper Dih. Ryckaert-Bell.          LJ-14
    1.50742e+03    3.83331e+03    2.60431e+02    1.85692e+03    2.64679e+03
     Coulomb-14        LJ (SR)  Disper. corr.   Coulomb (SR)   Coul. recip.
    7.83260e+03    9.24693e+04   -4.53576e+03   -6.32403e+05    2.93215e+03
      Potential    Kinetic En.   Total Energy  Conserved En.    Temperature
   -5.23600e+05    8.65193e+04   -4.37081e+05   -4.23618e+05    3.02681e+02
 Pres. DC (bar) Pressure (bar)   Constr. rmsd
   -2.23154e+02   -1.76903e+02    3.18732e-06

           Step           Time
         235000      470.00000

   Energies (kJ/mol)
           Bond          Angle    Proper Dih. Ryckaert-Bell.          LJ-14
    1.57191e+03    3.81471e+03    2.55539e+02    1.63300e+03    2.68655e+03
     Coulomb-14        LJ (SR)  Disper. corr.   Coulomb (SR)   Coul. recip.
    7.83973e+03    9.40060e+04   -4.56615e+03   -6.35189e+05    2.94682e+03
      Potential    Kinetic En.   Total Energy  Conserved En.    Temperature
   -5.25001e+05    8.64460e+04   -4.38555e+05   -4.23452e+05    3.02425e+02
 Pres. DC (bar) Pressure (bar)   Constr. rmsd
   -2.26151e+02    1.26647e+02    2.77382e-06

           Step           Time
         240000      480.00000

   Energies (kJ/mol)
           Bond          Angle    Proper Dih. Ryckaert-Bell.          LJ-14
    1.51329e+03    3.75551e+03    2.35910e+02    1.74358e+03    2.67753e+03
     Coulomb-14        LJ (SR)  Disper. corr.   Coulomb (SR)   Coul. recip.
    7.67259e+03    9.37248e+04   -4.54103e+03   -6.34362e+05    3.09051e+03
      Potential    Kinetic En.   Total Energy  Conserved En.    Temperature
   -5.24489e+05    8.56392e+04   -4.38850e+05   -4.22795e+05    2.99602e+02
 Pres. DC (bar) Pressure (bar)   Constr. rmsd
   -2.23673e+02    1.19672e+02    3.20623e-06

           Step           Time
         245000      490.00000

   Energies (kJ/mol)
           Bond          Angle    Proper Dih. Ryckaert-Bell.          LJ-14
    1.42088e+03    3.63801e+03    2.60308e+02    1.77211e+03    2.70178e+03
     Coulomb-14        LJ (SR)  Disper. corr.   Coulomb (SR)   Coul. recip.
    7.91291e+03    9.24635e+04   -4.53065e+03   -6.32922e+05    3.00332e+03
      Potential    Kinetic En.   Total Energy  Conserved En.    Temperature
   -5.24279e+05    8.61335e+04   -4.38146e+05   -4.21979e+05    3.01332e+02
 Pres. DC (bar) Pressure (bar)   Constr. rmsd
   -2.22652e+02   -2.62607e+02    3.39231e-06

           Step           Time
         250000      500.00000

   Energies (kJ/mol)
           Bond          Angle    Proper Dih. Ryckaert-Bell.          LJ-14
    1.47606e+03    3.65913e+03    2.62925e+02    1.75220e+03    2.71684e+03
     Coulomb-14        LJ (SR)  Disper. corr.   Coulomb (SR)   Coul. recip.
    7.92386e+03    9.45237e+04   -4.56573e+03   -6.36648e+05    2.85039e+03
      Potential    Kinetic En.   Total Energy  Conserved En.    Temperature
   -5.26049e+05    8.55457e+04   -4.40503e+05   -4.21635e+05    2.99275e+02
 Pres. DC (bar) Pressure (bar)   Constr. rmsd
   -2.26109e+02    1.39889e+02    2.81786e-06

           Step           Time
         255000      510.00000

   Energies (kJ/mol)
           Bond          Angle    Proper Dih. Ryckaert-Bell.          LJ-14
    1.48968e+03    3.62701e+03    2.52042e+02    1.81785e+03    2.59346e+03
     Coulomb-14        LJ (SR)  Disper. corr.   Coulomb (SR)   Coul. recip.
    7.83966e+03    9.45860e+04   -4.55901e+03   -6.35503e+05    2.95012e+03
      Potential    Kinetic En.   Total Energy  Conserved En.    Temperature
   -5.24907e+05    8.52029e+04   -4.39704e+05   -4.21167e+05    2.98076e+02
 Pres. DC (bar) Pressure (bar)   Constr. rmsd
   -2.25446e+02   -2.88126e+00    4.16525e-06

           Step           Time
         260000      520.00000

   Energies (kJ/mol)
           Bond          Angle    Proper Dih. Ryckaert-Bell.          LJ-14
    1.37197e+03    3.90894e+03    2.47467e+02    1.83794e+03    2.68315e+03
     Coulomb-14        LJ (SR)  Disper. corr.   Coulomb (SR)   Coul. recip.
    7.91426e+03    9.35728e+04   -4.54893e+03   -6.34277e+05    2.96370e+03
      Potential    Kinetic En.   Total Energy  Conserved En.    Temperature
   -5.24325e+05    8.66161e+04   -4.37709e+05   -4.20771e+05    3.03020e+02
 Pres. DC (bar) Pressure (bar)   Constr. rmsd
   -2.24450e+02    5.85708e+01    2.97525e-06

           Step           Time
         265000      530.00000

   Energies (kJ/mol)
           Bond          Angle    Proper Dih. Ryckaert-Bell.          LJ-14
    1.52442e+03    3.72994e+03    2.85936e+02    1.82932e+03    2.66275e+03
     Coulomb-14        LJ (SR)  Disper. corr.   Coulomb (SR)   Coul. recip.
    7.93000e+03    9.45802e+04   -4.56687e+03   -6.37422e+05    2.86103e+03
      Potential    Kinetic En.   Total Energy  Conserved En.    Temperature
   -5.26585e+05    8.49570e+04   -4.41628e+05   -4.20242e+05    2.97216e+02
 Pres. DC (bar) Pressure (bar)   Constr. rmsd
   -2.26223e+02    8.27267e+01    2.45018e-06

Writing checkpoint, step 265250 at Thu Oct  3 16:22:52 2024


           Step           Time
         270000      540.00000

   Energies (kJ/mol)
           Bond          Angle    Proper Dih. Ryckaert-Bell.          LJ-14
    1.45033e+03    3.68907e+03    2.59022e+02    1.84238e+03    2.74467e+03
     Coulomb-14        LJ (SR)  Disper. corr.   Coulomb (SR)   Coul. recip.
    7.88231e+03    9.40102e+04   -4.58052e+03   -6.35263e+05    3.02878e+03
      Potential    Kinetic En.   Total Energy  Conserved En.    Temperature
   -5.24937e+05    8.61847e+04   -4.38752e+05   -4.19957e+05    3.01511e+02
 Pres. DC (bar) Pressure (bar)   Constr. rmsd
   -2.27575e+02    1.95155e+02    2.71105e-06

           Step           Time
         275000      550.00000

   Energies (kJ/mol)
           Bond          Angle    Proper Dih. Ryckaert-Bell.          LJ-14
    1.43231e+03    3.75563e+03    2.75396e+02    1.93277e+03    2.69453e+03
     Coulomb-14        LJ (SR)  Disper. corr.   Coulomb (SR)   Coul. recip.
    7.83385e+03    9.16124e+04   -4.53522e+03   -6.32146e+05    3.05027e+03
      Potential    Kinetic En.   Total Energy  Conserved En.    Temperature
   -5.24094e+05    8.64688e+04   -4.37625e+05   -4.19374e+05    3.02505e+02
 Pres. DC (bar) Pressure (bar)   Constr. rmsd
   -2.23102e+02   -1.87731e+02    2.97737e-06

           Step           Time
         280000      560.00000

   Energies (kJ/mol)
           Bond          Angle    Proper Dih. Ryckaert-Bell.          LJ-14
    1.64202e+03    3.73535e+03    2.84390e+02    1.84717e+03    2.60066e+03
     Coulomb-14        LJ (SR)  Disper. corr.   Coulomb (SR)   Coul. recip.
    7.90082e+03    9.53507e+04   -4.59175e+03   -6.36631e+05    2.95388e+03
      Potential    Kinetic En.   Total Energy  Conserved En.    Temperature
   -5.24908e+05    8.57410e+04   -4.39167e+05   -4.18678e+05    2.99958e+02
 Pres. DC (bar) Pressure (bar)   Constr. rmsd
   -2.28691e+02    3.39162e+02    2.73021e-06

           Step           Time
         285000      570.00000

   Energies (kJ/mol)
           Bond          Angle    Proper Dih. Ryckaert-Bell.          LJ-14
    1.53076e+03    4.02602e+03    2.28381e+02    1.83881e+03    2.54278e+03
     Coulomb-14        LJ (SR)  Disper. corr.   Coulomb (SR)   Coul. recip.
    7.78319e+03    9.35924e+04   -4.54965e+03   -6.34754e+05    2.95257e+03
      Potential    Kinetic En.   Total Energy  Conserved En.    Temperature
   -5.24808e+05    8.57873e+04   -4.39021e+05   -4.18418e+05    3.00121e+02
 Pres. DC (bar) Pressure (bar)   Constr. rmsd
   -2.24522e+02   -1.74331e+02    2.70889e-06

           Step           Time
         290000      580.00000

   Energies (kJ/mol)
           Bond          Angle    Proper Dih. Ryckaert-Bell.          LJ-14
    1.46191e+03    3.74454e+03    2.32801e+02    1.83424e+03    2.63379e+03
     Coulomb-14        LJ (SR)  Disper. corr.   Coulomb (SR)   Coul. recip.
    7.85550e+03    9.32248e+04   -4.57685e+03   -6.33974e+05    2.94548e+03
      Potential    Kinetic En.   Total Energy  Conserved En.    Temperature
   -5.24618e+05    8.59161e+04   -4.38702e+05   -4.18332e+05    3.00571e+02
 Pres. DC (bar) Pressure (bar)   Constr. rmsd
   -2.27211e+02   -4.96658e+01    2.91438e-06

           Step           Time
         295000      590.00000

   Energies (kJ/mol)
           Bond          Angle    Proper Dih. Ryckaert-Bell.          LJ-14
    1.48699e+03    3.69791e+03    2.59507e+02    1.87689e+03    2.56641e+03
     Coulomb-14        LJ (SR)  Disper. corr.   Coulomb (SR)   Coul. recip.
    7.83234e+03    9.30348e+04   -4.51788e+03   -6.33711e+05    2.98060e+03
      Potential    Kinetic En.   Total Energy  Conserved En.    Temperature
   -5.24494e+05    8.57751e+04   -4.38718e+05   -4.17833e+05    3.00078e+02
 Pres. DC (bar) Pressure (bar)   Constr. rmsd
   -2.21400e+02   -3.01468e+02    3.41185e-06

           Step           Time
         300000      600.00000

   Energies (kJ/mol)
           Bond          Angle    Proper Dih. Ryckaert-Bell.          LJ-14
    1.53570e+03    3.94386e+03    2.53086e+02    1.75872e+03    2.63752e+03
     Coulomb-14        LJ (SR)  Disper. corr.   Coulomb (SR)   Coul. recip.
    7.79548e+03    9.42043e+04   -4.54565e+03   -6.35389e+05    3.00524e+03
      Potential    Kinetic En.   Total Energy  Conserved En.    Temperature
   -5.24801e+05    8.62493e+04   -4.38551e+05   -4.17394e+05    3.01737e+02
 Pres. DC (bar) Pressure (bar)   Constr. rmsd
   -2.24128e+02    4.13068e+01    2.64417e-06

           Step           Time
         305000      610.00000

   Energies (kJ/mol)
           Bond          Angle    Proper Dih. Ryckaert-Bell.          LJ-14
    1.49701e+03    3.71354e+03    2.50898e+02    1.78565e+03    2.65683e+03
     Coulomb-14        LJ (SR)  Disper. corr.   Coulomb (SR)   Coul. recip.
    7.73505e+03    9.39353e+04   -4.58709e+03   -6.35689e+05    2.83780e+03
      Potential    Kinetic En.   Total Energy  Conserved En.    Temperature
   -5.25864e+05    8.51165e+04   -4.40747e+05   -4.16826e+05    2.97774e+02
 Pres. DC (bar) Pressure (bar)   Constr. rmsd
   -2.28228e+02    7.12658e+01    2.80712e-06

           Step           Time
         310000      620.00000

   Energies (kJ/mol)
           Bond          Angle    Proper Dih. Ryckaert-Bell.          LJ-14
    1.44493e+03    3.97443e+03    2.33331e+02    1.78068e+03    2.67383e+03
     Coulomb-14        LJ (SR)  Disper. corr.   Coulomb (SR)   Coul. recip.
    7.82877e+03    9.34363e+04   -4.57932e+03   -6.34095e+05    2.90534e+03
      Potential    Kinetic En.   Total Energy  Conserved En.    Temperature
   -5.24396e+05    8.65992e+04   -4.37797e+05   -4.16468e+05    3.02961e+02
 Pres. DC (bar) Pressure (bar)   Constr. rmsd
   -2.27456e+02    1.19548e+02    2.75656e-06

           Step           Time
         315000      630.00000

   Energies (kJ/mol)
           Bond          Angle    Proper Dih. Ryckaert-Bell.          LJ-14
    1.46963e+03    3.76970e+03    2.40150e+02    1.82834e+03    2.61294e+03
     Coulomb-14        LJ (SR)  Disper. corr.   Coulomb (SR)   Coul. recip.
    7.77005e+03    9.33808e+04   -4.54934e+03   -6.34060e+05    2.96127e+03
      Potential    Kinetic En.   Total Energy  Conserved En.    Temperature
   -5.24576e+05    8.54299e+04   -4.39146e+05   -4.16238e+05    2.98870e+02
 Pres. DC (bar) Pressure (bar)   Constr. rmsd
   -2.24491e+02   -6.05992e+01    2.99243e-06

           Step           Time
         320000      640.00000

   Energies (kJ/mol)
           Bond          Angle    Proper Dih. Ryckaert-Bell.          LJ-14
    1.41965e+03    3.70270e+03    2.74814e+02    1.78360e+03    2.63815e+03
     Coulomb-14        LJ (SR)  Disper. corr.   Coulomb (SR)   Coul. recip.
    7.77741e+03    9.17668e+04   -4.55426e+03   -6.31561e+05    2.94363e+03
      Potential    Kinetic En.   Total Energy  Conserved En.    Temperature
   -5.23809e+05    8.61665e+04   -4.37642e+05   -4.15880e+05    3.01447e+02
 Pres. DC (bar) Pressure (bar)   Constr. rmsd
   -2.24976e+02   -1.95969e+02    3.08942e-06

           Step           Time
         325000      650.00000

   Energies (kJ/mol)
           Bond          Angle    Proper Dih. Ryckaert-Bell.          LJ-14
    1.54625e+03    3.79508e+03    2.47123e+02    1.74017e+03    2.56380e+03
     Coulomb-14        LJ (SR)  Disper. corr.   Coulomb (SR)   Coul. recip.
    7.66617e+03    9.36758e+04   -4.58805e+03   -6.34394e+05    2.87190e+03
      Potential    Kinetic En.   Total Energy  Conserved En.    Temperature
   -5.24875e+05    8.50143e+04   -4.39861e+05   -4.15212e+05    2.97416e+02
 Pres. DC (bar) Pressure (bar)   Constr. rmsd
   -2.28323e+02   -6.78818e+01    2.83259e-06

           Step           Time
         330000      660.00000

   Energies (kJ/mol)
           Bond          Angle    Proper Dih. Ryckaert-Bell.          LJ-14
    1.47186e+03    3.69325e+03    2.35588e+02    1.78822e+03    2.64748e+03
     Coulomb-14        LJ (SR)  Disper. corr.   Coulomb (SR)   Coul. recip.
    7.79129e+03    9.37095e+04   -4.53258e+03   -6.34298e+05    2.98481e+03
      Potential    Kinetic En.   Total Energy  Conserved En.    Temperature
   -5.24508e+05    8.52158e+04   -4.39292e+05   -4.14761e+05    2.98121e+02
 Pres. DC (bar) Pressure (bar)   Constr. rmsd
   -2.22842e+02   -6.32439e+01    2.96085e-06

Writing checkpoint, step 330850 at Thu Oct  3 16:37:52 2024


           Step           Time
         335000      670.00000

   Energies (kJ/mol)
           Bond          Angle    Proper Dih. Ryckaert-Bell.          LJ-14
    1.48279e+03    3.73475e+03    2.62544e+02    1.76606e+03    2.65785e+03
     Coulomb-14        LJ (SR)  Disper. corr.   Coulomb (SR)   Coul. recip.
    7.89816e+03    9.34614e+04   -4.56324e+03   -6.34706e+05    2.89779e+03
      Potential    Kinetic En.   Total Energy  Conserved En.    Temperature
   -5.25108e+05    8.57297e+04   -4.39379e+05   -4.14499e+05    2.99919e+02
 Pres. DC (bar) Pressure (bar)   Constr. rmsd
   -2.25863e+02   -1.58491e+02    2.67546e-06

           Step           Time
         340000      680.00000

   Energies (kJ/mol)
           Bond          Angle    Proper Dih. Ryckaert-Bell.          LJ-14
    1.36720e+03    3.79770e+03    2.75736e+02    1.68476e+03    2.72497e+03
     Coulomb-14        LJ (SR)  Disper. corr.   Coulomb (SR)   Coul. recip.
    7.74273e+03    9.33727e+04   -4.55642e+03   -6.34600e+05    2.96572e+03
      Potential    Kinetic En.   Total Energy  Conserved En.    Temperature
   -5.25225e+05    8.54830e+04   -4.39742e+05   -4.14286e+05    2.99056e+02
 Pres. DC (bar) Pressure (bar)   Constr. rmsd
   -2.25189e+02   -2.86284e+01    2.66389e-06

           Step           Time
         345000      690.00000

   Energies (kJ/mol)
           Bond          Angle    Proper Dih. Ryckaert-Bell.          LJ-14
    1.58037e+03    3.88523e+03    2.34821e+02    1.72357e+03    2.63987e+03
     Coulomb-14        LJ (SR)  Disper. corr.   Coulomb (SR)   Coul. recip.
    7.65496e+03    9.54537e+04   -4.57421e+03   -6.36373e+05    2.94615e+03
      Potential    Kinetic En.   Total Energy  Conserved En.    Temperature
   -5.24828e+05    8.61509e+04   -4.38677e+05   -4.13869e+05    3.01393e+02
 Pres. DC (bar) Pressure (bar)   Constr. rmsd
   -2.26949e+02    3.18203e+02    3.03935e-06

           Step           Time
         350000      700.00000

   Energies (kJ/mol)
           Bond          Angle    Proper Dih. Ryckaert-Bell.          LJ-14
    1.46979e+03    3.72825e+03    2.48073e+02    1.64040e+03    2.64579e+03
     Coulomb-14        LJ (SR)  Disper. corr.   Coulomb (SR)   Coul. recip.
    7.67191e+03    9.23758e+04   -4.52700e+03   -6.32853e+05    3.01338e+03
      Potential    Kinetic En.   Total Energy  Conserved En.    Temperature
   -5.24587e+05    8.57773e+04   -4.38810e+05   -4.13622e+05    3.00085e+02
 Pres. DC (bar) Pressure (bar)   Constr. rmsd
   -2.22294e+02   -3.61845e+02    3.00148e-06

           Step           Time
         355000      710.00000

   Energies (kJ/mol)
           Bond          Angle    Proper Dih. Ryckaert-Bell.          LJ-14
    1.41982e+03    3.66142e+03    2.11037e+02    1.67484e+03    2.76033e+03
     Coulomb-14        LJ (SR)  Disper. corr.   Coulomb (SR)   Coul. recip.
    7.76236e+03    9.26968e+04   -4.54970e+03   -6.33382e+05    3.02006e+03
      Potential    Kinetic En.   Total Energy  Conserved En.    Temperature
   -5.24725e+05    8.59163e+04   -4.38808e+05   -4.13305e+05    3.00572e+02
 Pres. DC (bar) Pressure (bar)   Constr. rmsd
   -2.24527e+02   -1.57839e+02    3.13170e-06

           Step           Time
         360000      720.00000

   Energies (kJ/mol)
           Bond          Angle    Proper Dih. Ryckaert-Bell.          LJ-14
    1.54294e+03    3.99273e+03    2.47931e+02    1.66702e+03    2.60383e+03
     Coulomb-14        LJ (SR)  Disper. corr.   Coulomb (SR)   Coul. recip.
    7.73488e+03    9.37050e+04   -4.54091e+03   -6.34696e+05    2.97229e+03
      Potential    Kinetic En.   Total Energy  Conserved En.    Temperature
   -5.24771e+05    8.53672e+04   -4.39404e+05   -4.12975e+05    2.98651e+02
 Pres. DC (bar) Pressure (bar)   Constr. rmsd
   -2.23660e+02   -1.15675e+02    2.88554e-06

           Step           Time
         365000      730.00000

   Energies (kJ/mol)
           Bond          Angle    Proper Dih. Ryckaert-Bell.          LJ-14
    1.44492e+03    3.98208e+03    2.67417e+02    1.74208e+03    2.62037e+03
     Coulomb-14        LJ (SR)  Disper. corr.   Coulomb (SR)   Coul. recip.
    7.68008e+03    9.32725e+04   -4.52277e+03   -6.33776e+05    2.92939e+03
      Potential    Kinetic En.   Total Energy  Conserved En.    Temperature
   -5.24360e+05    8.68689e+04   -4.37491e+05   -4.12667e+05    3.03904e+02
 Pres. DC (bar) Pressure (bar)   Constr. rmsd
   -2.21880e+02   -2.15147e+02    2.98277e-06

           Step           Time
         370000      740.00000

   Energies (kJ/mol)
           Bond          Angle    Proper Dih. Ryckaert-Bell.          LJ-14
    1.47220e+03    3.60753e+03    2.10468e+02    1.67098e+03    2.68144e+03
     Coulomb-14        LJ (SR)  Disper. corr.   Coulomb (SR)   Coul. recip.
    7.74072e+03    9.36972e+04   -4.57406e+03   -6.34707e+05    2.94690e+03
      Potential    Kinetic En.   Total Energy  Conserved En.    Temperature
   -5.25254e+05    8.49867e+04   -4.40267e+05   -4.12066e+05    2.97320e+02
 Pres. DC (bar) Pressure (bar)   Constr. rmsd
   -2.26935e+02    4.55972e+01    2.68718e-06

           Step           Time
         375000      750.00000

   Energies (kJ/mol)
           Bond          Angle    Proper Dih. Ryckaert-Bell.          LJ-14
    1.50596e+03    3.76982e+03    2.44499e+02    1.65274e+03    2.60803e+03
     Coulomb-14        LJ (SR)  Disper. corr.   Coulomb (SR)   Coul. recip.
    7.76982e+03    9.37328e+04   -4.55778e+03   -6.35012e+05    2.99782e+03
      Potential    Kinetic En.   Total Energy  Conserved En.    Temperature
   -5.25289e+05    8.62697e+04   -4.39019e+05   -4.11806e+05    3.01808e+02
 Pres. DC (bar) Pressure (bar)   Constr. rmsd
   -2.25323e+02   -8.82969e+01    2.91070e-06

           Step           Time
         380000      760.00000

   Energies (kJ/mol)
           Bond          Angle    Proper Dih. Ryckaert-Bell.          LJ-14
    1.37525e+03    3.86404e+03    2.78968e+02    1.70373e+03    2.75929e+03
     Coulomb-14        LJ (SR)  Disper. corr.   Coulomb (SR)   Coul. recip.
    7.80310e+03    9.45208e+04   -4.56766e+03   -6.35058e+05    2.95459e+03
      Potential    Kinetic En.   Total Energy  Conserved En.    Temperature
   -5.24366e+05    8.58838e+04   -4.38482e+05   -4.11591e+05    3.00458e+02
 Pres. DC (bar) Pressure (bar)   Constr. rmsd
   -2.26300e+02    2.30290e+02    3.02891e-06

           Step           Time
         385000      770.00000

   Energies (kJ/mol)
           Bond          Angle    Proper Dih. Ryckaert-Bell.          LJ-14
    1.44557e+03    3.66145e+03    2.37860e+02    1.65623e+03    2.73051e+03
     Coulomb-14        LJ (SR)  Disper. corr.   Coulomb (SR)   Coul. recip.
    7.78840e+03    9.33526e+04   -4.55794e+03   -6.35192e+05    2.91210e+03
      Potential    Kinetic En.   Total Energy  Conserved En.    Temperature
   -5.25965e+05    8.56489e+04   -4.40316e+05   -4.11289e+05    2.99636e+02
 Pres. DC (bar) Pressure (bar)   Constr. rmsd
   -2.25340e+02    2.15403e+01    2.82559e-06

           Step           Time
         390000      780.00000

   Energies (kJ/mol)
           Bond          Angle    Proper Dih. Ryckaert-Bell.          LJ-14
    1.55523e+03    3.72741e+03    2.84743e+02    1.67221e+03    2.66798e+03
     Coulomb-14        LJ (SR)  Disper. corr.   Coulomb (SR)   Coul. recip.
    7.76929e+03    9.42590e+04   -4.58424e+03   -6.34397e+05    2.93193e+03
      Potential    Kinetic En.   Total Energy  Conserved En.    Temperature
   -5.24114e+05    8.53865e+04   -4.38727e+05   -4.11029e+05    2.98718e+02
 Pres. DC (bar) Pressure (bar)   Constr. rmsd
   -2.27945e+02    2.21542e+02    2.71206e-06

           Step           Time
         395000      790.00000

   Energies (kJ/mol)
           Bond          Angle    Proper Dih. Ryckaert-Bell.          LJ-14
    1.46153e+03    3.84952e+03    2.66036e+02    1.56557e+03    2.73075e+03
     Coulomb-14        LJ (SR)  Disper. corr.   Coulomb (SR)   Coul. recip.
    7.79315e+03    9.25823e+04   -4.53939e+03   -6.32002e+05    3.00378e+03
      Potential    Kinetic En.   Total Energy  Conserved En.    Temperature
   -5.23289e+05    8.58193e+04   -4.37470e+05   -4.10712e+05    3.00232e+02
 Pres. DC (bar) Pressure (bar)   Constr. rmsd
   -2.23511e+02   -7.32848e+01    3.15154e-06

Writing checkpoint, step 396300 at Thu Oct  3 16:52:52 2024


           Step           Time
         400000      800.00000

   Energies (kJ/mol)
           Bond          Angle    Proper Dih. Ryckaert-Bell.          LJ-14
    1.45891e+03    3.81200e+03    2.33512e+02    1.72475e+03    2.78475e+03
     Coulomb-14        LJ (SR)  Disper. corr.   Coulomb (SR)   Coul. recip.
    7.93097e+03    9.40779e+04   -4.57582e+03   -6.35018e+05    2.86688e+03
      Potential    Kinetic En.   Total Energy  Conserved En.    Temperature
   -5.24705e+05    8.54498e+04   -4.39255e+05   -4.09967e+05    2.98940e+02
 Pres. DC (bar) Pressure (bar)   Constr. rmsd
   -2.27109e+02    2.09473e+02    2.64099e-06

           Step           Time
         405000      810.00000

   Energies (kJ/mol)
           Bond          Angle    Proper Dih. Ryckaert-Bell.          LJ-14
    1.47988e+03    3.82241e+03    2.54714e+02    1.68809e+03    2.66663e+03
     Coulomb-14        LJ (SR)  Disper. corr.   Coulomb (SR)   Coul. recip.
    7.76720e+03    9.45908e+04   -4.56767e+03   -6.36085e+05    2.91212e+03
      Potential    Kinetic En.   Total Energy  Conserved En.    Temperature
   -5.25471e+05    8.68211e+04   -4.38650e+05   -4.09400e+05    3.03737e+02
 Pres. DC (bar) Pressure (bar)   Constr. rmsd
   -2.26302e+02    1.85707e+02    3.15481e-06

           Step           Time
         410000      820.00000

   Energies (kJ/mol)
           Bond          Angle    Proper Dih. Ryckaert-Bell.          LJ-14
    1.44969e+03    3.79027e+03    3.16171e+02    1.77180e+03    2.71935e+03
     Coulomb-14        LJ (SR)  Disper. corr.   Coulomb (SR)   Coul. recip.
    7.84811e+03    9.67163e+04   -4.58938e+03   -6.40360e+05    2.95632e+03
      Potential    Kinetic En.   Total Energy  Conserved En.    Temperature
   -5.27382e+05    8.58274e+04   -4.41554e+05   -4.08900e+05    3.00261e+02
 Pres. DC (bar) Pressure (bar)   Constr. rmsd
   -2.28455e+02    5.40971e+02    2.73274e-06

           Step           Time
         415000      830.00000

   Energies (kJ/mol)
           Bond          Angle    Proper Dih. Ryckaert-Bell.          LJ-14
    1.50777e+03    3.65745e+03    2.56464e+02    1.75485e+03    2.62919e+03
     Coulomb-14        LJ (SR)  Disper. corr.   Coulomb (SR)   Coul. recip.
    7.70177e+03    9.41115e+04   -4.53790e+03   -6.34030e+05    2.96958e+03
      Potential    Kinetic En.   Total Energy  Conserved En.    Temperature
   -5.23979e+05    8.59608e+04   -4.38018e+05   -4.08494e+05    3.00727e+02
 Pres. DC (bar) Pressure (bar)   Constr. rmsd
   -2.23364e+02    3.95651e+01    2.89123e-06

           Step           Time
         420000      840.00000

   Energies (kJ/mol)
           Bond          Angle    Proper Dih. Ryckaert-Bell.          LJ-14
    1.49999e+03    3.75419e+03    2.40262e+02    1.75132e+03    2.70960e+03
     Coulomb-14        LJ (SR)  Disper. corr.   Coulomb (SR)   Coul. recip.
    7.92968e+03    9.45675e+04   -4.58072e+03   -6.36023e+05    3.05324e+03
      Potential    Kinetic En.   Total Energy  Conserved En.    Temperature
   -5.25098e+05    8.62914e+04   -4.38806e+05   -4.08024e+05    3.01884e+02
 Pres. DC (bar) Pressure (bar)   Constr. rmsd
   -2.27595e+02    2.19781e+02    2.92191e-06

           Step           Time
         425000      850.00000

   Energies (kJ/mol)
           Bond          Angle    Proper Dih. Ryckaert-Bell.          LJ-14
    1.42022e+03    3.64918e+03    2.25795e+02    1.71810e+03    2.66834e+03
     Coulomb-14        LJ (SR)  Disper. corr.   Coulomb (SR)   Coul. recip.
    7.76280e+03    9.22458e+04   -4.54455e+03   -6.32141e+05    2.97505e+03
      Potential    Kinetic En.   Total Energy  Conserved En.    Temperature
   -5.24020e+05    8.53754e+04   -4.38645e+05   -4.07646e+05    2.98680e+02
 Pres. DC (bar) Pressure (bar)   Constr. rmsd
   -2.24019e+02   -2.28238e+02    2.77486e-06

           Step           Time
         430000      860.00000

   Energies (kJ/mol)
           Bond          Angle    Proper Dih. Ryckaert-Bell.          LJ-14
    1.51025e+03    3.81013e+03    2.57748e+02    1.69219e+03    2.63877e+03
     Coulomb-14        LJ (SR)  Disper. corr.   Coulomb (SR)   Coul. recip.
    7.83697e+03    9.15834e+04   -4.54022e+03   -6.32104e+05    2.96607e+03
      Potential    Kinetic En.   Total Energy  Conserved En.    Temperature
   -5.24349e+05    8.56775e+04   -4.38671e+05   -4.07416e+05    2.99736e+02
 Pres. DC (bar) Pressure (bar)   Constr. rmsd
   -2.23593e+02   -3.97985e+02    2.88221e-06

           Step           Time
         435000      870.00000

   Energies (kJ/mol)
           Bond          Angle    Proper Dih. Ryckaert-Bell.          LJ-14
    1.44489e+03    3.73094e+03    2.46527e+02    1.76957e+03    2.58668e+03
     Coulomb-14        LJ (SR)  Disper. corr.   Coulomb (SR)   Coul. recip.
    7.75104e+03    9.40554e+04   -4.57964e+03   -6.35344e+05    2.91749e+03
      Potential    Kinetic En.   Total Energy  Conserved En.    Temperature
   -5.25421e+05    8.55097e+04   -4.39911e+05   -4.07127e+05    2.99149e+02
 Pres. DC (bar) Pressure (bar)   Constr. rmsd
   -2.27488e+02    2.92920e+01    2.72913e-06

           Step           Time
         440000      880.00000

   Energies (kJ/mol)
           Bond          Angle    Proper Dih. Ryckaert-Bell.          LJ-14
    1.45514e+03    3.85773e+03    2.25063e+02    1.74822e+03    2.69065e+03
     Coulomb-14        LJ (SR)  Disper. corr.   Coulomb (SR)   Coul. recip.
    7.86131e+03    9.28346e+04   -4.54828e+03   -6.33086e+05    2.90600e+03
      Potential    Kinetic En.   Total Energy  Conserved En.    Temperature
   -5.24056e+05    8.66226e+04   -4.37433e+05   -4.06905e+05    3.03043e+02
 Pres. DC (bar) Pressure (bar)   Constr. rmsd
   -2.24386e+02    2.49372e+01    2.72825e-06

           Step           Time
         445000      890.00000

   Energies (kJ/mol)
           Bond          Angle    Proper Dih. Ryckaert-Bell.          LJ-14
    1.42941e+03    3.75858e+03    2.56352e+02    1.76493e+03    2.64441e+03
     Coulomb-14        LJ (SR)  Disper. corr.   Coulomb (SR)   Coul. recip.
    7.78200e+03    9.33804e+04   -4.52757e+03   -6.34874e+05    3.05042e+03
      Potential    Kinetic En.   Total Energy  Conserved En.    Temperature
   -5.25335e+05    8.56155e+04   -4.39719e+05   -4.06538e+05    2.99520e+02
 Pres. DC (bar) Pressure (bar)   Constr. rmsd
   -2.22350e+02   -2.11169e+02    3.07128e-06

           Step           Time
         450000      900.00000

   Energies (kJ/mol)
           Bond          Angle    Proper Dih. Ryckaert-Bell.          LJ-14
    1.47935e+03    4.07185e+03    2.07434e+02    1.67368e+03    2.68873e+03
     Coulomb-14        LJ (SR)  Disper. corr.   Coulomb (SR)   Coul. recip.
    7.72984e+03    9.29365e+04   -4.51649e+03   -6.34153e+05    3.01864e+03
      Potential    Kinetic En.   Total Energy  Conserved En.    Temperature
   -5.24864e+05    8.65762e+04   -4.38288e+05   -4.06235e+05    3.02880e+02
 Pres. DC (bar) Pressure (bar)   Constr. rmsd
   -2.21265e+02   -2.51162e+02    3.00154e-06

           Step           Time
         455000      910.00000

   Energies (kJ/mol)
           Bond          Angle    Proper Dih. Ryckaert-Bell.          LJ-14
    1.44521e+03    3.99088e+03    2.61301e+02    1.73768e+03    2.66219e+03
     Coulomb-14        LJ (SR)  Disper. corr.   Coulomb (SR)   Coul. recip.
    7.78376e+03    9.30160e+04   -4.53691e+03   -6.33105e+05    2.98945e+03
      Potential    Kinetic En.   Total Energy  Conserved En.    Temperature
   -5.23755e+05    8.51608e+04   -4.38594e+05   -4.05813e+05    2.97929e+02
 Pres. DC (bar) Pressure (bar)   Constr. rmsd
   -2.23267e+02   -1.33555e+02    2.67291e-06

           Step           Time
         460000      920.00000

   Energies (kJ/mol)
           Bond          Angle    Proper Dih. Ryckaert-Bell.          LJ-14
    1.44264e+03    3.83592e+03    2.57116e+02    1.69917e+03    2.63970e+03
     Coulomb-14        LJ (SR)  Disper. corr.   Coulomb (SR)   Coul. recip.
    7.76952e+03    9.29072e+04   -4.55009e+03   -6.33888e+05    2.99623e+03
      Potential    Kinetic En.   Total Energy  Conserved En.    Temperature
   -5.24891e+05    8.58704e+04   -4.39021e+05   -4.05395e+05    3.00411e+02
 Pres. DC (bar) Pressure (bar)   Constr. rmsd
   -2.24565e+02   -1.69542e+02    2.90959e-06

           Step           Time
         465000      930.00000

Writing checkpoint, step 465000 at Thu Oct  3 17:07:52 2024


   Energies (kJ/mol)
           Bond          Angle    Proper Dih. Ryckaert-Bell.          LJ-14
    1.55618e+03    3.59355e+03    2.30449e+02    1.64679e+03    2.63976e+03
     Coulomb-14        LJ (SR)  Disper. corr.   Coulomb (SR)   Coul. recip.
    7.79534e+03    9.41794e+04   -4.54702e+03   -6.35614e+05    2.94568e+03
      Potential    Kinetic En.   Total Energy  Conserved En.    Temperature
   -5.25574e+05    8.46054e+04   -4.40969e+05   -4.05163e+05    2.95986e+02
 Pres. DC (bar) Pressure (bar)   Constr. rmsd
   -2.24263e+02   -1.09366e+02    2.78741e-06

           Step           Time
         470000      940.00000

   Energies (kJ/mol)
           Bond          Angle    Proper Dih. Ryckaert-Bell.          LJ-14
    1.46010e+03    3.91134e+03    2.34874e+02    1.74920e+03    2.60666e+03
     Coulomb-14        LJ (SR)  Disper. corr.   Coulomb (SR)   Coul. recip.
    7.68541e+03    9.39089e+04   -4.56814e+03   -6.34187e+05    2.98848e+03
      Potential    Kinetic En.   Total Energy  Conserved En.    Temperature
   -5.24210e+05    8.61246e+04   -4.38086e+05   -4.05036e+05    3.01300e+02
 Pres. DC (bar) Pressure (bar)   Constr. rmsd
   -2.26348e+02    2.14170e+02    2.77186e-06

           Step           Time
         475000      950.00000

   Energies (kJ/mol)
           Bond          Angle    Proper Dih. Ryckaert-Bell.          LJ-14
    1.49279e+03    3.59546e+03    2.20348e+02    1.69493e+03    2.55342e+03
     Coulomb-14        LJ (SR)  Disper. corr.   Coulomb (SR)   Coul. recip.
    7.70296e+03    9.43719e+04   -4.56814e+03   -6.36443e+05    2.91494e+03
      Potential    Kinetic En.   Total Energy  Conserved En.    Temperature
   -5.26464e+05    8.52802e+04   -4.41184e+05   -4.04833e+05    2.98346e+02
 Pres. DC (bar) Pressure (bar)   Constr. rmsd
   -2.26348e+02   -8.56024e+01    3.00707e-06

           Step           Time
         480000      960.00000

   Energies (kJ/mol)
           Bond          Angle    Proper Dih. Ryckaert-Bell.          LJ-14
    1.38614e+03    3.75547e+03    2.61508e+02    1.69230e+03    2.73590e+03
     Coulomb-14        LJ (SR)  Disper. corr.   Coulomb (SR)   Coul. recip.
    7.90284e+03    9.27267e+04   -4.55170e+03   -6.33839e+05    2.92376e+03
      Potential    Kinetic En.   Total Energy  Conserved En.    Temperature
   -5.25006e+05    8.63714e+04   -4.38634e+05   -4.04638e+05    3.02164e+02
 Pres. DC (bar) Pressure (bar)   Constr. rmsd
   -2.24723e+02   -2.02395e+02    2.95214e-06

           Step           Time
         485000      970.00000

   Energies (kJ/mol)
           Bond          Angle    Proper Dih. Ryckaert-Bell.          LJ-14
    1.37057e+03    3.75675e+03    2.66217e+02    1.66681e+03    2.67038e+03
     Coulomb-14        LJ (SR)  Disper. corr.   Coulomb (SR)   Coul. recip.
    7.91665e+03    9.27097e+04   -4.55382e+03   -6.32842e+05    2.98565e+03
      Potential    Kinetic En.   Total Energy  Conserved En.    Temperature
   -5.24053e+05    8.49072e+04   -4.39146e+05   -4.04373e+05    2.97042e+02
 Pres. DC (bar) Pressure (bar)   Constr. rmsd
   -2.24933e+02   -5.01075e+01    2.70877e-06

           Step           Time
         490000      980.00000

   Energies (kJ/mol)
           Bond          Angle    Proper Dih. Ryckaert-Bell.          LJ-14
    1.44509e+03    3.71986e+03    2.32690e+02    1.66664e+03    2.62550e+03
     Coulomb-14        LJ (SR)  Disper. corr.   Coulomb (SR)   Coul. recip.
    7.86560e+03    9.46225e+04   -4.54691e+03   -6.36213e+05    2.91841e+03
      Potential    Kinetic En.   Total Energy  Conserved En.    Temperature
   -5.25664e+05    8.57158e+04   -4.39948e+05   -4.04166e+05    2.99870e+02
 Pres. DC (bar) Pressure (bar)   Constr. rmsd
   -2.24252e+02    7.55390e+01    3.20458e-06

           Step           Time
         495000      990.00000

   Energies (kJ/mol)
           Bond          Angle    Proper Dih. Ryckaert-Bell.          LJ-14
    1.38443e+03    3.75406e+03    2.88837e+02    1.69086e+03    2.65883e+03
     Coulomb-14        LJ (SR)  Disper. corr.   Coulomb (SR)   Coul. recip.
    7.79545e+03    9.30846e+04   -4.54643e+03   -6.32949e+05    2.90638e+03
      Potential    Kinetic En.   Total Energy  Conserved En.    Temperature
   -5.23932e+05    8.57091e+04   -4.38223e+05   -4.03961e+05    2.99847e+02
 Pres. DC (bar) Pressure (bar)   Constr. rmsd
   -2.24204e+02   -3.36295e+01    2.93380e-06

           Step           Time
         500000     1000.00000

Writing checkpoint, step 500000 at Thu Oct  3 17:15:12 2024


   Energies (kJ/mol)
           Bond          Angle    Proper Dih. Ryckaert-Bell.          LJ-14
    1.49232e+03    3.64711e+03    2.28302e+02    1.66326e+03    2.65134e+03
     Coulomb-14        LJ (SR)  Disper. corr.   Coulomb (SR)   Coul. recip.
    7.76334e+03    9.29454e+04   -4.55249e+03   -6.34057e+05    2.86705e+03
      Potential    Kinetic En.   Total Energy  Conserved En.    Temperature
   -5.25351e+05    8.60174e+04   -4.39334e+05   -4.03423e+05    3.00925e+02
 Pres. DC (bar) Pressure (bar)   Constr. rmsd
   -2.24801e+02   -1.58129e+02    2.41570e-06


Energy conservation over simulation part #1 of length 1000 ps, time 0 to 1000 ps
  Conserved energy drift: 1.07e-03 kJ/mol/ps per atom


	<======  ###############  ==>
	<====  A V E R A G E S  ====>
	<==  ###############  ======>

	Statistics over 500001 steps using 5001 frames

   Energies (kJ/mol)
           Bond          Angle    Proper Dih. Ryckaert-Bell.          LJ-14
    1.47123e+03    3.76800e+03    2.49129e+02    1.77267e+03    2.65845e+03
     Coulomb-14        LJ (SR)  Disper. corr.   Coulomb (SR)   Coul. recip.
    7.81050e+03    9.36371e+04   -4.55733e+03   -6.34630e+05    2.93981e+03
      Potential    Kinetic En.   Total Energy  Conserved En.    Temperature
   -5.24881e+05    8.57675e+04   -4.39113e+05   -4.21428e+05    3.00051e+02
 Pres. DC (bar) Pressure (bar)   Constr. rmsd
   -2.25283e+02   -9.67250e-01    0.00000e+00

          Box-X          Box-Y          Box-Z
    6.95429e+00    6.95429e+00    6.95429e+00

   Total Virial (kJ/mol)
    2.85971e+04    2.53775e+01    3.78164e+01
    2.53633e+01    2.86174e+04   -1.21368e+01
    3.77764e+01   -1.21424e+01    2.86015e+04

   Pressure (bar)
    1.63436e+00   -2.84080e+00   -3.99725e+00
   -2.83941e+00   -2.24377e+00    4.89170e-01
   -3.99330e+00    4.89725e-01   -2.29233e+00

      T-Protein  T-non-Protein
    3.00189e+02    3.00041e+02


	M E G A - F L O P S   A C C O U N T I N G

 NB=Group-cutoff nonbonded kernels    NxN=N-by-N cluster Verlet kernels
 RF=Reaction-Field  VdW=Van der Waals  QSTab=quadratic-spline table
 W3=SPC/TIP3p  W4=TIP4p (single or pairs)
 V&F=Potential and force  V=Potential only  F=Force only

 Computing:                               M-Number         M-Flops  % Flops
-----------------------------------------------------------------------------
 Pair Search distance check          149820.385680     1348383.471     0.2
 NxN Ewald Elec. + LJ [F]           5252596.662512   346671379.726    51.7
 NxN Ewald Elec. + LJ [V&F]           53067.700912     5678243.998     0.8
 NxN Ewald Elec. [F]                4685477.554352   285814130.815    42.7
 NxN Ewald Elec. [V&F]                47338.179984     3976407.119     0.6
 1,4 nonbonded interactions            2553.005106      229770.460     0.0
 Calc Weights                         50814.101628     1829307.659     0.3
 Spread Q Bspline                   1084034.168064     2168068.336     0.3
 Gather F Bspline                   1084034.168064     6504205.008     1.0
 3D-FFT                             1395170.790336    11161366.323     1.7
 Solve PME                            22264.044528     1424898.850     0.2
 Reset In Box                           338.760000        1016.280     0.0
 CG-CoM                                 338.793876        1016.382     0.0
 Bonds                                  512.501025       30237.560     0.0
 Angles                                1773.503547      297948.596     0.0
 Propers                                213.000426       48777.098     0.0
 RB-Dihedrals                          1975.003950      487825.976     0.1
 Virial                                 339.243921        6106.391     0.0
 Stop-CM                                169.413876        1694.139     0.0
 Calc-Ekin                             3387.667752       91467.029     0.0
 Lincs                                  479.500959       28770.058     0.0
 Lincs-Mat                             2388.004776        9552.019     0.0
 Constraint-V                         16913.033826      152217.304     0.0
 Constraint-Vir                         328.702867        7888.869     0.0
 Settle                                5318.010636     1967663.935     0.3
-----------------------------------------------------------------------------
 Total                                               669938343.399   100.0
-----------------------------------------------------------------------------


    D O M A I N   D E C O M P O S I T I O N   S T A T I S T I C S

 av. #atoms communicated per step for force:  2 x 0.0


      R E A L   C Y C L E   A N D   T I M E   A C C O U N T I N G

On 1 MPI rank, each using 2 OpenMP threads

 Activity:              Num   Num      Call    Wall time         Giga-Cycles
                        Ranks Threads  Count      (s)         total sum    %
--------------------------------------------------------------------------------
 Domain decomp.            1    2      10000      42.647        290.684   0.6
 Neighbor search           1    2      10001     235.654       1606.218   3.5
 Force                     1    2     500001    5130.055      34966.457  76.1
 PME mesh                  1    2     500001    1068.526       7283.076  15.9
 NB X/F buffer ops.        1    2     990001      72.201        492.125   1.1
 Write traj.               1    2        107       0.875          5.963   0.0
 Update                    1    2     500001      74.200        505.746   1.1
 Constraints               1    2     500001      89.903        612.776   1.3
 Rest                                             26.579        181.164   0.4
--------------------------------------------------------------------------------
 Total                                          6740.641      45944.209 100.0
--------------------------------------------------------------------------------
 Breakdown of PME mesh activities
--------------------------------------------------------------------------------
 PME spread                1    2     500001     507.984       3462.419   7.5
 PME gather                1    2     500001     297.523       2027.915   4.4
 PME 3D-FFT                1    2    1000002     233.268       1589.958   3.5
 PME solve Elec            1    2     500001      26.964        183.787   0.4
--------------------------------------------------------------------------------

               Core t (s)   Wall t (s)        (%)
       Time:    13481.282     6740.641      200.0
                         1h52:20
                 (ns/day)    (hour/ns)
Performance:       12.818        1.872
Finished mdrun on rank 0 Thu Oct  3 17:15:12 2024

