                      :-) GROMACS - gmx mdrun, 2024.3 (-:

Copyright 1991-2024 The GROMACS Authors.
GROMACS is free software; you can redistribute it and/or modify it
under the terms of the GNU Lesser General Public License
as published by the Free Software Foundation; either version 2.1
of the License, or (at your option) any later version.

                         Current GROMACS contributors:
       Mark Abraham           Andrey Alekseenko           Vladimir Basov      
      Cathrine Bergh            Eliane Briand               Ania Brown        
      Mahesh Doijade            Giacomo Fiorin          Stefan Fleischmann    
      Sergey Gorelov         Gilles Gouaillardet            Alan Gray         
     M. Eric Irrgang         Farzaneh Jalalypour            Joe Jordan        
     Carsten Kutzner           Justin A. Lemkul          Magnus Lundborg      
       Pascal Merz              Vedran Miletic            Dmitry Morozov      
       Julien Nabet              Szilard Pall        Andrea Pasquadibisceglie 
    Michele Pellegrino          Hubert Santuz             Roland Schulz       
     Tatiana Shugaeva          Alexey Shvetsov            Philip Turner       
     Alessandra Villa      Sebastian Wingbermuehle  

                         Previous GROMACS contributors:
        Emile Apol             Rossen Apostolov           James Barnett       
        Paul Bauer          Herman J.C. Berendsen          Par Bjelkmar       
      Christian Blau          Viacheslav Bolnykh            Kevin Boyd        
    Aldert van Buuren          Carlo Camilloni           Rudi van Drunen      
      Anton Feenstra           Oliver Fleetwood            Vytas Gapsys       
       Gaurav Garg             Gerrit Groenhof            Bert de Groot       
      Anca Hamuraru           Vincent Hindriksen          Victor Holanda      
     Aleksei Iupinov          Christoph Junghans        Prashanth Kanduri     
   Dimitrios Karkoulis           Peter Kasson             Sebastian Kehl      
     Sebastian Keller             Jiri Kraus               Per Larsson        
      Viveca Lindahl            Erik Marklund           Pieter Meulenhoff     
      Teemu Murtola              Sander Pronk             Michael Shirts      
      Alfons Sijbers            Balint Soproni         David van der Spoel    
      Peter Tieleman            Carsten Uphoff             Jon Vincent        
     Teemu Virolainen         Christian Wennberg           Maarten Wolf       
      Artem Zhmurov       

                  Coordinated by the GROMACS project leaders:
                           Berk Hess and Erik Lindahl

GROMACS:      gmx mdrun, version 2024.3
Executable:   /usr/local/gromacs/bin/gmx
Data prefix:  /usr/local/gromacs
Working dir:  /home/vagrant
Process ID:   4436
Command line:
  gmx mdrun -deffnm npt

GROMACS version:     2024.3
Precision:           mixed
Memory model:        64 bit
MPI library:         thread_mpi
OpenMP support:      enabled (GMX_OPENMP_MAX_THREADS = 128)
GPU support:         disabled
SIMD instructions:   AVX2_256
CPU FFT library:     fftw-3.3.8-sse2-avx-avx2-avx2_128
GPU FFT library:     none
Multi-GPU FFT:       none
RDTSCP usage:        enabled
TNG support:         enabled
Hwloc support:       disabled
Tracing support:     disabled
C compiler:          /usr/bin/cc GNU 13.2.0
C compiler flags:    -fexcess-precision=fast -funroll-all-loops -mavx2 -mfma -Wno-missing-field-initializers -O3 -DNDEBUG
C++ compiler:        /usr/bin/c++ GNU 13.2.0
C++ compiler flags:  -fexcess-precision=fast -funroll-all-loops -mavx2 -mfma -Wno-missing-field-initializers -Wno-cast-function-type-strict SHELL:-fopenmp -O3 -DNDEBUG
BLAS library:        Internal
LAPACK library:      Internal


Running on 1 node with total 2 cores, 2 processing units
Hardware detected on host vagrant:
  CPU info:
    Vendor: Intel
    Brand:  Intel(R) Core(TM) i5-7500 CPU @ 3.40GHz
    Family: 6   Model: 158   Stepping: 9
    Features: aes apic avx avx2 clfsh cmov cx8 cx16 intel lahf mmx msr nonstop_tsc pcid pclmuldq popcnt pse rdrnd rdtscp sse2 sse3 sse4.1 sse4.2 ssse3 x2apic
  Hardware topology: Basic
    Packages, cores, and logical processors:
    [indices refer to OS logical processors]
      Package  0: [   0] [   1]
    CPU limit set by OS: -1   Recommended max number of threads: 2


++++ PLEASE READ AND CITE THE FOLLOWING REFERENCE ++++
M. J. Abraham, T. Murtola, R. Schulz, S. Páll, J. C. Smith, B. Hess, E.
Lindahl
GROMACS: High performance molecular simulations through multi-level
parallelism from laptops to supercomputers
SoftwareX 1 (2015) pp. 19-25
-------- -------- --- Thank You --- -------- --------


++++ PLEASE READ AND CITE THE FOLLOWING REFERENCE ++++
S. Páll, M. J. Abraham, C. Kutzner, B. Hess, E. Lindahl
Tackling Exascale Software Challenges in Molecular Dynamics Simulations with
GROMACS
In S. Markidis & E. Laure (Eds.), Solving Software Challenges for Exascale 8759 (2015) pp. 3-27
-------- -------- --- Thank You --- -------- --------


++++ PLEASE READ AND CITE THE FOLLOWING REFERENCE ++++
S. Pronk, S. Páll, R. Schulz, P. Larsson, P. Bjelkmar, R. Apostolov, M. R.
Shirts, J. C. Smith, P. M. Kasson, D. van der Spoel, B. Hess, and E. Lindahl
GROMACS 4.5: a high-throughput and highly parallel open source molecular
simulation toolkit
Bioinformatics 29 (2013) pp. 845-54
-------- -------- --- Thank You --- -------- --------


++++ PLEASE READ AND CITE THE FOLLOWING REFERENCE ++++
B. Hess and C. Kutzner and D. van der Spoel and E. Lindahl
GROMACS 4: Algorithms for highly efficient, load-balanced, and scalable
molecular simulation
J. Chem. Theory Comput. 4 (2008) pp. 435-447
-------- -------- --- Thank You --- -------- --------


++++ PLEASE READ AND CITE THE FOLLOWING REFERENCE ++++
D. van der Spoel, E. Lindahl, B. Hess, G. Groenhof, A. E. Mark and H. J. C.
Berendsen
GROMACS: Fast, Flexible and Free
J. Comp. Chem. 26 (2005) pp. 1701-1719
-------- -------- --- Thank You --- -------- --------


++++ PLEASE READ AND CITE THE FOLLOWING REFERENCE ++++
E. Lindahl and B. Hess and D. van der Spoel
GROMACS 3.0: A package for molecular simulation and trajectory analysis
J. Mol. Mod. 7 (2001) pp. 306-317
-------- -------- --- Thank You --- -------- --------


++++ PLEASE READ AND CITE THE FOLLOWING REFERENCE ++++
H. J. C. Berendsen, D. van der Spoel and R. van Drunen
GROMACS: A message-passing parallel molecular dynamics implementation
Comp. Phys. Comm. 91 (1995) pp. 43-56
-------- -------- --- Thank You --- -------- --------


++++ PLEASE CITE THE DOI FOR THIS VERSION OF GROMACS ++++
https://doi.org/10.5281/zenodo.13456374
-------- -------- --- Thank You --- -------- --------

Input Parameters:
   integrator                     = md
   tinit                          = 0
   dt                             = 0.002
   nsteps                         = 50000
   init-step                      = 0
   simulation-part                = 1
   mts                            = false
   mass-repartition-factor        = 1
   comm-mode                      = Linear
   nstcomm                        = 100
   bd-fric                        = 0
   ld-seed                        = -1066577
   emtol                          = 10
   emstep                         = 0.01
   niter                          = 20
   fcstep                         = 0
   nstcgsteep                     = 1000
   nbfgscorr                      = 10
   rtpi                           = 0.05
   nstxout                        = 500
   nstvout                        = 500
   nstfout                        = 0
   nstlog                         = 500
   nstcalcenergy                  = 100
   nstenergy                      = 500
   nstxout-compressed             = 0
   compressed-x-precision         = 1000
   cutoff-scheme                  = Verlet
   nstlist                        = 10
   pbc                            = xyz
   periodic-molecules             = false
   verlet-buffer-tolerance        = 0.005
   verlet-buffer-pressure-tolerance = 0.5
   rlist                          = 1
   coulombtype                    = PME
   coulomb-modifier               = Potential-shift
   rcoulomb-switch                = 0
   rcoulomb                       = 1
   epsilon-r                      = 1
   epsilon-rf                     = inf
   vdw-type                       = Cut-off
   vdw-modifier                   = Potential-shift
   rvdw-switch                    = 0
   rvdw                           = 1
   DispCorr                       = EnerPres
   table-extension                = 1
   fourierspacing                 = 0.16
   fourier-nx                     = 44
   fourier-ny                     = 44
   fourier-nz                     = 44
   pme-order                      = 4
   ewald-rtol                     = 1e-05
   ewald-rtol-lj                  = 0.001
   lj-pme-comb-rule               = Geometric
   ewald-geometry                 = 3d
   epsilon-surface                = 0
   ensemble-temperature-setting   = constant
   ensemble-temperature           = 300
   tcoupl                         = V-rescale
   nsttcouple                     = 10
   nh-chain-length                = 0
   print-nose-hoover-chain-variables = false
   pcoupl                         = Parrinello-Rahman
   pcoupltype                     = Isotropic
   nstpcouple                     = 50
   tau-p                          = 2
   compressibility (3x3):
      compressibility[    0]={ 4.50000e-05,  0.00000e+00,  0.00000e+00}
      compressibility[    1]={ 0.00000e+00,  4.50000e-05,  0.00000e+00}
      compressibility[    2]={ 0.00000e+00,  0.00000e+00,  4.50000e-05}
   ref-p (3x3):
      ref-p[    0]={ 1.00000e+00,  0.00000e+00,  0.00000e+00}
      ref-p[    1]={ 0.00000e+00,  1.00000e+00,  0.00000e+00}
      ref-p[    2]={ 0.00000e+00,  0.00000e+00,  1.00000e+00}
   refcoord-scaling               = COM
   posres-com (3):
      posres-com[0]= 4.97016e-01
      posres-com[1]= 5.01884e-01
      posres-com[2]= 4.99782e-01
   posres-comB (3):
      posres-comB[0]= 4.97016e-01
      posres-comB[1]= 5.01884e-01
      posres-comB[2]= 4.99782e-01
   QMMM                           = false
qm-opts:
   ngQM                           = 0
   constraint-algorithm           = Lincs
   continuation                   = true
   Shake-SOR                      = false
   shake-tol                      = 0.0001
   lincs-order                    = 4
   lincs-iter                     = 1
   lincs-warnangle                = 30
   nwall                          = 0
   wall-type                      = 9-3
   wall-r-linpot                  = -1
   wall-atomtype[0]               = -1
   wall-atomtype[1]               = -1
   wall-density[0]                = 0
   wall-density[1]                = 0
   wall-ewald-zfac                = 3
   pull                           = false
   awh                            = false
   rotation                       = false
   interactiveMD                  = false
   disre                          = No
   disre-weighting                = Conservative
   disre-mixed                    = false
   dr-fc                          = 1000
   dr-tau                         = 0
   nstdisreout                    = 100
   orire-fc                       = 0
   orire-tau                      = 0
   nstorireout                    = 100
   free-energy                    = no
   cos-acceleration               = 0
   deform (3x3):
      deform[    0]={ 0.00000e+00,  0.00000e+00,  0.00000e+00}
      deform[    1]={ 0.00000e+00,  0.00000e+00,  0.00000e+00}
      deform[    2]={ 0.00000e+00,  0.00000e+00,  0.00000e+00}
   simulated-tempering            = false
   swapcoords                     = no
   userint1                       = 0
   userint2                       = 0
   userint3                       = 0
   userint4                       = 0
   userreal1                      = 0
   userreal2                      = 0
   userreal3                      = 0
   userreal4                      = 0
   applied-forces:
     electric-field:
       x:
         E0                       = 0
         omega                    = 0
         t0                       = 0
         sigma                    = 0
       y:
         E0                       = 0
         omega                    = 0
         t0                       = 0
         sigma                    = 0
       z:
         E0                       = 0
         omega                    = 0
         t0                       = 0
         sigma                    = 0
     density-guided-simulation:
       active                     = false
       group                      = protein
       similarity-measure         = inner-product
       atom-spreading-weight      = unity
       force-constant             = 1e+09
       gaussian-transform-spreading-width = 0.2
       gaussian-transform-spreading-range-in-multiples-of-width = 4
       reference-density-filename = reference.mrc
       nst                        = 1
       normalize-densities        = true
       adaptive-force-scaling     = false
       adaptive-force-scaling-time-constant = 4
       shift-vector               = 
       transformation-matrix      = 
     qmmm-cp2k:
       active                     = false
       qmgroup                    = System
       qmmethod                   = PBE
       qmfilenames                = 
       qmcharge                   = 0
       qmmultiplicity             = 1
     colvars:
       active                     = false
       configfile                 = 
       seed                       = -1
grpopts:
   nrdf:     4920.79     63837.2
   ref-t:         300         300
   tau-t:         0.1         0.1
annealing:          No          No
annealing-npoints:           0           0
   acc:	           0           0           0
   nfreeze:           N           N           N
   energygrp-flags[  0]: 0

Changing nstlist from 10 to 50, rlist from 1 to 1.116


Initializing Domain Decomposition on 1 ranks
Dynamic load balancing: auto
Using update groups, nr 11645, average size 2.9 atoms, max. radius 0.103 nm
Minimum cell size due to atom displacement: 0.397 nm
Initial maximum distances in bonded interactions:
    two-body bonded interactions: 0.453 nm, LJ-14, atoms 1156 1405
  multi-body bonded interactions: 0.453 nm, Ryckaert-Bell., atoms 1156 1405
Minimum cell size due to bonded interactions: 0.499 nm
Using 0 separate PME ranks because: there are too few total ranks for efficient splitting
Optimizing the DD grid for 1 cells with a minimum initial size of 0.499 nm
The maximum allowed number of cells is: X 14 Y 14 Z 14
Domain decomposition grid 1 x 1 x 1, separate PME ranks 0
PME domain decomposition: 1 x 1 x 1

The initial number of communication pulses is:
The initial domain decomposition cell size is:

The maximum allowed distance for atom groups involved in interactions is:
                 non-bonded interactions           1.323 nm
(the following are initial values, they could change due to box deformation)
            two-body bonded interactions  (-rdd)   1.323 nm
          multi-body bonded interactions  (-rdd)   1.323 nm

When dynamic load balancing gets turned on, these settings will change to:
The maximum number of communication pulses is:
The minimum size for domain decomposition cells is 1.323 nm
The requested allowed shrink of DD cells (option -dds) is: 0.80
The allowed shrink of domain decomposition cells is:
The maximum allowed distance for atom groups involved in interactions is:
                 non-bonded interactions           1.323 nm
            two-body bonded interactions  (-rdd)   1.323 nm
          multi-body bonded interactions  (-rdd)   1.323 nm

Using 1 MPI thread
Using 2 OpenMP threads 

System total charge: -0.000
Will do PME sum in reciprocal space for electrostatic interactions.

++++ PLEASE READ AND CITE THE FOLLOWING REFERENCE ++++
U. Essmann, L. Perera, M. L. Berkowitz, T. Darden, H. Lee and L. G. Pedersen 
A smooth particle mesh Ewald method
J. Chem. Phys. 103 (1995) pp. 8577-8592
-------- -------- --- Thank You --- -------- --------

Using a Gaussian width (1/beta) of 0.320163 nm for Ewald
Potential shift: LJ r^-12: -1.000e+00 r^-6: -1.000e+00, Ewald -1.000e-05
Initialized non-bonded Coulomb Ewald tables, spacing: 9.33e-04 size: 1073

Generated table with 1058 data points for 1-4 COUL.
Tabscale = 500 points/nm
Generated table with 1058 data points for 1-4 LJ6.
Tabscale = 500 points/nm
Generated table with 1058 data points for 1-4 LJ12.
Tabscale = 500 points/nm
Long Range LJ corr.: <C6> 3.1923e-04


Using SIMD4xM 4x8 nonbonded short-range kernels

Using a dual 4x8 pair-list setup updated with dynamic pruning:
  outer list: updated every 50 steps, buffer 0.116 nm, rlist 1.116 nm
  inner list: updated every 10 steps, buffer 0.000 nm, rlist 1.000 nm
At tolerance 0.005 kJ/mol/ps per atom, equivalent classical 1x1 list would be:
  outer list: updated every 50 steps, buffer 0.244 nm, rlist 1.244 nm
  inner list: updated every 10 steps, buffer 0.035 nm, rlist 1.035 nm

The average pressure is off by at most 0.42 bar due to missing LJ interactions

Using Geometric Lennard-Jones combination rule

Linking all bonded interactions to atoms


Pinning threads with an auto-selected logical cpu stride of 1

Initializing LINear Constraint Solver

++++ PLEASE READ AND CITE THE FOLLOWING REFERENCE ++++
B. Hess and H. Bekker and H. J. C. Berendsen and J. G. E. M. Fraaije
LINCS: A Linear Constraint Solver for molecular simulations
J. Comp. Chem. 18 (1997) pp. 1463-1472
-------- -------- --- Thank You --- -------- --------

The number of constraints is 959

++++ PLEASE READ AND CITE THE FOLLOWING REFERENCE ++++
S. Miyamoto and P. A. Kollman
SETTLE: An Analytical Version of the SHAKE and RATTLE Algorithms for Rigid
Water Models
J. Comp. Chem. 13 (1992) pp. 952-962
-------- -------- --- Thank You --- -------- --------


++++ PLEASE READ AND CITE THE FOLLOWING REFERENCE ++++
G. Bussi, D. Donadio and M. Parrinello
Canonical sampling through velocity rescaling
J. Chem. Phys. 126 (2007) pp. 014101
-------- -------- --- Thank You --- -------- --------

There are: 33876 Atoms
Atom distribution over 1 domains: av 33876 stddev 0 min 33876 max 33876
Center of mass motion removal mode is Linear
We have the following groups for center of mass motion removal:
  0:  rest

Started mdrun on rank 0 Thu Oct  3 15:10:22 2024

           Step           Time
              0        0.00000

   Energies (kJ/mol)
           Bond          Angle    Proper Dih. Ryckaert-Bell.          LJ-14
    1.46685e+03    3.75790e+03    2.46108e+02    1.84679e+03    2.60791e+03
     Coulomb-14        LJ (SR)  Disper. corr.   Coulomb (SR)   Coul. recip.
    7.69685e+03    9.29118e+04   -4.44920e+03   -6.32276e+05    2.94095e+03
 Position Rest.      Potential    Kinetic En.   Total Energy  Conserved En.
    1.25935e-01   -5.23250e+05    8.60415e+04   -4.37208e+05   -4.37187e+05
    Temperature Pres. DC (bar) Pressure (bar)   Constr. rmsd
    3.01010e+02   -2.14729e+02   -1.97858e+02    2.58909e-06

           Step           Time
            500        1.00000

   Energies (kJ/mol)
           Bond          Angle    Proper Dih. Ryckaert-Bell.          LJ-14
    1.51246e+03    3.78927e+03    2.62177e+02    1.82478e+03    2.63271e+03
     Coulomb-14        LJ (SR)  Disper. corr.   Coulomb (SR)   Coul. recip.
    7.76823e+03    9.43590e+04   -4.57382e+03   -6.36260e+05    2.93690e+03
 Position Rest.      Potential    Kinetic En.   Total Energy  Conserved En.
    4.20642e+02   -5.25328e+05    8.57879e+04   -4.39540e+05   -4.36978e+05
    Temperature Pres. DC (bar) Pressure (bar)   Constr. rmsd
    3.00123e+02   -2.26910e+02    4.16183e+01    2.84124e-06

           Step           Time
           1000        2.00000

   Energies (kJ/mol)
           Bond          Angle    Proper Dih. Ryckaert-Bell.          LJ-14
    1.57488e+03    3.73106e+03    2.46854e+02    1.90696e+03    2.66137e+03
     Coulomb-14        LJ (SR)  Disper. corr.   Coulomb (SR)   Coul. recip.
    7.79707e+03    9.22059e+04   -4.52034e+03   -6.31247e+05    2.98508e+03
 Position Rest.      Potential    Kinetic En.   Total Energy  Conserved En.
    4.53340e+02   -5.22204e+05    8.59555e+04   -4.36249e+05   -4.36942e+05
    Temperature Pres. DC (bar) Pressure (bar)   Constr. rmsd
    3.00709e+02   -2.21642e+02   -3.49410e+02    2.73848e-06

           Step           Time
           1500        3.00000

   Energies (kJ/mol)
           Bond          Angle    Proper Dih. Ryckaert-Bell.          LJ-14
    1.56022e+03    3.77854e+03    2.22680e+02    1.76421e+03    2.68474e+03
     Coulomb-14        LJ (SR)  Disper. corr.   Coulomb (SR)   Coul. recip.
    7.77866e+03    9.29844e+04   -4.53544e+03   -6.33398e+05    2.96097e+03
 Position Rest.      Potential    Kinetic En.   Total Energy  Conserved En.
    4.31613e+02   -5.23768e+05    8.63671e+04   -4.37400e+05   -4.36886e+05
    Temperature Pres. DC (bar) Pressure (bar)   Constr. rmsd
    3.02149e+02   -2.23123e+02   -2.02266e+02    2.68107e-06

           Step           Time
           2000        4.00000

   Energies (kJ/mol)
           Bond          Angle    Proper Dih. Ryckaert-Bell.          LJ-14
    1.52068e+03    3.88325e+03    2.81012e+02    1.75655e+03    2.72819e+03
     Coulomb-14        LJ (SR)  Disper. corr.   Coulomb (SR)   Coul. recip.
    7.86442e+03    9.33225e+04   -4.57504e+03   -6.33784e+05    2.85765e+03
 Position Rest.      Potential    Kinetic En.   Total Energy  Conserved En.
    4.26942e+02   -5.23718e+05    8.64181e+04   -4.37300e+05   -4.36863e+05
    Temperature Pres. DC (bar) Pressure (bar)   Constr. rmsd
    3.02327e+02   -2.27032e+02    1.65675e+02    2.66916e-06

           Step           Time
           2500        5.00000

   Energies (kJ/mol)
           Bond          Angle    Proper Dih. Ryckaert-Bell.          LJ-14
    1.41303e+03    3.53246e+03    2.28126e+02    1.86180e+03    2.69233e+03
     Coulomb-14        LJ (SR)  Disper. corr.   Coulomb (SR)   Coul. recip.
    7.73598e+03    9.38707e+04   -4.57766e+03   -6.34728e+05    2.91897e+03
 Position Rest.      Potential    Kinetic En.   Total Energy  Conserved En.
    4.29066e+02   -5.24623e+05    8.50610e+04   -4.39562e+05   -4.36847e+05
    Temperature Pres. DC (bar) Pressure (bar)   Constr. rmsd
    2.97579e+02   -2.27292e+02    1.86408e+02    2.63053e-06

           Step           Time
           3000        6.00000

   Energies (kJ/mol)
           Bond          Angle    Proper Dih. Ryckaert-Bell.          LJ-14
    1.36657e+03    3.90748e+03    2.42623e+02    1.80326e+03    2.61823e+03
     Coulomb-14        LJ (SR)  Disper. corr.   Coulomb (SR)   Coul. recip.
    7.75770e+03    9.37194e+04   -4.54195e+03   -6.33508e+05    2.94811e+03
 Position Rest.      Potential    Kinetic En.   Total Energy  Conserved En.
    4.51276e+02   -5.23235e+05    8.54035e+04   -4.37832e+05   -4.36838e+05
    Temperature Pres. DC (bar) Pressure (bar)   Constr. rmsd
    2.98778e+02   -2.23763e+02   -2.17153e+00    2.69599e-06

           Step           Time
           3500        7.00000

   Energies (kJ/mol)
           Bond          Angle    Proper Dih. Ryckaert-Bell.          LJ-14
    1.39319e+03    3.72757e+03    2.51526e+02    1.79012e+03    2.62040e+03
     Coulomb-14        LJ (SR)  Disper. corr.   Coulomb (SR)   Coul. recip.
    7.73994e+03    9.45581e+04   -4.59000e+03   -6.37240e+05    2.94316e+03
 Position Rest.      Potential    Kinetic En.   Total Energy  Conserved En.
    4.91496e+02   -5.26315e+05    8.51463e+04   -4.41168e+05   -4.36807e+05
    Temperature Pres. DC (bar) Pressure (bar)   Constr. rmsd
    2.97878e+02   -2.28517e+02    1.98562e+02    2.50367e-06

           Step           Time
           4000        8.00000

   Energies (kJ/mol)
           Bond          Angle    Proper Dih. Ryckaert-Bell.          LJ-14
    1.43225e+03    3.77048e+03    2.61040e+02    1.86832e+03    2.64721e+03
     Coulomb-14        LJ (SR)  Disper. corr.   Coulomb (SR)   Coul. recip.
    7.81587e+03    9.27550e+04   -4.52453e+03   -6.33045e+05    2.92677e+03
 Position Rest.      Potential    Kinetic En.   Total Energy  Conserved En.
    4.90928e+02   -5.23602e+05    8.64393e+04   -4.37163e+05   -4.36776e+05
    Temperature Pres. DC (bar) Pressure (bar)   Constr. rmsd
    3.02401e+02   -2.22052e+02   -2.58296e+02    3.38809e-06

           Step           Time
           4500        9.00000

   Energies (kJ/mol)
           Bond          Angle    Proper Dih. Ryckaert-Bell.          LJ-14
    1.40849e+03    3.66299e+03    2.43314e+02    1.87960e+03    2.69884e+03
     Coulomb-14        LJ (SR)  Disper. corr.   Coulomb (SR)   Coul. recip.
    7.80481e+03    9.41216e+04   -4.60317e+03   -6.36196e+05    2.95928e+03
 Position Rest.      Potential    Kinetic En.   Total Energy  Conserved En.
    5.20885e+02   -5.25500e+05    8.58235e+04   -4.39676e+05   -4.36709e+05
    Temperature Pres. DC (bar) Pressure (bar)   Constr. rmsd
    3.00247e+02   -2.29828e+02    1.53309e+02    2.84332e-06

           Step           Time
           5000       10.00000

   Energies (kJ/mol)
           Bond          Angle    Proper Dih. Ryckaert-Bell.          LJ-14
    1.45636e+03    3.77170e+03    2.24294e+02    1.90028e+03    2.65772e+03
     Coulomb-14        LJ (SR)  Disper. corr.   Coulomb (SR)   Coul. recip.
    7.80330e+03    9.23561e+04   -4.52329e+03   -6.33010e+05    2.94833e+03
 Position Rest.      Potential    Kinetic En.   Total Energy  Conserved En.
    4.65641e+02   -5.23950e+05    8.56330e+04   -4.38317e+05   -4.36632e+05
    Temperature Pres. DC (bar) Pressure (bar)   Constr. rmsd
    2.99581e+02   -2.21930e+02   -3.53007e+02    2.98461e-06

           Step           Time
           5500       11.00000

   Energies (kJ/mol)
           Bond          Angle    Proper Dih. Ryckaert-Bell.          LJ-14
    1.37018e+03    3.64806e+03    2.49378e+02    1.92640e+03    2.71163e+03
     Coulomb-14        LJ (SR)  Disper. corr.   Coulomb (SR)   Coul. recip.
    7.81609e+03    9.41538e+04   -4.58992e+03   -6.35612e+05    2.89817e+03
 Position Rest.      Potential    Kinetic En.   Total Energy  Conserved En.
    4.78143e+02   -5.24950e+05    8.54523e+04   -4.39498e+05   -4.36549e+05
    Temperature Pres. DC (bar) Pressure (bar)   Constr. rmsd
    2.98949e+02   -2.28509e+02    2.07660e+02    2.80790e-06

           Step           Time
           6000       12.00000

   Energies (kJ/mol)
           Bond          Angle    Proper Dih. Ryckaert-Bell.          LJ-14
    1.46999e+03    3.65599e+03    2.77516e+02    1.86789e+03    2.72950e+03
     Coulomb-14        LJ (SR)  Disper. corr.   Coulomb (SR)   Coul. recip.
    7.77616e+03    9.35148e+04   -4.55307e+03   -6.34580e+05    2.96863e+03
 Position Rest.      Potential    Kinetic En.   Total Energy  Conserved En.
    4.83652e+02   -5.24389e+05    8.62997e+04   -4.38090e+05   -4.36510e+05
    Temperature Pres. DC (bar) Pressure (bar)   Constr. rmsd
    3.01913e+02   -2.24859e+02    1.35349e+02    2.76856e-06

           Step           Time
           6500       13.00000

   Energies (kJ/mol)
           Bond          Angle    Proper Dih. Ryckaert-Bell.          LJ-14
    1.51258e+03    3.63073e+03    2.22775e+02    1.82647e+03    2.70590e+03
     Coulomb-14        LJ (SR)  Disper. corr.   Coulomb (SR)   Coul. recip.
    7.78480e+03    9.24618e+04   -4.57385e+03   -6.33180e+05    2.85767e+03
 Position Rest.      Potential    Kinetic En.   Total Energy  Conserved En.
    4.87584e+02   -5.24264e+05    8.60522e+04   -4.38212e+05   -4.36515e+05
    Temperature Pres. DC (bar) Pressure (bar)   Constr. rmsd
    3.01047e+02   -2.26913e+02   -7.77354e+01    3.15160e-06

           Step           Time
           7000       14.00000

   Energies (kJ/mol)
           Bond          Angle    Proper Dih. Ryckaert-Bell.          LJ-14
    1.39921e+03    3.77372e+03    2.66857e+02    1.88313e+03    2.71686e+03
     Coulomb-14        LJ (SR)  Disper. corr.   Coulomb (SR)   Coul. recip.
    7.78584e+03    9.35852e+04   -4.59566e+03   -6.34428e+05    2.83615e+03
 Position Rest.      Potential    Kinetic En.   Total Energy  Conserved En.
    5.15684e+02   -5.24261e+05    8.63047e+04   -4.37956e+05   -4.36500e+05
    Temperature Pres. DC (bar) Pressure (bar)   Constr. rmsd
    3.01930e+02   -2.29080e+02    2.56386e+02    3.02714e-06

           Step           Time
           7500       15.00000

   Energies (kJ/mol)
           Bond          Angle    Proper Dih. Ryckaert-Bell.          LJ-14
    1.44477e+03    3.58993e+03    2.43443e+02    1.83363e+03    2.72449e+03
     Coulomb-14        LJ (SR)  Disper. corr.   Coulomb (SR)   Coul. recip.
    7.70301e+03    9.18289e+04   -4.56677e+03   -6.31756e+05    2.90798e+03
 Position Rest.      Potential    Kinetic En.   Total Energy  Conserved En.
    4.57299e+02   -5.23590e+05    8.59475e+04   -4.37642e+05   -4.36492e+05
    Temperature Pres. DC (bar) Pressure (bar)   Constr. rmsd
    3.00681e+02   -2.26212e+02   -1.00279e+02    2.80495e-06

           Step           Time
           8000       16.00000

   Energies (kJ/mol)
           Bond          Angle    Proper Dih. Ryckaert-Bell.          LJ-14
    1.49029e+03    3.65646e+03    2.40045e+02    1.88113e+03    2.65012e+03
     Coulomb-14        LJ (SR)  Disper. corr.   Coulomb (SR)   Coul. recip.
    7.77763e+03    9.35724e+04   -4.58281e+03   -6.34220e+05    2.89933e+03
 Position Rest.      Potential    Kinetic En.   Total Energy  Conserved En.
    4.67037e+02   -5.24168e+05    8.50784e+04   -4.39090e+05   -4.36481e+05
    Temperature Pres. DC (bar) Pressure (bar)   Constr. rmsd
    2.97640e+02   -2.27802e+02   -5.84092e-01    2.65331e-06

           Step           Time
           8500       17.00000

   Energies (kJ/mol)
           Bond          Angle    Proper Dih. Ryckaert-Bell.          LJ-14
    1.49001e+03    3.75175e+03    2.02924e+02    1.83176e+03    2.57951e+03
     Coulomb-14        LJ (SR)  Disper. corr.   Coulomb (SR)   Coul. recip.
    7.68621e+03    9.36870e+04   -4.54076e+03   -6.35186e+05    2.96927e+03
 Position Rest.      Potential    Kinetic En.   Total Energy  Conserved En.
    4.75795e+02   -5.25053e+05    8.62524e+04   -4.38800e+05   -4.36454e+05
    Temperature Pres. DC (bar) Pressure (bar)   Constr. rmsd
    3.01747e+02   -2.23646e+02   -1.43708e+02    2.74846e-06

           Step           Time
           9000       18.00000

   Energies (kJ/mol)
           Bond          Angle    Proper Dih. Ryckaert-Bell.          LJ-14
    1.50312e+03    3.72175e+03    2.72656e+02    1.81319e+03    2.67807e+03
     Coulomb-14        LJ (SR)  Disper. corr.   Coulomb (SR)   Coul. recip.
    7.75042e+03    9.36464e+04   -4.58030e+03   -6.34994e+05    2.98144e+03
 Position Rest.      Potential    Kinetic En.   Total Energy  Conserved En.
    4.62789e+02   -5.24745e+05    8.62125e+04   -4.38532e+05   -4.36411e+05
    Temperature Pres. DC (bar) Pressure (bar)   Constr. rmsd
    3.01608e+02   -2.27553e+02    6.40767e+00    2.84181e-06

           Step           Time
           9500       19.00000

   Energies (kJ/mol)
           Bond          Angle    Proper Dih. Ryckaert-Bell.          LJ-14
    1.44713e+03    3.77013e+03    2.84847e+02    1.83346e+03    2.68695e+03
     Coulomb-14        LJ (SR)  Disper. corr.   Coulomb (SR)   Coul. recip.
    7.79783e+03    9.28300e+04   -4.57500e+03   -6.33771e+05    2.92171e+03
 Position Rest.      Potential    Kinetic En.   Total Energy  Conserved En.
    4.69400e+02   -5.24304e+05    8.62493e+04   -4.38055e+05   -4.36426e+05
    Temperature Pres. DC (bar) Pressure (bar)   Constr. rmsd
    3.01737e+02   -2.27028e+02   -1.76571e+01    2.63122e-06

           Step           Time
          10000       20.00000

   Energies (kJ/mol)
           Bond          Angle    Proper Dih. Ryckaert-Bell.          LJ-14
    1.45408e+03    3.69204e+03    2.55083e+02    1.85836e+03    2.70534e+03
     Coulomb-14        LJ (SR)  Disper. corr.   Coulomb (SR)   Coul. recip.
    7.73004e+03    9.29430e+04   -4.54850e+03   -6.34632e+05    2.96043e+03
 Position Rest.      Potential    Kinetic En.   Total Energy  Conserved En.
    4.00421e+02   -5.25182e+05    8.55688e+04   -4.39613e+05   -4.36401e+05
    Temperature Pres. DC (bar) Pressure (bar)   Constr. rmsd
    2.99356e+02   -2.24408e+02   -6.89820e+01    2.76809e-06

           Step           Time
          10500       21.00000

   Energies (kJ/mol)
           Bond          Angle    Proper Dih. Ryckaert-Bell.          LJ-14
    1.43992e+03    3.79068e+03    2.69474e+02    1.86068e+03    2.74617e+03
     Coulomb-14        LJ (SR)  Disper. corr.   Coulomb (SR)   Coul. recip.
    7.79411e+03    9.29755e+04   -4.55978e+03   -6.33413e+05    2.97667e+03
 Position Rest.      Potential    Kinetic En.   Total Energy  Conserved En.
    4.99058e+02   -5.23620e+05    8.54592e+04   -4.38161e+05   -4.36386e+05
    Temperature Pres. DC (bar) Pressure (bar)   Constr. rmsd
    2.98972e+02   -2.25521e+02    7.69045e+01    2.95736e-06

           Step           Time
          11000       22.00000

   Energies (kJ/mol)
           Bond          Angle    Proper Dih. Ryckaert-Bell.          LJ-14
    1.48976e+03    3.87886e+03    2.38734e+02    1.79930e+03    2.68582e+03
     Coulomb-14        LJ (SR)  Disper. corr.   Coulomb (SR)   Coul. recip.
    7.73488e+03    9.27989e+04   -4.55208e+03   -6.33834e+05    2.98813e+03
 Position Rest.      Potential    Kinetic En.   Total Energy  Conserved En.
    4.52069e+02   -5.24320e+05    8.55262e+04   -4.38794e+05   -4.36370e+05
    Temperature Pres. DC (bar) Pressure (bar)   Constr. rmsd
    2.99207e+02   -2.24761e+02   -1.92384e+02    3.28391e-06

           Step           Time
          11500       23.00000

   Energies (kJ/mol)
           Bond          Angle    Proper Dih. Ryckaert-Bell.          LJ-14
    1.45667e+03    3.64709e+03    2.20682e+02    1.74739e+03    2.64448e+03
     Coulomb-14        LJ (SR)  Disper. corr.   Coulomb (SR)   Coul. recip.
    7.75180e+03    9.25913e+04   -4.56764e+03   -6.34230e+05    2.90957e+03
 Position Rest.      Potential    Kinetic En.   Total Energy  Conserved En.
    4.70819e+02   -5.25358e+05    8.50333e+04   -4.40324e+05   -4.36346e+05
    Temperature Pres. DC (bar) Pressure (bar)   Constr. rmsd
    2.97483e+02   -2.26299e+02   -3.69507e+02    2.75972e-06

           Step           Time
          12000       24.00000

   Energies (kJ/mol)
           Bond          Angle    Proper Dih. Ryckaert-Bell.          LJ-14
    1.44478e+03    3.71798e+03    2.26415e+02    1.75027e+03    2.67576e+03
     Coulomb-14        LJ (SR)  Disper. corr.   Coulomb (SR)   Coul. recip.
    7.73740e+03    9.58097e+04   -4.58384e+03   -6.38244e+05    2.90979e+03
 Position Rest.      Potential    Kinetic En.   Total Energy  Conserved En.
    4.44707e+02   -5.26111e+05    8.53818e+04   -4.40730e+05   -4.36315e+05
    Temperature Pres. DC (bar) Pressure (bar)   Constr. rmsd
    2.98702e+02   -2.27905e+02    3.33235e+02    3.18531e-06

           Step           Time
          12500       25.00000

   Energies (kJ/mol)
           Bond          Angle    Proper Dih. Ryckaert-Bell.          LJ-14
    1.55083e+03    3.59296e+03    2.50475e+02    1.81347e+03    2.74809e+03
     Coulomb-14        LJ (SR)  Disper. corr.   Coulomb (SR)   Coul. recip.
    7.76353e+03    9.19967e+04   -4.54867e+03   -6.31352e+05    2.96421e+03
 Position Rest.      Potential    Kinetic En.   Total Energy  Conserved En.
    4.60511e+02   -5.22759e+05    8.58187e+04   -4.36941e+05   -4.36315e+05
    Temperature Pres. DC (bar) Pressure (bar)   Constr. rmsd
    3.00230e+02   -2.24425e+02   -2.44825e+02    3.41068e-06

           Step           Time
          13000       26.00000

   Energies (kJ/mol)
           Bond          Angle    Proper Dih. Ryckaert-Bell.          LJ-14
    1.35636e+03    3.69060e+03    2.30418e+02    1.80811e+03    2.66722e+03
     Coulomb-14        LJ (SR)  Disper. corr.   Coulomb (SR)   Coul. recip.
    7.74424e+03    9.36268e+04   -4.56416e+03   -6.35237e+05    2.87531e+03
 Position Rest.      Potential    Kinetic En.   Total Energy  Conserved En.
    4.60089e+02   -5.25342e+05    8.60036e+04   -4.39338e+05   -4.36332e+05
    Temperature Pres. DC (bar) Pressure (bar)   Constr. rmsd
    3.00877e+02   -2.25955e+02    7.29997e+00    3.03959e-06

           Step           Time
          13500       27.00000

   Energies (kJ/mol)
           Bond          Angle    Proper Dih. Ryckaert-Bell.          LJ-14
    1.41621e+03    3.61827e+03    2.55021e+02    1.85612e+03    2.59806e+03
     Coulomb-14        LJ (SR)  Disper. corr.   Coulomb (SR)   Coul. recip.
    7.70792e+03    9.35753e+04   -4.54651e+03   -6.35171e+05    2.86897e+03
 Position Rest.      Potential    Kinetic En.   Total Energy  Conserved En.
    4.64185e+02   -5.25358e+05    8.64271e+04   -4.38931e+05   -4.36296e+05
    Temperature Pres. DC (bar) Pressure (bar)   Constr. rmsd
    3.02359e+02   -2.24213e+02   -1.84834e+02    2.76887e-06

           Step           Time
          14000       28.00000

   Energies (kJ/mol)
           Bond          Angle    Proper Dih. Ryckaert-Bell.          LJ-14
    1.42543e+03    3.78711e+03    2.44966e+02    1.85205e+03    2.68674e+03
     Coulomb-14        LJ (SR)  Disper. corr.   Coulomb (SR)   Coul. recip.
    7.79129e+03    9.31976e+04   -4.54947e+03   -6.33329e+05    2.90086e+03
 Position Rest.      Potential    Kinetic En.   Total Energy  Conserved En.
    5.38981e+02   -5.23453e+05    8.53612e+04   -4.38092e+05   -4.36250e+05
    Temperature Pres. DC (bar) Pressure (bar)   Constr. rmsd
    2.98630e+02   -2.24504e+02   -8.19234e-01    2.50154e-06

           Step           Time
          14500       29.00000

   Energies (kJ/mol)
           Bond          Angle    Proper Dih. Ryckaert-Bell.          LJ-14
    1.38366e+03    3.81973e+03    2.71624e+02    1.95408e+03    2.61919e+03
     Coulomb-14        LJ (SR)  Disper. corr.   Coulomb (SR)   Coul. recip.
    7.76814e+03    9.38422e+04   -4.55805e+03   -6.33613e+05    2.92680e+03
 Position Rest.      Potential    Kinetic En.   Total Energy  Conserved En.
    4.73292e+02   -5.23112e+05    8.57834e+04   -4.37329e+05   -4.36257e+05
    Temperature Pres. DC (bar) Pressure (bar)   Constr. rmsd
    3.00107e+02   -2.25350e+02    4.74185e+01    3.14845e-06

           Step           Time
          15000       30.00000

   Energies (kJ/mol)
           Bond          Angle    Proper Dih. Ryckaert-Bell.          LJ-14
    1.40057e+03    3.75366e+03    2.40356e+02    1.83384e+03    2.75193e+03
     Coulomb-14        LJ (SR)  Disper. corr.   Coulomb (SR)   Coul. recip.
    7.78419e+03    9.45298e+04   -4.54767e+03   -6.34137e+05    2.92953e+03
 Position Rest.      Potential    Kinetic En.   Total Energy  Conserved En.
    4.27738e+02   -5.23033e+05    8.54738e+04   -4.37559e+05   -4.36208e+05
    Temperature Pres. DC (bar) Pressure (bar)   Constr. rmsd
    2.99024e+02   -2.24327e+02    3.32254e+02    2.90294e-06

           Step           Time
          15500       31.00000

   Energies (kJ/mol)
           Bond          Angle    Proper Dih. Ryckaert-Bell.          LJ-14
    1.51010e+03    3.62318e+03    2.59953e+02    1.84069e+03    2.61376e+03
     Coulomb-14        LJ (SR)  Disper. corr.   Coulomb (SR)   Coul. recip.
    7.72637e+03    9.37388e+04   -4.54300e+03   -6.33818e+05    2.95470e+03
 Position Rest.      Potential    Kinetic En.   Total Energy  Conserved En.
    4.87507e+02   -5.23606e+05    8.62219e+04   -4.37384e+05   -4.36201e+05
    Temperature Pres. DC (bar) Pressure (bar)   Constr. rmsd
    3.01641e+02   -2.23867e+02   -1.34343e+02    2.97456e-06

           Step           Time
          16000       32.00000

   Energies (kJ/mol)
           Bond          Angle    Proper Dih. Ryckaert-Bell.          LJ-14
    1.42793e+03    3.67218e+03    2.66695e+02    1.79993e+03    2.69168e+03
     Coulomb-14        LJ (SR)  Disper. corr.   Coulomb (SR)   Coul. recip.
    7.83288e+03    9.35755e+04   -4.54781e+03   -6.33908e+05    2.94728e+03
 Position Rest.      Potential    Kinetic En.   Total Energy  Conserved En.
    5.02499e+02   -5.23739e+05    8.62307e+04   -4.37509e+05   -4.36164e+05
    Temperature Pres. DC (bar) Pressure (bar)   Constr. rmsd
    3.01672e+02   -2.24340e+02    3.61364e+01    2.94126e-06

           Step           Time
          16500       33.00000

   Energies (kJ/mol)
           Bond          Angle    Proper Dih. Ryckaert-Bell.          LJ-14
    1.39739e+03    3.67678e+03    2.48728e+02    1.80908e+03    2.66877e+03
     Coulomb-14        LJ (SR)  Disper. corr.   Coulomb (SR)   Coul. recip.
    7.68969e+03    9.32548e+04   -4.59386e+03   -6.33877e+05    2.98756e+03
 Position Rest.      Potential    Kinetic En.   Total Energy  Conserved En.
    5.13713e+02   -5.24225e+05    8.57250e+04   -4.38500e+05   -4.36151e+05
    Temperature Pres. DC (bar) Pressure (bar)   Constr. rmsd
    2.99903e+02   -2.28901e+02   -5.64861e+01    3.19759e-06

           Step           Time
          17000       34.00000

   Energies (kJ/mol)
           Bond          Angle    Proper Dih. Ryckaert-Bell.          LJ-14
    1.44804e+03    3.77995e+03    2.50954e+02    1.87597e+03    2.71662e+03
     Coulomb-14        LJ (SR)  Disper. corr.   Coulomb (SR)   Coul. recip.
    7.77381e+03    9.27273e+04   -4.55172e+03   -6.33774e+05    2.95392e+03
 Position Rest.      Potential    Kinetic En.   Total Energy  Conserved En.
    4.78627e+02   -5.24321e+05    8.58240e+04   -4.38497e+05   -4.36121e+05
    Temperature Pres. DC (bar) Pressure (bar)   Constr. rmsd
    3.00249e+02   -2.24725e+02   -1.43797e+02    2.94150e-06

           Step           Time
          17500       35.00000

   Energies (kJ/mol)
           Bond          Angle    Proper Dih. Ryckaert-Bell.          LJ-14
    1.47977e+03    3.84587e+03    2.42630e+02    1.89545e+03    2.63985e+03
     Coulomb-14        LJ (SR)  Disper. corr.   Coulomb (SR)   Coul. recip.
    7.69287e+03    9.36473e+04   -4.56899e+03   -6.33910e+05    2.97560e+03
 Position Rest.      Potential    Kinetic En.   Total Energy  Conserved En.
    4.89891e+02   -5.23570e+05    8.62145e+04   -4.37355e+05   -4.36103e+05
    Temperature Pres. DC (bar) Pressure (bar)   Constr. rmsd
    3.01615e+02   -2.26433e+02    2.14807e+02    2.84459e-06

           Step           Time
          18000       36.00000

   Energies (kJ/mol)
           Bond          Angle    Proper Dih. Ryckaert-Bell.          LJ-14
    1.48813e+03    3.76513e+03    2.53413e+02    1.83031e+03    2.64100e+03
     Coulomb-14        LJ (SR)  Disper. corr.   Coulomb (SR)   Coul. recip.
    7.65526e+03    9.40495e+04   -4.55328e+03   -6.35686e+05    2.97145e+03
 Position Rest.      Potential    Kinetic En.   Total Energy  Conserved En.
    4.34779e+02   -5.25150e+05    8.57452e+04   -4.39405e+05   -4.36129e+05
    Temperature Pres. DC (bar) Pressure (bar)   Constr. rmsd
    2.99973e+02   -2.24880e+02   -6.41906e+01    2.99453e-06

           Step           Time
          18500       37.00000

   Energies (kJ/mol)
           Bond          Angle    Proper Dih. Ryckaert-Bell.          LJ-14
    1.55109e+03    3.77561e+03    2.54230e+02    1.81163e+03    2.64904e+03
     Coulomb-14        LJ (SR)  Disper. corr.   Coulomb (SR)   Coul. recip.
    7.75908e+03    9.58031e+04   -4.57198e+03   -6.37154e+05    2.96547e+03
 Position Rest.      Potential    Kinetic En.   Total Energy  Conserved En.
    4.82132e+02   -5.24674e+05    8.53535e+04   -4.39321e+05   -4.36088e+05
    Temperature Pres. DC (bar) Pressure (bar)   Constr. rmsd
    2.98603e+02   -2.26728e+02    2.54733e+02    2.40667e-06

           Step           Time
          19000       38.00000

   Energies (kJ/mol)
           Bond          Angle    Proper Dih. Ryckaert-Bell.          LJ-14
    1.42508e+03    3.86904e+03    2.43484e+02    1.89272e+03    2.73189e+03
     Coulomb-14        LJ (SR)  Disper. corr.   Coulomb (SR)   Coul. recip.
    7.82235e+03    9.42353e+04   -4.54388e+03   -6.33858e+05    2.89529e+03
 Position Rest.      Potential    Kinetic En.   Total Energy  Conserved En.
    4.42343e+02   -5.22844e+05    8.65068e+04   -4.36337e+05   -4.36086e+05
    Temperature Pres. DC (bar) Pressure (bar)   Constr. rmsd
    3.02637e+02   -2.23953e+02    2.73874e+02    2.92570e-06

           Step           Time
          19500       39.00000

   Energies (kJ/mol)
           Bond          Angle    Proper Dih. Ryckaert-Bell.          LJ-14
    1.43992e+03    3.62526e+03    2.28684e+02    1.91794e+03    2.69761e+03
     Coulomb-14        LJ (SR)  Disper. corr.   Coulomb (SR)   Coul. recip.
    7.84787e+03    9.57000e+04   -4.59612e+03   -6.37861e+05    2.91838e+03
 Position Rest.      Potential    Kinetic En.   Total Energy  Conserved En.
    5.03918e+02   -5.25577e+05    8.53753e+04   -4.40202e+05   -4.35999e+05
    Temperature Pres. DC (bar) Pressure (bar)   Constr. rmsd
    2.98679e+02   -2.29126e+02    3.87585e+02    3.21544e-06

           Step           Time
          20000       40.00000

   Energies (kJ/mol)
           Bond          Angle    Proper Dih. Ryckaert-Bell.          LJ-14
    1.46037e+03    3.59349e+03    2.43661e+02    1.82347e+03    2.64059e+03
     Coulomb-14        LJ (SR)  Disper. corr.   Coulomb (SR)   Coul. recip.
    7.76574e+03    9.27241e+04   -4.54284e+03   -6.33167e+05    2.92685e+03
 Position Rest.      Potential    Kinetic En.   Total Energy  Conserved En.
    4.87517e+02   -5.24044e+05    8.55625e+04   -4.38482e+05   -4.35968e+05
    Temperature Pres. DC (bar) Pressure (bar)   Constr. rmsd
    2.99334e+02   -2.23851e+02   -2.16871e+02    3.15197e-06

           Step           Time
          20500       41.00000

   Energies (kJ/mol)
           Bond          Angle    Proper Dih. Ryckaert-Bell.          LJ-14
    1.39878e+03    3.45132e+03    2.38018e+02    1.81020e+03    2.66604e+03
     Coulomb-14        LJ (SR)  Disper. corr.   Coulomb (SR)   Coul. recip.
    7.79282e+03    9.34338e+04   -4.57037e+03   -6.34986e+05    2.85177e+03
 Position Rest.      Potential    Kinetic En.   Total Energy  Conserved En.
    4.77638e+02   -5.25436e+05    8.57394e+04   -4.39696e+05   -4.35937e+05
    Temperature Pres. DC (bar) Pressure (bar)   Constr. rmsd
    2.99953e+02   -2.26569e+02   -1.48454e+02    2.95714e-06

           Step           Time
          21000       42.00000

   Energies (kJ/mol)
           Bond          Angle    Proper Dih. Ryckaert-Bell.          LJ-14
    1.45465e+03    3.58003e+03    2.47556e+02    1.79764e+03    2.63779e+03
     Coulomb-14        LJ (SR)  Disper. corr.   Coulomb (SR)   Coul. recip.
    7.69735e+03    9.32616e+04   -4.55213e+03   -6.33970e+05    2.96496e+03
 Position Rest.      Potential    Kinetic En.   Total Energy  Conserved En.
    4.65791e+02   -5.24414e+05    8.45497e+04   -4.39865e+05   -4.35893e+05
    Temperature Pres. DC (bar) Pressure (bar)   Constr. rmsd
    2.95791e+02   -2.24766e+02   -1.89940e+02    2.74482e-06

           Step           Time
          21500       43.00000

   Energies (kJ/mol)
           Bond          Angle    Proper Dih. Ryckaert-Bell.          LJ-14
    1.45955e+03    3.84535e+03    2.41808e+02    1.85443e+03    2.66419e+03
     Coulomb-14        LJ (SR)  Disper. corr.   Coulomb (SR)   Coul. recip.
    7.78498e+03    9.18466e+04   -4.54813e+03   -6.32494e+05    2.97791e+03
 Position Rest.      Potential    Kinetic En.   Total Energy  Conserved En.
    4.74221e+02   -5.23893e+05    8.60978e+04   -4.37796e+05   -4.35859e+05
    Temperature Pres. DC (bar) Pressure (bar)   Constr. rmsd
    3.01207e+02   -2.24372e+02   -3.12363e+02    2.72538e-06

           Step           Time
          22000       44.00000

   Energies (kJ/mol)
           Bond          Angle    Proper Dih. Ryckaert-Bell.          LJ-14
    1.42315e+03    3.72313e+03    2.38025e+02    1.91627e+03    2.63072e+03
     Coulomb-14        LJ (SR)  Disper. corr.   Coulomb (SR)   Coul. recip.
    7.82271e+03    9.45132e+04   -4.59377e+03   -6.36199e+05    2.83009e+03
 Position Rest.      Potential    Kinetic En.   Total Energy  Conserved En.
    4.36705e+02   -5.25259e+05    8.53740e+04   -4.39885e+05   -4.35833e+05
    Temperature Pres. DC (bar) Pressure (bar)   Constr. rmsd
    2.98674e+02   -2.28892e+02    1.45394e+02    2.74539e-06

           Step           Time
          22500       45.00000

   Energies (kJ/mol)
           Bond          Angle    Proper Dih. Ryckaert-Bell.          LJ-14
    1.34821e+03    3.69684e+03    2.46520e+02    1.94252e+03    2.75915e+03
     Coulomb-14        LJ (SR)  Disper. corr.   Coulomb (SR)   Coul. recip.
    7.73602e+03    9.41096e+04   -4.54808e+03   -6.34476e+05    2.92308e+03
 Position Rest.      Potential    Kinetic En.   Total Energy  Conserved En.
    4.91323e+02   -5.23771e+05    8.46488e+04   -4.39122e+05   -4.35802e+05
    Temperature Pres. DC (bar) Pressure (bar)   Constr. rmsd
    2.96137e+02   -2.24367e+02    1.85707e+02    2.95625e-06

           Step           Time
          23000       46.00000

   Energies (kJ/mol)
           Bond          Angle    Proper Dih. Ryckaert-Bell.          LJ-14
    1.37018e+03    3.70658e+03    2.48897e+02    1.85021e+03    2.70427e+03
     Coulomb-14        LJ (SR)  Disper. corr.   Coulomb (SR)   Coul. recip.
    7.69300e+03    9.34684e+04   -4.57102e+03   -6.34032e+05    2.86781e+03
 Position Rest.      Potential    Kinetic En.   Total Energy  Conserved En.
    4.51490e+02   -5.24242e+05    8.56100e+04   -4.38632e+05   -4.35799e+05
    Temperature Pres. DC (bar) Pressure (bar)   Constr. rmsd
    2.99500e+02   -2.26633e+02    1.77867e+02    2.92822e-06

           Step           Time
          23500       47.00000

   Energies (kJ/mol)
           Bond          Angle    Proper Dih. Ryckaert-Bell.          LJ-14
    1.40571e+03    3.84271e+03    2.04622e+02    1.90713e+03    2.75864e+03
     Coulomb-14        LJ (SR)  Disper. corr.   Coulomb (SR)   Coul. recip.
    7.79041e+03    9.28553e+04   -4.57140e+03   -6.33663e+05    3.00940e+03
 Position Rest.      Potential    Kinetic En.   Total Energy  Conserved En.
    4.26307e+02   -5.24034e+05    8.64984e+04   -4.37536e+05   -4.35785e+05
    Temperature Pres. DC (bar) Pressure (bar)   Constr. rmsd
    3.02608e+02   -2.26671e+02    1.11702e+02    2.98035e-06

           Step           Time
          24000       48.00000

   Energies (kJ/mol)
           Bond          Angle    Proper Dih. Ryckaert-Bell.          LJ-14
    1.41898e+03    3.70801e+03    2.46233e+02    1.91232e+03    2.65342e+03
     Coulomb-14        LJ (SR)  Disper. corr.   Coulomb (SR)   Coul. recip.
    7.66581e+03    9.30595e+04   -4.57756e+03   -6.34743e+05    2.93637e+03
 Position Rest.      Potential    Kinetic En.   Total Energy  Conserved En.
    4.83310e+02   -5.25236e+05    8.57030e+04   -4.39533e+05   -4.35788e+05
    Temperature Pres. DC (bar) Pressure (bar)   Constr. rmsd
    2.99825e+02   -2.27281e+02   -9.08244e+01    2.81137e-06

           Step           Time
          24500       49.00000

   Energies (kJ/mol)
           Bond          Angle    Proper Dih. Ryckaert-Bell.          LJ-14
    1.47210e+03    3.79452e+03    2.64140e+02    1.80161e+03    2.71879e+03
     Coulomb-14        LJ (SR)  Disper. corr.   Coulomb (SR)   Coul. recip.
    7.78777e+03    9.40273e+04   -4.56367e+03   -6.35111e+05    2.98743e+03
 Position Rest.      Potential    Kinetic En.   Total Energy  Conserved En.
    5.05436e+02   -5.24315e+05    8.60304e+04   -4.38285e+05   -4.35759e+05
    Temperature Pres. DC (bar) Pressure (bar)   Constr. rmsd
    3.00971e+02   -2.25905e+02    1.86494e+01    2.94829e-06

           Step           Time
          25000       50.00000

   Energies (kJ/mol)
           Bond          Angle    Proper Dih. Ryckaert-Bell.          LJ-14
    1.41811e+03    3.73380e+03    2.88672e+02    1.84900e+03    2.64805e+03
     Coulomb-14        LJ (SR)  Disper. corr.   Coulomb (SR)   Coul. recip.
    7.78359e+03    9.34974e+04   -4.57047e+03   -6.34758e+05    2.85887e+03
 Position Rest.      Potential    Kinetic En.   Total Energy  Conserved En.
    4.47988e+02   -5.24802e+05    8.59999e+04   -4.38803e+05   -4.35755e+05
    Temperature Pres. DC (bar) Pressure (bar)   Constr. rmsd
    3.00864e+02   -2.26579e+02   -3.54222e+01    2.90139e-06

           Step           Time
          25500       51.00000

   Energies (kJ/mol)
           Bond          Angle    Proper Dih. Ryckaert-Bell.          LJ-14
    1.37163e+03    3.86525e+03    2.27769e+02    1.83715e+03    2.65480e+03
     Coulomb-14        LJ (SR)  Disper. corr.   Coulomb (SR)   Coul. recip.
    7.72574e+03    9.36593e+04   -4.55967e+03   -6.34756e+05    2.94696e+03
 Position Rest.      Potential    Kinetic En.   Total Energy  Conserved En.
    4.45570e+02   -5.24581e+05    8.50997e+04   -4.39482e+05   -4.35703e+05
    Temperature Pres. DC (bar) Pressure (bar)   Constr. rmsd
    2.97715e+02   -2.25511e+02   -1.52243e+00    2.99576e-06

           Step           Time
          26000       52.00000

   Energies (kJ/mol)
           Bond          Angle    Proper Dih. Ryckaert-Bell.          LJ-14
    1.39785e+03    3.71557e+03    2.41338e+02    1.84586e+03    2.70952e+03
     Coulomb-14        LJ (SR)  Disper. corr.   Coulomb (SR)   Coul. recip.
    7.76171e+03    9.50640e+04   -4.60565e+03   -6.36560e+05    2.87861e+03
 Position Rest.      Potential    Kinetic En.   Total Energy  Conserved En.
    4.40621e+02   -5.25111e+05    8.63292e+04   -4.38782e+05   -4.35649e+05
    Temperature Pres. DC (bar) Pressure (bar)   Constr. rmsd
    3.02016e+02   -2.30076e+02    3.82864e+02    3.27942e-06

           Step           Time
          26500       53.00000

   Energies (kJ/mol)
           Bond          Angle    Proper Dih. Ryckaert-Bell.          LJ-14
    1.37102e+03    3.80880e+03    2.45241e+02    1.87082e+03    2.69865e+03
     Coulomb-14        LJ (SR)  Disper. corr.   Coulomb (SR)   Coul. recip.
    7.73551e+03    9.21708e+04   -4.53787e+03   -6.32091e+05    2.97825e+03
 Position Rest.      Potential    Kinetic En.   Total Energy  Conserved En.
    4.57746e+02   -5.23292e+05    8.59618e+04   -4.37330e+05   -4.35616e+05
    Temperature Pres. DC (bar) Pressure (bar)   Constr. rmsd
    3.00731e+02   -2.23361e+02   -1.20470e+02    3.07774e-06

           Step           Time
          27000       54.00000

   Energies (kJ/mol)
           Bond          Angle    Proper Dih. Ryckaert-Bell.          LJ-14
    1.42642e+03    3.62564e+03    2.59970e+02    1.83016e+03    2.68113e+03
     Coulomb-14        LJ (SR)  Disper. corr.   Coulomb (SR)   Coul. recip.
    7.83392e+03    9.15165e+04   -4.55592e+03   -6.31102e+05    2.95899e+03
 Position Rest.      Potential    Kinetic En.   Total Energy  Conserved En.
    4.59846e+02   -5.23065e+05    8.59329e+04   -4.37132e+05   -4.35610e+05
    Temperature Pres. DC (bar) Pressure (bar)   Constr. rmsd
    3.00630e+02   -2.25140e+02   -3.98940e+01    2.93241e-06

           Step           Time
          27500       55.00000

   Energies (kJ/mol)
           Bond          Angle    Proper Dih. Ryckaert-Bell.          LJ-14
    1.36155e+03    3.81242e+03    2.42444e+02    1.89140e+03    2.67848e+03
     Coulomb-14        LJ (SR)  Disper. corr.   Coulomb (SR)   Coul. recip.
    7.74598e+03    9.38411e+04   -4.54964e+03   -6.34381e+05    2.93139e+03
 Position Rest.      Potential    Kinetic En.   Total Energy  Conserved En.
    4.86624e+02   -5.23939e+05    8.54563e+04   -4.38483e+05   -4.35590e+05
    Temperature Pres. DC (bar) Pressure (bar)   Constr. rmsd
    2.98962e+02   -2.24521e+02    8.12080e+00    2.52773e-06

           Step           Time
          28000       56.00000

   Energies (kJ/mol)
           Bond          Angle    Proper Dih. Ryckaert-Bell.          LJ-14
    1.43998e+03    3.66854e+03    2.61807e+02    1.82399e+03    2.63355e+03
     Coulomb-14        LJ (SR)  Disper. corr.   Coulomb (SR)   Coul. recip.
    7.73089e+03    9.30901e+04   -4.56072e+03   -6.33798e+05    2.92762e+03
 Position Rest.      Potential    Kinetic En.   Total Energy  Conserved En.
    4.87106e+02   -5.24295e+05    8.48012e+04   -4.39493e+05   -4.35575e+05
    Temperature Pres. DC (bar) Pressure (bar)   Constr. rmsd
    2.96671e+02   -2.25614e+02   -1.22488e+02    2.66832e-06

           Step           Time
          28500       57.00000

   Energies (kJ/mol)
           Bond          Angle    Proper Dih. Ryckaert-Bell.          LJ-14
    1.57867e+03    3.69367e+03    2.32366e+02    1.81014e+03    2.63547e+03
     Coulomb-14        LJ (SR)  Disper. corr.   Coulomb (SR)   Coul. recip.
    7.78901e+03    9.32515e+04   -4.56438e+03   -6.32792e+05    2.92154e+03
 Position Rest.      Potential    Kinetic En.   Total Energy  Conserved En.
    4.65174e+02   -5.22979e+05    8.65813e+04   -4.36398e+05   -4.35548e+05
    Temperature Pres. DC (bar) Pressure (bar)   Constr. rmsd
    3.02898e+02   -2.25976e+02   -6.66351e-01    3.09513e-06

           Step           Time
          29000       58.00000

   Energies (kJ/mol)
           Bond          Angle    Proper Dih. Ryckaert-Bell.          LJ-14
    1.51864e+03    3.69439e+03    2.43077e+02    1.82320e+03    2.57370e+03
     Coulomb-14        LJ (SR)  Disper. corr.   Coulomb (SR)   Coul. recip.
    7.63899e+03    9.32798e+04   -4.55783e+03   -6.33660e+05    2.90564e+03
 Position Rest.      Potential    Kinetic En.   Total Energy  Conserved En.
    4.44217e+02   -5.24097e+05    8.57187e+04   -4.38378e+05   -4.35524e+05
    Temperature Pres. DC (bar) Pressure (bar)   Constr. rmsd
    2.99881e+02   -2.25329e+02   -1.06166e+02    3.23703e-06

           Step           Time
          29500       59.00000

   Energies (kJ/mol)
           Bond          Angle    Proper Dih. Ryckaert-Bell.          LJ-14
    1.51128e+03    3.59729e+03    2.58813e+02    1.82735e+03    2.60390e+03
     Coulomb-14        LJ (SR)  Disper. corr.   Coulomb (SR)   Coul. recip.
    7.63194e+03    9.30142e+04   -4.54029e+03   -6.33781e+05    2.97611e+03
 Position Rest.      Potential    Kinetic En.   Total Energy  Conserved En.
    4.57117e+02   -5.24444e+05    8.46548e+04   -4.39789e+05   -4.35501e+05
    Temperature Pres. DC (bar) Pressure (bar)   Constr. rmsd
    2.96158e+02   -2.23599e+02   -1.75925e+02    2.88448e-06

           Step           Time
          30000       60.00000

   Energies (kJ/mol)
           Bond          Angle    Proper Dih. Ryckaert-Bell.          LJ-14
    1.42870e+03    3.79448e+03    2.52025e+02    1.82798e+03    2.62816e+03
     Coulomb-14        LJ (SR)  Disper. corr.   Coulomb (SR)   Coul. recip.
    7.75875e+03    9.37595e+04   -4.56143e+03   -6.34133e+05    2.98792e+03
 Position Rest.      Potential    Kinetic En.   Total Energy  Conserved En.
    4.70317e+02   -5.23787e+05    8.55494e+04   -4.38238e+05   -4.35472e+05
    Temperature Pres. DC (bar) Pressure (bar)   Constr. rmsd
    2.99288e+02   -2.25684e+02   -7.37668e-01    2.89887e-06

           Step           Time
          30500       61.00000

   Energies (kJ/mol)
           Bond          Angle    Proper Dih. Ryckaert-Bell.          LJ-14
    1.52986e+03    3.74788e+03    2.26198e+02    1.82751e+03    2.72077e+03
     Coulomb-14        LJ (SR)  Disper. corr.   Coulomb (SR)   Coul. recip.
    7.79371e+03    9.30804e+04   -4.55227e+03   -6.33987e+05    2.96637e+03
 Position Rest.      Potential    Kinetic En.   Total Energy  Conserved En.
    4.53269e+02   -5.24193e+05    8.51351e+04   -4.39058e+05   -4.35475e+05
    Temperature Pres. DC (bar) Pressure (bar)   Constr. rmsd
    2.97839e+02   -2.24779e+02   -7.08370e+01    3.13220e-06

           Step           Time
          31000       62.00000

   Energies (kJ/mol)
           Bond          Angle    Proper Dih. Ryckaert-Bell.          LJ-14
    1.51130e+03    3.83232e+03    2.43086e+02    1.85273e+03    2.66048e+03
     Coulomb-14        LJ (SR)  Disper. corr.   Coulomb (SR)   Coul. recip.
    7.70989e+03    9.27379e+04   -4.56030e+03   -6.33290e+05    2.89368e+03
 Position Rest.      Potential    Kinetic En.   Total Energy  Conserved En.
    4.40430e+02   -5.23969e+05    8.53007e+04   -4.38668e+05   -4.35454e+05
    Temperature Pres. DC (bar) Pressure (bar)   Constr. rmsd
    2.98418e+02   -2.25573e+02   -4.28831e+01    3.27846e-06

           Step           Time
          31500       63.00000

   Energies (kJ/mol)
           Bond          Angle    Proper Dih. Ryckaert-Bell.          LJ-14
    1.38977e+03    3.77892e+03    2.45352e+02    1.88561e+03    2.73233e+03
     Coulomb-14        LJ (SR)  Disper. corr.   Coulomb (SR)   Coul. recip.
    7.86776e+03    9.28814e+04   -4.54790e+03   -6.33922e+05    2.93951e+03
 Position Rest.      Potential    Kinetic En.   Total Energy  Conserved En.
    4.75982e+02   -5.24274e+05    8.60207e+04   -4.38253e+05   -4.35472e+05
    Temperature Pres. DC (bar) Pressure (bar)   Constr. rmsd
    3.00937e+02   -2.24349e+02   -6.26699e+01    2.91809e-06

           Step           Time
          32000       64.00000

   Energies (kJ/mol)
           Bond          Angle    Proper Dih. Ryckaert-Bell.          LJ-14
    1.39246e+03    3.66402e+03    2.01686e+02    1.85572e+03    2.74086e+03
     Coulomb-14        LJ (SR)  Disper. corr.   Coulomb (SR)   Coul. recip.
    7.73198e+03    9.33074e+04   -4.57581e+03   -6.33979e+05    2.96602e+03
 Position Rest.      Potential    Kinetic En.   Total Energy  Conserved En.
    4.42051e+02   -5.24252e+05    8.55262e+04   -4.38726e+05   -4.35456e+05
    Temperature Pres. DC (bar) Pressure (bar)   Constr. rmsd
    2.99207e+02   -2.27108e+02    4.48851e+01    2.57350e-06

           Step           Time
          32500       65.00000

   Energies (kJ/mol)
           Bond          Angle    Proper Dih. Ryckaert-Bell.          LJ-14
    1.48642e+03    3.71741e+03    2.27054e+02    1.77729e+03    2.64211e+03
     Coulomb-14        LJ (SR)  Disper. corr.   Coulomb (SR)   Coul. recip.
    7.75709e+03    9.29709e+04   -4.54318e+03   -6.33401e+05    2.96354e+03
 Position Rest.      Potential    Kinetic En.   Total Energy  Conserved En.
    5.00451e+02   -5.23902e+05    8.69728e+04   -4.36929e+05   -4.35456e+05
    Temperature Pres. DC (bar) Pressure (bar)   Constr. rmsd
    3.04268e+02   -2.23884e+02   -8.61679e+01    3.26599e-06

           Step           Time
          33000       66.00000

   Energies (kJ/mol)
           Bond          Angle    Proper Dih. Ryckaert-Bell.          LJ-14
    1.52080e+03    3.67343e+03    2.57581e+02    1.84083e+03    2.69503e+03
     Coulomb-14        LJ (SR)  Disper. corr.   Coulomb (SR)   Coul. recip.
    7.74349e+03    9.29684e+04   -4.56626e+03   -6.34749e+05    2.94987e+03
 Position Rest.      Potential    Kinetic En.   Total Energy  Conserved En.
    5.01696e+02   -5.25165e+05    8.60750e+04   -4.39090e+05   -4.35415e+05
    Temperature Pres. DC (bar) Pressure (bar)   Constr. rmsd
    3.01127e+02   -2.26162e+02   -1.31073e+02    3.03277e-06

           Step           Time
          33500       67.00000

   Energies (kJ/mol)
           Bond          Angle    Proper Dih. Ryckaert-Bell.          LJ-14
    1.35499e+03    3.62793e+03    2.58308e+02    1.84177e+03    2.66424e+03
     Coulomb-14        LJ (SR)  Disper. corr.   Coulomb (SR)   Coul. recip.
    7.73282e+03    9.39026e+04   -4.58079e+03   -6.36364e+05    2.84436e+03
 Position Rest.      Potential    Kinetic En.   Total Energy  Conserved En.
    4.40101e+02   -5.26278e+05    8.56490e+04   -4.40629e+05   -4.35410e+05
    Temperature Pres. DC (bar) Pressure (bar)   Constr. rmsd
    2.99637e+02   -2.27602e+02   -6.59569e-01    2.90266e-06

           Step           Time
          34000       68.00000

   Energies (kJ/mol)
           Bond          Angle    Proper Dih. Ryckaert-Bell.          LJ-14
    1.56254e+03    3.87838e+03    2.21630e+02    1.83217e+03    2.65801e+03
     Coulomb-14        LJ (SR)  Disper. corr.   Coulomb (SR)   Coul. recip.
    7.68126e+03    9.36129e+04   -4.56517e+03   -6.33678e+05    2.88374e+03
 Position Rest.      Potential    Kinetic En.   Total Energy  Conserved En.
    4.62105e+02   -5.23451e+05    8.66688e+04   -4.36782e+05   -4.35410e+05
    Temperature Pres. DC (bar) Pressure (bar)   Constr. rmsd
    3.03204e+02   -2.26054e+02    5.25896e+01    2.84793e-06

           Step           Time
          34500       69.00000

   Energies (kJ/mol)
           Bond          Angle    Proper Dih. Ryckaert-Bell.          LJ-14
    1.47702e+03    3.69918e+03    2.42633e+02    1.79204e+03    2.64622e+03
     Coulomb-14        LJ (SR)  Disper. corr.   Coulomb (SR)   Coul. recip.
    7.73796e+03    9.33279e+04   -4.54431e+03   -6.34102e+05    2.86757e+03
 Position Rest.      Potential    Kinetic En.   Total Energy  Conserved En.
    4.77493e+02   -5.24378e+05    8.57809e+04   -4.38597e+05   -4.35381e+05
    Temperature Pres. DC (bar) Pressure (bar)   Constr. rmsd
    3.00098e+02   -2.23995e+02   -1.74213e+02    2.86933e-06

           Step           Time
          35000       70.00000

   Energies (kJ/mol)
           Bond          Angle    Proper Dih. Ryckaert-Bell.          LJ-14
    1.43645e+03    3.61686e+03    2.06937e+02    1.77746e+03    2.73652e+03
     Coulomb-14        LJ (SR)  Disper. corr.   Coulomb (SR)   Coul. recip.
    7.72576e+03    9.56526e+04   -4.60323e+03   -6.36713e+05    2.97518e+03
 Position Rest.      Potential    Kinetic En.   Total Energy  Conserved En.
    4.61457e+02   -5.24727e+05    8.60814e+04   -4.38646e+05   -4.35321e+05
    Temperature Pres. DC (bar) Pressure (bar)   Constr. rmsd
    3.01149e+02   -2.29835e+02    4.23831e+02    3.29725e-06

           Step           Time
          35500       71.00000

   Energies (kJ/mol)
           Bond          Angle    Proper Dih. Ryckaert-Bell.          LJ-14
    1.43407e+03    3.81522e+03    2.51083e+02    1.89703e+03    2.75209e+03
     Coulomb-14        LJ (SR)  Disper. corr.   Coulomb (SR)   Coul. recip.
    7.75811e+03    9.26330e+04   -4.53420e+03   -6.31783e+05    2.93468e+03
 Position Rest.      Potential    Kinetic En.   Total Energy  Conserved En.
    4.54276e+02   -5.22387e+05    8.59644e+04   -4.36423e+05   -4.35234e+05
    Temperature Pres. DC (bar) Pressure (bar)   Constr. rmsd
    3.00740e+02   -2.23001e+02   -7.81647e+01    2.69683e-06

           Step           Time
          36000       72.00000

   Energies (kJ/mol)
           Bond          Angle    Proper Dih. Ryckaert-Bell.          LJ-14
    1.35339e+03    3.69602e+03    2.36594e+02    1.92282e+03    2.63643e+03
     Coulomb-14        LJ (SR)  Disper. corr.   Coulomb (SR)   Coul. recip.
    7.72490e+03    9.29668e+04   -4.54397e+03   -6.32961e+05    2.91639e+03
 Position Rest.      Potential    Kinetic En.   Total Energy  Conserved En.
    4.42081e+02   -5.23610e+05    8.53063e+04   -4.38303e+05   -4.35191e+05
    Temperature Pres. DC (bar) Pressure (bar)   Constr. rmsd
    2.98438e+02   -2.23962e+02   -1.74250e+02    2.90547e-06

           Step           Time
          36500       73.00000

   Energies (kJ/mol)
           Bond          Angle    Proper Dih. Ryckaert-Bell.          LJ-14
    1.40195e+03    3.76814e+03    2.37489e+02    1.83262e+03    2.60975e+03
     Coulomb-14        LJ (SR)  Disper. corr.   Coulomb (SR)   Coul. recip.
    7.75500e+03    9.50930e+04   -4.60287e+03   -6.37451e+05    2.94896e+03
 Position Rest.      Potential    Kinetic En.   Total Energy  Conserved En.
    4.76255e+02   -5.25931e+05    8.54738e+04   -4.40457e+05   -4.35118e+05
    Temperature Pres. DC (bar) Pressure (bar)   Constr. rmsd
    2.99024e+02   -2.29799e+02    3.53455e+02    2.99847e-06

           Step           Time
          37000       74.00000

   Energies (kJ/mol)
           Bond          Angle    Proper Dih. Ryckaert-Bell.          LJ-14
    1.48325e+03    3.75690e+03    2.59814e+02    1.81125e+03    2.65614e+03
     Coulomb-14        LJ (SR)  Disper. corr.   Coulomb (SR)   Coul. recip.
    7.73707e+03    9.24148e+04   -4.53230e+03   -6.33894e+05    2.89624e+03
 Position Rest.      Potential    Kinetic En.   Total Energy  Conserved En.
    4.26082e+02   -5.24984e+05    8.61044e+04   -4.38880e+05   -4.35033e+05
    Temperature Pres. DC (bar) Pressure (bar)   Constr. rmsd
    3.01230e+02   -2.22815e+02   -3.10045e+02    2.72360e-06

           Step           Time
          37500       75.00000

   Energies (kJ/mol)
           Bond          Angle    Proper Dih. Ryckaert-Bell.          LJ-14
    1.48916e+03    3.67737e+03    2.29189e+02    1.88445e+03    2.68353e+03
     Coulomb-14        LJ (SR)  Disper. corr.   Coulomb (SR)   Coul. recip.
    7.79405e+03    9.28407e+04   -4.54103e+03   -6.33763e+05    2.93405e+03
 Position Rest.      Potential    Kinetic En.   Total Energy  Conserved En.
    4.91561e+02   -5.24280e+05    8.65334e+04   -4.37747e+05   -4.34881e+05
    Temperature Pres. DC (bar) Pressure (bar)   Constr. rmsd
    3.02731e+02   -2.23673e+02   -2.14617e+02    2.74616e-06

           Step           Time
          38000       76.00000

   Energies (kJ/mol)
           Bond          Angle    Proper Dih. Ryckaert-Bell.          LJ-14
    1.39393e+03    3.61643e+03    2.69986e+02    1.79616e+03    2.71686e+03
     Coulomb-14        LJ (SR)  Disper. corr.   Coulomb (SR)   Coul. recip.
    7.78313e+03    9.39566e+04   -4.57909e+03   -6.35294e+05    2.96358e+03
 Position Rest.      Potential    Kinetic En.   Total Energy  Conserved En.
    4.37999e+02   -5.24939e+05    8.47029e+04   -4.40236e+05   -4.34822e+05
    Temperature Pres. DC (bar) Pressure (bar)   Constr. rmsd
    2.96327e+02   -2.27433e+02    2.02336e+01    2.72010e-06

           Step           Time
          38500       77.00000

   Energies (kJ/mol)
           Bond          Angle    Proper Dih. Ryckaert-Bell.          LJ-14
    1.43586e+03    3.73937e+03    2.53256e+02    1.79640e+03    2.62167e+03
     Coulomb-14        LJ (SR)  Disper. corr.   Coulomb (SR)   Coul. recip.
    7.70740e+03    9.33107e+04   -4.54785e+03   -6.33454e+05    2.99625e+03
 Position Rest.      Potential    Kinetic En.   Total Energy  Conserved En.
    4.46243e+02   -5.23695e+05    8.50168e+04   -4.38678e+05   -4.34779e+05
    Temperature Pres. DC (bar) Pressure (bar)   Constr. rmsd
    2.97425e+02   -2.24344e+02    5.35142e+01    2.58954e-06

           Step           Time
          39000       78.00000

   Energies (kJ/mol)
           Bond          Angle    Proper Dih. Ryckaert-Bell.          LJ-14
    1.45278e+03    3.72480e+03    2.45039e+02    1.80810e+03    2.70689e+03
     Coulomb-14        LJ (SR)  Disper. corr.   Coulomb (SR)   Coul. recip.
    7.72908e+03    9.27242e+04   -4.54030e+03   -6.33640e+05    2.91639e+03
 Position Rest.      Potential    Kinetic En.   Total Energy  Conserved En.
    5.08034e+02   -5.24365e+05    8.64763e+04   -4.37889e+05   -4.34785e+05
    Temperature Pres. DC (bar) Pressure (bar)   Constr. rmsd
    3.02531e+02   -2.23601e+02   -1.32589e+02    2.75999e-06

           Step           Time
          39500       79.00000

   Energies (kJ/mol)
           Bond          Angle    Proper Dih. Ryckaert-Bell.          LJ-14
    1.46912e+03    3.74063e+03    2.65757e+02    1.84455e+03    2.64725e+03
     Coulomb-14        LJ (SR)  Disper. corr.   Coulomb (SR)   Coul. recip.
    7.75820e+03    9.48903e+04   -4.57056e+03   -6.36362e+05    2.93912e+03
 Position Rest.      Potential    Kinetic En.   Total Energy  Conserved En.
    4.57601e+02   -5.24920e+05    8.56158e+04   -4.39305e+05   -4.34737e+05
    Temperature Pres. DC (bar) Pressure (bar)   Constr. rmsd
    2.99521e+02   -2.26588e+02    2.56698e+02    3.00374e-06

           Step           Time
          40000       80.00000

   Energies (kJ/mol)
           Bond          Angle    Proper Dih. Ryckaert-Bell.          LJ-14
    1.31912e+03    3.68670e+03    2.48786e+02    1.88733e+03    2.59957e+03
     Coulomb-14        LJ (SR)  Disper. corr.   Coulomb (SR)   Coul. recip.
    7.70006e+03    9.23968e+04   -4.53696e+03   -6.32368e+05    2.97241e+03
 Position Rest.      Potential    Kinetic En.   Total Energy  Conserved En.
    4.86617e+02   -5.23607e+05    8.51903e+04   -4.38417e+05   -4.34743e+05
    Temperature Pres. DC (bar) Pressure (bar)   Constr. rmsd
    2.98032e+02   -2.23272e+02   -1.34056e+02    2.72700e-06

           Step           Time
          40500       81.00000

   Energies (kJ/mol)
           Bond          Angle    Proper Dih. Ryckaert-Bell.          LJ-14
    1.34059e+03    3.68933e+03    2.65083e+02    1.87927e+03    2.60893e+03
     Coulomb-14        LJ (SR)  Disper. corr.   Coulomb (SR)   Coul. recip.
    7.71366e+03    9.44969e+04   -4.57984e+03   -6.36119e+05    2.85835e+03
 Position Rest.      Potential    Kinetic En.   Total Energy  Conserved En.
    4.75613e+02   -5.25371e+05    8.55739e+04   -4.39797e+05   -4.34709e+05
    Temperature Pres. DC (bar) Pressure (bar)   Constr. rmsd
    2.99374e+02   -2.27508e+02    9.91893e+01    3.02706e-06

           Step           Time
          41000       82.00000

   Energies (kJ/mol)
           Bond          Angle    Proper Dih. Ryckaert-Bell.          LJ-14
    1.34279e+03    3.57937e+03    2.55217e+02    1.83669e+03    2.71983e+03
     Coulomb-14        LJ (SR)  Disper. corr.   Coulomb (SR)   Coul. recip.
    7.77844e+03    9.41042e+04   -4.57798e+03   -6.36069e+05    2.93153e+03
 Position Rest.      Potential    Kinetic En.   Total Energy  Conserved En.
    4.55694e+02   -5.25643e+05    8.58460e+04   -4.39797e+05   -4.34706e+05
    Temperature Pres. DC (bar) Pressure (bar)   Constr. rmsd
    3.00326e+02   -2.27323e+02    1.42997e+02    2.96252e-06

           Step           Time
          41500       83.00000

   Energies (kJ/mol)
           Bond          Angle    Proper Dih. Ryckaert-Bell.          LJ-14
    1.43457e+03    3.75181e+03    2.40039e+02    1.86277e+03    2.74851e+03
     Coulomb-14        LJ (SR)  Disper. corr.   Coulomb (SR)   Coul. recip.
    7.80987e+03    9.20099e+04   -4.55143e+03   -6.33148e+05    2.94552e+03
 Position Rest.      Potential    Kinetic En.   Total Energy  Conserved En.
    4.72444e+02   -5.24424e+05    8.55351e+04   -4.38888e+05   -4.34686e+05
    Temperature Pres. DC (bar) Pressure (bar)   Constr. rmsd
    2.99238e+02   -2.24697e+02   -1.60265e+02    2.55620e-06

           Step           Time
          42000       84.00000

   Energies (kJ/mol)
           Bond          Angle    Proper Dih. Ryckaert-Bell.          LJ-14
    1.48529e+03    3.85642e+03    2.19282e+02    1.74820e+03    2.68482e+03
     Coulomb-14        LJ (SR)  Disper. corr.   Coulomb (SR)   Coul. recip.
    7.73494e+03    9.30911e+04   -4.55175e+03   -6.33484e+05    2.93448e+03
 Position Rest.      Potential    Kinetic En.   Total Energy  Conserved En.
    4.75952e+02   -5.23805e+05    8.49762e+04   -4.38829e+05   -4.34662e+05
    Temperature Pres. DC (bar) Pressure (bar)   Constr. rmsd
    2.97283e+02   -2.24729e+02   -4.28990e+01    2.66901e-06

           Step           Time
          42500       85.00000

   Energies (kJ/mol)
           Bond          Angle    Proper Dih. Ryckaert-Bell.          LJ-14
    1.48137e+03    3.73159e+03    2.45577e+02    1.72702e+03    2.70365e+03
     Coulomb-14        LJ (SR)  Disper. corr.   Coulomb (SR)   Coul. recip.
    7.79752e+03    9.34387e+04   -4.55605e+03   -6.33639e+05    2.98893e+03
 Position Rest.      Potential    Kinetic En.   Total Energy  Conserved En.
    4.75887e+02   -5.23605e+05    8.50611e+04   -4.38544e+05   -4.34647e+05
    Temperature Pres. DC (bar) Pressure (bar)   Constr. rmsd
    2.97580e+02   -2.25153e+02    5.07726e+01    2.73135e-06

           Step           Time
          43000       86.00000

   Energies (kJ/mol)
           Bond          Angle    Proper Dih. Ryckaert-Bell.          LJ-14
    1.43333e+03    3.63870e+03    2.68825e+02    1.80873e+03    2.67487e+03
     Coulomb-14        LJ (SR)  Disper. corr.   Coulomb (SR)   Coul. recip.
    7.71622e+03    9.35713e+04   -4.56506e+03   -6.35236e+05    2.90608e+03
 Position Rest.      Potential    Kinetic En.   Total Energy  Conserved En.
    5.09945e+02   -5.25273e+05    8.53274e+04   -4.39946e+05   -4.34603e+05
    Temperature Pres. DC (bar) Pressure (bar)   Constr. rmsd
    2.98512e+02   -2.26043e+02   -2.27731e+01    2.92249e-06

           Step           Time
          43500       87.00000

   Energies (kJ/mol)
           Bond          Angle    Proper Dih. Ryckaert-Bell.          LJ-14
    1.53032e+03    3.81573e+03    2.40399e+02    1.76396e+03    2.57507e+03
     Coulomb-14        LJ (SR)  Disper. corr.   Coulomb (SR)   Coul. recip.
    7.73278e+03    9.47410e+04   -4.57334e+03   -6.36049e+05    2.87771e+03
 Position Rest.      Potential    Kinetic En.   Total Energy  Conserved En.
    4.72582e+02   -5.24873e+05    8.59881e+04   -4.38885e+05   -4.34605e+05
    Temperature Pres. DC (bar) Pressure (bar)   Constr. rmsd
    3.00823e+02   -2.26863e+02    1.50275e+02    2.51640e-06

           Step           Time
          44000       88.00000

   Energies (kJ/mol)
           Bond          Angle    Proper Dih. Ryckaert-Bell.          LJ-14
    1.41323e+03    3.72554e+03    2.56670e+02    1.88280e+03    2.68612e+03
     Coulomb-14        LJ (SR)  Disper. corr.   Coulomb (SR)   Coul. recip.
    7.72478e+03    9.28888e+04   -4.53599e+03   -6.33610e+05    2.96202e+03
 Position Rest.      Potential    Kinetic En.   Total Energy  Conserved En.
    5.00199e+02   -5.24106e+05    8.52348e+04   -4.38871e+05   -4.34611e+05
    Temperature Pres. DC (bar) Pressure (bar)   Constr. rmsd
    2.98188e+02   -2.23177e+02   -1.35838e+02    2.82236e-06

           Step           Time
          44500       89.00000

   Energies (kJ/mol)
           Bond          Angle    Proper Dih. Ryckaert-Bell.          LJ-14
    1.47147e+03    3.73006e+03    2.45178e+02    1.85431e+03    2.62734e+03
     Coulomb-14        LJ (SR)  Disper. corr.   Coulomb (SR)   Coul. recip.
    7.72765e+03    9.33603e+04   -4.56889e+03   -6.34093e+05    2.99867e+03
 Position Rest.      Potential    Kinetic En.   Total Energy  Conserved En.
    4.95153e+02   -5.24152e+05    8.63898e+04   -4.37762e+05   -4.34603e+05
    Temperature Pres. DC (bar) Pressure (bar)   Constr. rmsd
    3.02228e+02   -2.26422e+02   -4.41878e+01    3.29447e-06

           Step           Time
          45000       90.00000

   Energies (kJ/mol)
           Bond          Angle    Proper Dih. Ryckaert-Bell.          LJ-14
    1.34540e+03    3.87513e+03    2.59193e+02    1.94495e+03    2.69207e+03
     Coulomb-14        LJ (SR)  Disper. corr.   Coulomb (SR)   Coul. recip.
    7.81152e+03    9.38235e+04   -4.56107e+03   -6.34229e+05    2.87973e+03
 Position Rest.      Potential    Kinetic En.   Total Energy  Conserved En.
    5.16229e+02   -5.23642e+05    8.60251e+04   -4.37617e+05   -4.34599e+05
    Temperature Pres. DC (bar) Pressure (bar)   Constr. rmsd
    3.00952e+02   -2.25649e+02    6.64594e+01    2.98706e-06

           Step           Time
          45500       91.00000

   Energies (kJ/mol)
           Bond          Angle    Proper Dih. Ryckaert-Bell.          LJ-14
    1.47567e+03    3.68298e+03    2.28519e+02    1.80536e+03    2.66751e+03
     Coulomb-14        LJ (SR)  Disper. corr.   Coulomb (SR)   Coul. recip.
    7.85742e+03    9.23045e+04   -4.52079e+03   -6.32947e+05    3.03195e+03
 Position Rest.      Potential    Kinetic En.   Total Energy  Conserved En.
    4.52977e+02   -5.23961e+05    8.56443e+04   -4.38316e+05   -4.34549e+05
    Temperature Pres. DC (bar) Pressure (bar)   Constr. rmsd
    2.99620e+02   -2.21686e+02   -3.28501e+02    2.96130e-06

           Step           Time
          46000       92.00000

   Energies (kJ/mol)
           Bond          Angle    Proper Dih. Ryckaert-Bell.          LJ-14
    1.45479e+03    3.67003e+03    2.79731e+02    1.92595e+03    2.64043e+03
     Coulomb-14        LJ (SR)  Disper. corr.   Coulomb (SR)   Coul. recip.
    7.67409e+03    9.37165e+04   -4.59773e+03   -6.35195e+05    2.92262e+03
 Position Rest.      Potential    Kinetic En.   Total Energy  Conserved En.
    4.42547e+02   -5.25066e+05    8.54359e+04   -4.39630e+05   -4.34449e+05
    Temperature Pres. DC (bar) Pressure (bar)   Constr. rmsd
    2.98891e+02   -2.29286e+02    6.01810e+01    2.81825e-06

           Step           Time
          46500       93.00000

   Energies (kJ/mol)
           Bond          Angle    Proper Dih. Ryckaert-Bell.          LJ-14
    1.35734e+03    3.86560e+03    2.30132e+02    1.87119e+03    2.63670e+03
     Coulomb-14        LJ (SR)  Disper. corr.   Coulomb (SR)   Coul. recip.
    7.78108e+03    9.20773e+04   -4.54769e+03   -6.31994e+05    2.96060e+03
 Position Rest.      Potential    Kinetic En.   Total Energy  Conserved En.
    4.99951e+02   -5.23262e+05    8.52104e+04   -4.38051e+05   -4.34414e+05
    Temperature Pres. DC (bar) Pressure (bar)   Constr. rmsd
    2.98102e+02   -2.24328e+02   -2.91104e+02    3.11851e-06

           Step           Time
          47000       94.00000

   Energies (kJ/mol)
           Bond          Angle    Proper Dih. Ryckaert-Bell.          LJ-14
    1.42674e+03    3.72319e+03    2.90859e+02    1.79215e+03    2.67115e+03
     Coulomb-14        LJ (SR)  Disper. corr.   Coulomb (SR)   Coul. recip.
    7.75107e+03    9.23090e+04   -4.56138e+03   -6.32076e+05    2.95523e+03
 Position Rest.      Potential    Kinetic En.   Total Energy  Conserved En.
    4.93324e+02   -5.23225e+05    8.55857e+04   -4.37639e+05   -4.34362e+05
    Temperature Pres. DC (bar) Pressure (bar)   Constr. rmsd
    2.99415e+02   -2.25679e+02   -2.18784e+02    2.50548e-06

           Step           Time
          47500       95.00000

   Energies (kJ/mol)
           Bond          Angle    Proper Dih. Ryckaert-Bell.          LJ-14
    1.53548e+03    3.88080e+03    2.50373e+02    1.74790e+03    2.63445e+03
     Coulomb-14        LJ (SR)  Disper. corr.   Coulomb (SR)   Coul. recip.
    7.78278e+03    9.36528e+04   -4.57973e+03   -6.34991e+05    2.90804e+03
 Position Rest.      Potential    Kinetic En.   Total Energy  Conserved En.
    5.05570e+02   -5.24672e+05    8.66262e+04   -4.38046e+05   -4.34348e+05
    Temperature Pres. DC (bar) Pressure (bar)   Constr. rmsd
    3.03055e+02   -2.27496e+02   -4.00280e+01    2.83607e-06

           Step           Time
          48000       96.00000

   Energies (kJ/mol)
           Bond          Angle    Proper Dih. Ryckaert-Bell.          LJ-14
    1.40976e+03    3.88437e+03    2.42858e+02    1.85178e+03    2.71769e+03
     Coulomb-14        LJ (SR)  Disper. corr.   Coulomb (SR)   Coul. recip.
    7.74274e+03    9.42586e+04   -4.53257e+03   -6.34592e+05    3.00674e+03
 Position Rest.      Potential    Kinetic En.   Total Energy  Conserved En.
    5.01460e+02   -5.23509e+05    8.67982e+04   -4.36711e+05   -4.34288e+05
    Temperature Pres. DC (bar) Pressure (bar)   Constr. rmsd
    3.03657e+02   -2.22841e+02    1.23491e+02    3.27570e-06

           Step           Time
          48500       97.00000

   Energies (kJ/mol)
           Bond          Angle    Proper Dih. Ryckaert-Bell.          LJ-14
    1.59243e+03    3.81950e+03    2.18334e+02    1.82160e+03    2.62633e+03
     Coulomb-14        LJ (SR)  Disper. corr.   Coulomb (SR)   Coul. recip.
    7.65518e+03    9.28182e+04   -4.55987e+03   -6.33102e+05    3.06844e+03
 Position Rest.      Potential    Kinetic En.   Total Energy  Conserved En.
    4.19300e+02   -5.23622e+05    8.59605e+04   -4.37662e+05   -4.34243e+05
    Temperature Pres. DC (bar) Pressure (bar)   Constr. rmsd
    3.00726e+02   -2.25530e+02   -1.86360e+02    2.64008e-06

           Step           Time
          49000       98.00000

   Energies (kJ/mol)
           Bond          Angle    Proper Dih. Ryckaert-Bell.          LJ-14
    1.41774e+03    3.75027e+03    2.24301e+02    1.78689e+03    2.62963e+03
     Coulomb-14        LJ (SR)  Disper. corr.   Coulomb (SR)   Coul. recip.
    7.70422e+03    9.36909e+04   -4.58974e+03   -6.34497e+05    2.92137e+03
 Position Rest.      Potential    Kinetic En.   Total Energy  Conserved En.
    4.85249e+02   -5.24476e+05    8.50124e+04   -4.39463e+05   -4.34250e+05
    Temperature Pres. DC (bar) Pressure (bar)   Constr. rmsd
    2.97409e+02   -2.28491e+02    8.40369e+00    2.79521e-06

           Step           Time
          49500       99.00000

   Energies (kJ/mol)
           Bond          Angle    Proper Dih. Ryckaert-Bell.          LJ-14
    1.42221e+03    3.73622e+03    2.45779e+02    1.82523e+03    2.73644e+03
     Coulomb-14        LJ (SR)  Disper. corr.   Coulomb (SR)   Coul. recip.
    7.77088e+03    9.24291e+04   -4.52417e+03   -6.33558e+05    2.91695e+03
 Position Rest.      Potential    Kinetic En.   Total Energy  Conserved En.
    4.85252e+02   -5.24514e+05    8.68467e+04   -4.37667e+05   -4.34229e+05
    Temperature Pres. DC (bar) Pressure (bar)   Constr. rmsd
    3.03827e+02   -2.22016e+02   -2.89254e+02    2.90481e-06

           Step           Time
          50000      100.00000

Writing checkpoint, step 50000 at Thu Oct  3 15:21:06 2024


   Energies (kJ/mol)
           Bond          Angle    Proper Dih. Ryckaert-Bell.          LJ-14
    1.32075e+03    3.67794e+03    2.61436e+02    1.86066e+03    2.76301e+03
     Coulomb-14        LJ (SR)  Disper. corr.   Coulomb (SR)   Coul. recip.
    7.77425e+03    9.38642e+04   -4.55330e+03   -6.35358e+05    2.93411e+03
 Position Rest.      Potential    Kinetic En.   Total Energy  Conserved En.
    4.81799e+02   -5.24973e+05    8.58460e+04   -4.39127e+05   -4.34153e+05
    Temperature Pres. DC (bar) Pressure (bar)   Constr. rmsd
    3.00326e+02   -2.24881e+02    1.45027e+02    2.84794e-06


Energy conservation over simulation part #1 of length 100 ps, time 0 to 100 ps
  Conserved energy drift: 8.96e-04 kJ/mol/ps per atom


	<======  ###############  ==>
	<====  A V E R A G E S  ====>
	<==  ###############  ======>

	Statistics over 50001 steps using 501 frames

   Energies (kJ/mol)
           Bond          Angle    Proper Dih. Ryckaert-Bell.          LJ-14
    1.44630e+03    3.72456e+03    2.47460e+02    1.84127e+03    2.67592e+03
     Coulomb-14        LJ (SR)  Disper. corr.   Coulomb (SR)   Coul. recip.
    7.76149e+03    9.34787e+04   -4.56116e+03   -6.34354e+05    2.93953e+03
 Position Rest.      Potential    Kinetic En.   Total Energy  Conserved En.
    4.69558e+02   -5.24330e+05    8.57683e+04   -4.38562e+05   -4.35657e+05
    Temperature Pres. DC (bar) Pressure (bar)   Constr. rmsd
    3.00054e+02   -2.25662e+02    9.15699e-02    0.00000e+00

          Box-X          Box-Y          Box-Z
    6.95235e+00    6.95235e+00    6.95235e+00

   Total Virial (kJ/mol)
    2.85841e+04    3.04833e+01    4.25411e+01
    3.04097e+01    2.86257e+04    9.35918e+01
    4.24171e+01    9.35549e+01    2.85716e+04

   Pressure (bar)
    8.93953e-01   -1.43798e+00   -4.41067e+00
   -1.43072e+00   -3.54836e+00   -9.02022e+00
   -4.39843e+00   -9.01657e+00    2.92912e+00

      T-Protein  T-non-Protein
    2.99905e+02    3.00065e+02


	M E G A - F L O P S   A C C O U N T I N G

 NB=Group-cutoff nonbonded kernels    NxN=N-by-N cluster Verlet kernels
 RF=Reaction-Field  VdW=Van der Waals  QSTab=quadratic-spline table
 W3=SPC/TIP3p  W4=TIP4p (single or pairs)
 V&F=Potential and force  V=Potential only  F=Force only

 Computing:                               M-Number         M-Flops  % Flops
-----------------------------------------------------------------------------
 Pair Search distance check           14983.856086      134854.705     0.2
 NxN Ewald Elec. + LJ [F]            524969.141376    34647963.331    51.8
 NxN Ewald Elec. + LJ [V&F]            5313.203824      568512.809     0.8
 NxN Ewald Elec. [F]                 467636.272128    28525812.600    42.6
 NxN Ewald Elec. [V&F]                 4732.901392      397563.717     0.6
 1,4 nonbonded interactions             255.305106       22977.460     0.0
 Calc Weights                          5081.501628      182934.059     0.3
 Spread Q Bspline                    108405.368064      216810.736     0.3
 Gather F Bspline                    108405.368064      650432.208     1.0
 3D-FFT                              139519.590336     1116156.723     1.7
 Solve PME                             2226.444528      142492.450     0.2
 Reset In Box                            33.876000         101.628     0.0
 CG-CoM                                  33.909876         101.730     0.0
 Bonds                                   51.251025        3023.810     0.0
 Angles                                 177.353547       29795.396     0.0
 Propers                                 21.300426        4877.798     0.0
 RB-Dihedrals                           197.503950       48783.476     0.1
 Pos. Restr.                             50.051001        2502.550     0.0
 Virial                                  33.954921         611.189     0.0
 Stop-CM                                 16.971876         169.719     0.0
 Calc-Ekin                              338.827752        9148.349     0.0
 Lincs                                   47.950959        2877.058     0.0
 Lincs-Mat                              238.804776         955.219     0.0
 Constraint-V                          1691.333826       15222.004     0.0
 Constraint-Vir                          32.899867         789.597     0.0
 Settle                                 531.810636      196769.935     0.3
-----------------------------------------------------------------------------
 Total                                                66922240.254   100.0
-----------------------------------------------------------------------------


    D O M A I N   D E C O M P O S I T I O N   S T A T I S T I C S

 av. #atoms communicated per step for force:  2 x 0.0


      R E A L   C Y C L E   A N D   T I M E   A C C O U N T I N G

On 1 MPI rank, each using 2 OpenMP threads

 Activity:              Num   Num      Call    Wall time         Giga-Cycles
                        Ranks Threads  Count      (s)         total sum    %
--------------------------------------------------------------------------------
 Domain decomp.            1    2       1000       4.211         28.701   0.7
 Neighbor search           1    2       1001      22.684        154.615   3.5
 Force                     1    2      50001     488.782       3331.535  75.8
 PME mesh                  1    2      50001     103.681        706.691  16.1
 NB X/F buffer ops.        1    2      99001       6.521         44.447   1.0
 Write traj.               1    2        101       0.833          5.676   0.1
 Update                    1    2      50001       6.883         46.914   1.1
 Constraints               1    2      50001       8.526         58.111   1.3
 Rest                                              2.547         17.361   0.4
--------------------------------------------------------------------------------
 Total                                           644.667       4394.051 100.0
--------------------------------------------------------------------------------
 Breakdown of PME mesh activities
--------------------------------------------------------------------------------
 PME spread                1    2      50001      49.832        339.656   7.7
 PME gather                1    2      50001      28.583        194.820   4.4
 PME 3D-FFT                1    2     100002      22.381        152.547   3.5
 PME solve Elec            1    2      50001       2.618         17.842   0.4
--------------------------------------------------------------------------------

               Core t (s)   Wall t (s)        (%)
       Time:     1289.334      644.667      200.0
                 (ns/day)    (hour/ns)
Performance:       13.403        1.791
Finished mdrun on rank 0 Thu Oct  3 15:21:06 2024

